{"/root/zhitoujianli/frontend/src/App.tsx": {"path":"/root/zhitoujianli/frontend/src/App.tsx","statementMap":{"0":{"start":{"line":18,"column":27},"end":{"line":32,"column":1}},"1":{"start":{"line":19,"column":2},"end":{"line":31,"column":4}},"2":{"start":{"line":35,"column":33},"end":{"line":64,"column":1}},"3":{"start":{"line":36,"column":2},"end":{"line":54,"column":9}},"4":{"start":{"line":38,"column":18},"end":{"line":38,"column":47}},"5":{"start":{"line":39,"column":4},"end":{"line":53,"column":5}},"6":{"start":{"line":41,"column":18},"end":{"line":41,"column":56}},"7":{"start":{"line":42,"column":6},"end":{"line":42,"column":33}},"8":{"start":{"line":44,"column":6},"end":{"line":44,"column":33}},"9":{"start":{"line":48,"column":6},"end":{"line":52,"column":7}},"10":{"start":{"line":49,"column":8},"end":{"line":49,"column":40}},"11":{"start":{"line":51,"column":8},"end":{"line":51,"column":40}},"12":{"start":{"line":56,"column":2},"end":{"line":63,"column":4}},"13":{"start":{"line":67,"column":2},"end":{"line":78,"column":4}}},"fnMap":{"0":{"name":"(anonymous_0)","decl":{"start":{"line":18,"column":27},"end":{"line":18,"column":28}},"loc":{"start":{"line":18,"column":33},"end":{"line":32,"column":1}},"line":18},"1":{"name":"(anonymous_1)","decl":{"start":{"line":35,"column":33},"end":{"line":35,"column":34}},"loc":{"start":{"line":35,"column":39},"end":{"line":64,"column":1}},"line":35},"2":{"name":"(anonymous_2)","decl":{"start":{"line":36,"column":18},"end":{"line":36,"column":19}},"loc":{"start":{"line":36,"column":24},"end":{"line":54,"column":3}},"line":36},"3":{"name":"App","decl":{"start":{"line":66,"column":9},"end":{"line":66,"column":12}},"loc":{"start":{"line":66,"column":15},"end":{"line":79,"column":1}},"line":66}},"branchMap":{"0":{"loc":{"start":{"line":39,"column":4},"end":{"line":53,"column":5}},"type":"if","locations":[{"start":{"line":39,"column":4},"end":{"line":53,"column":5}},{"start":{"line":45,"column":11},"end":{"line":53,"column":5}}],"line":39},"1":{"loc":{"start":{"line":48,"column":6},"end":{"line":52,"column":7}},"type":"if","locations":[{"start":{"line":48,"column":6},"end":{"line":52,"column":7}},{"start":{"line":50,"column":13},"end":{"line":52,"column":7}}],"line":48}},"s":{"0":0,"1":0,"2":0,"3":0,"4":0,"5":0,"6":0,"7":0,"8":0,"9":0,"10":0,"11":0,"12":0,"13":0},"f":{"0":0,"1":0,"2":0,"3":0},"b":{"0":[0,0],"1":[0,0]}}
,"/root/zhitoujianli/frontend/src/index.tsx": {"path":"/root/zhitoujianli/frontend/src/index.tsx","statementMap":{"0":{"start":{"line":7,"column":13},"end":{"line":9,"column":1}},"1":{"start":{"line":10,"column":0},"end":{"line":14,"column":2}},"2":{"start":{"line":19,"column":0},"end":{"line":19,"column":18}}},"fnMap":{},"branchMap":{},"s":{"0":0,"1":0,"2":0},"f":{},"b":{}}
,"/root/zhitoujianli/frontend/src/reportWebVitals.ts": {"path":"/root/zhitoujianli/frontend/src/reportWebVitals.ts","statementMap":{"0":{"start":{"line":3,"column":24},"end":{"line":13,"column":1}},"1":{"start":{"line":4,"column":2},"end":{"line":12,"column":3}},"2":{"start":{"line":5,"column":4},"end":{"line":11,"column":7}},"3":{"start":{"line":6,"column":6},"end":{"line":6,"column":26}},"4":{"start":{"line":7,"column":6},"end":{"line":7,"column":26}},"5":{"start":{"line":8,"column":6},"end":{"line":8,"column":26}},"6":{"start":{"line":9,"column":6},"end":{"line":9,"column":26}},"7":{"start":{"line":10,"column":6},"end":{"line":10,"column":27}}},"fnMap":{"0":{"name":"(anonymous_0)","decl":{"start":{"line":3,"column":24},"end":{"line":3,"column":25}},"loc":{"start":{"line":3,"column":57},"end":{"line":13,"column":1}},"line":3},"1":{"name":"(anonymous_1)","decl":{"start":{"line":5,"column":30},"end":{"line":5,"column":31}},"loc":{"start":{"line":5,"column":79},"end":{"line":11,"column":5}},"line":5}},"branchMap":{"0":{"loc":{"start":{"line":4,"column":2},"end":{"line":12,"column":3}},"type":"if","locations":[{"start":{"line":4,"column":2},"end":{"line":12,"column":3}},{"start":{},"end":{}}],"line":4},"1":{"loc":{"start":{"line":4,"column":6},"end":{"line":4,"column":52}},"type":"binary-expr","locations":[{"start":{"line":4,"column":6},"end":{"line":4,"column":17}},{"start":{"line":4,"column":21},"end":{"line":4,"column":52}}],"line":4}},"s":{"0":0,"1":0,"2":0,"3":0,"4":0,"5":0,"6":0,"7":0},"f":{"0":0,"1":0},"b":{"0":[0,0],"1":[0,0]}}
,"/root/zhitoujianli/frontend/src/components/BlogSection.tsx": {"path":"/root/zhitoujianli/frontend/src/components/BlogSection.tsx","statementMap":{"0":{"start":{"line":3,"column":20},"end":{"line":148,"column":1}},"1":{"start":{"line":4,"column":2},"end":{"line":147,"column":4}}},"fnMap":{"0":{"name":"(anonymous_0)","decl":{"start":{"line":3,"column":20},"end":{"line":3,"column":21}},"loc":{"start":{"line":3,"column":26},"end":{"line":148,"column":1}},"line":3}},"branchMap":{},"s":{"0":0,"1":0},"f":{"0":0},"b":{}}
,"/root/zhitoujianli/frontend/src/components/BossDelivery.tsx": {"path":"/root/zhitoujianli/frontend/src/components/BossDelivery.tsx","statementMap":{"0":{"start":{"line":11,"column":31},"end":{"line":251,"column":1}},"1":{"start":{"line":12,"column":30},"end":{"line":12,"column":72}},"2":{"start":{"line":13,"column":32},"end":{"line":13,"column":47}},"3":{"start":{"line":14,"column":32},"end":{"line":14,"column":44}},"4":{"start":{"line":15,"column":26},"end":{"line":15,"column":48}},"5":{"start":{"line":16,"column":34},"end":{"line":16,"column":49}},"6":{"start":{"line":19,"column":22},"end":{"line":26,"column":3}},"7":{"start":{"line":20,"column":4},"end":{"line":25,"column":5}},"8":{"start":{"line":21,"column":25},"end":{"line":21,"column":58}},"9":{"start":{"line":22,"column":6},"end":{"line":22,"column":28}},"10":{"start":{"line":24,"column":6},"end":{"line":24,"column":38}},"11":{"start":{"line":29,"column":20},"end":{"line":38,"column":3}},"12":{"start":{"line":30,"column":4},"end":{"line":37,"column":5}},"13":{"start":{"line":31,"column":23},"end":{"line":31,"column":57}},"14":{"start":{"line":32,"column":6},"end":{"line":34,"column":7}},"15":{"start":{"line":33,"column":8},"end":{"line":33,"column":31}},"16":{"start":{"line":36,"column":6},"end":{"line":36,"column":38}},"17":{"start":{"line":41,"column":22},"end":{"line":61,"column":3}},"18":{"start":{"line":42,"column":4},"end":{"line":42,"column":21}},"19":{"start":{"line":43,"column":4},"end":{"line":43,"column":19}},"20":{"start":{"line":45,"column":4},"end":{"line":60,"column":5}},"21":{"start":{"line":46,"column":21},"end":{"line":46,"column":54}},"22":{"start":{"line":47,"column":6},"end":{"line":55,"column":7}},"23":{"start":{"line":48,"column":8},"end":{"line":48,"column":47}},"24":{"start":{"line":50,"column":8},"end":{"line":52,"column":17}},"25":{"start":{"line":51,"column":10},"end":{"line":51,"column":24}},"26":{"start":{"line":54,"column":8},"end":{"line":54,"column":46}},"27":{"start":{"line":57,"column":6},"end":{"line":57,"column":43}},"28":{"start":{"line":59,"column":6},"end":{"line":59,"column":24}},"29":{"start":{"line":64,"column":21},"end":{"line":84,"column":3}},"30":{"start":{"line":65,"column":4},"end":{"line":65,"column":21}},"31":{"start":{"line":66,"column":4},"end":{"line":66,"column":19}},"32":{"start":{"line":68,"column":4},"end":{"line":83,"column":5}},"33":{"start":{"line":69,"column":21},"end":{"line":69,"column":53}},"34":{"start":{"line":70,"column":6},"end":{"line":78,"column":7}},"35":{"start":{"line":71,"column":8},"end":{"line":71,"column":34}},"36":{"start":{"line":73,"column":8},"end":{"line":75,"column":17}},"37":{"start":{"line":74,"column":10},"end":{"line":74,"column":24}},"38":{"start":{"line":77,"column":8},"end":{"line":77,"column":46}},"39":{"start":{"line":80,"column":6},"end":{"line":80,"column":43}},"40":{"start":{"line":82,"column":6},"end":{"line":82,"column":24}},"41":{"start":{"line":87,"column":25},"end":{"line":90,"column":3}},"42":{"start":{"line":88,"column":4},"end":{"line":88,"column":22}},"43":{"start":{"line":89,"column":4},"end":{"line":89,"column":22}},"44":{"start":{"line":93,"column":2},"end":{"line":98,"column":9}},"45":{"start":{"line":94,"column":4},"end":{"line":94,"column":18}},"46":{"start":{"line":96,"column":21},"end":{"line":96,"column":52}},"47":{"start":{"line":97,"column":4},"end":{"line":97,"column":41}},"48":{"start":{"line":97,"column":17},"end":{"line":97,"column":40}},"49":{"start":{"line":100,"column":2},"end":{"line":250,"column":4}},"50":{"start":{"line":196,"column":27},"end":{"line":196,"column":78}},"51":{"start":{"line":203,"column":14},"end":{"line":203,"column":80}},"52":{"start":{"line":219,"column":31},"end":{"line":219,"column":49}},"53":{"start":{"line":229,"column":18},"end":{"line":231,"column":24}},"54":{"start":{"line":240,"column":31},"end":{"line":240,"column":49}}},"fnMap":{"0":{"name":"(anonymous_0)","decl":{"start":{"line":11,"column":31},"end":{"line":11,"column":32}},"loc":{"start":{"line":11,"column":37},"end":{"line":251,"column":1}},"line":11},"1":{"name":"(anonymous_1)","decl":{"start":{"line":19,"column":22},"end":{"line":19,"column":23}},"loc":{"start":{"line":19,"column":34},"end":{"line":26,"column":3}},"line":19},"2":{"name":"(anonymous_2)","decl":{"start":{"line":29,"column":20},"end":{"line":29,"column":21}},"loc":{"start":{"line":29,"column":32},"end":{"line":38,"column":3}},"line":29},"3":{"name":"(anonymous_3)","decl":{"start":{"line":41,"column":22},"end":{"line":41,"column":23}},"loc":{"start":{"line":41,"column":34},"end":{"line":61,"column":3}},"line":41},"4":{"name":"(anonymous_4)","decl":{"start":{"line":50,"column":19},"end":{"line":50,"column":20}},"loc":{"start":{"line":50,"column":25},"end":{"line":52,"column":9}},"line":50},"5":{"name":"(anonymous_5)","decl":{"start":{"line":64,"column":21},"end":{"line":64,"column":22}},"loc":{"start":{"line":64,"column":33},"end":{"line":84,"column":3}},"line":64},"6":{"name":"(anonymous_6)","decl":{"start":{"line":73,"column":19},"end":{"line":73,"column":20}},"loc":{"start":{"line":73,"column":25},"end":{"line":75,"column":9}},"line":73},"7":{"name":"(anonymous_7)","decl":{"start":{"line":87,"column":25},"end":{"line":87,"column":26}},"loc":{"start":{"line":87,"column":37},"end":{"line":90,"column":3}},"line":87},"8":{"name":"(anonymous_8)","decl":{"start":{"line":93,"column":12},"end":{"line":93,"column":13}},"loc":{"start":{"line":93,"column":18},"end":{"line":98,"column":3}},"line":93},"9":{"name":"(anonymous_9)","decl":{"start":{"line":97,"column":11},"end":{"line":97,"column":12}},"loc":{"start":{"line":97,"column":17},"end":{"line":97,"column":40}},"line":97},"10":{"name":"(anonymous_10)","decl":{"start":{"line":196,"column":21},"end":{"line":196,"column":22}},"loc":{"start":{"line":196,"column":27},"end":{"line":196,"column":78}},"line":196},"11":{"name":"(anonymous_11)","decl":{"start":{"line":202,"column":21},"end":{"line":202,"column":22}},"loc":{"start":{"line":203,"column":14},"end":{"line":203,"column":80}},"line":203},"12":{"name":"(anonymous_12)","decl":{"start":{"line":219,"column":25},"end":{"line":219,"column":26}},"loc":{"start":{"line":219,"column":31},"end":{"line":219,"column":49}},"line":219},"13":{"name":"(anonymous_13)","decl":{"start":{"line":228,"column":25},"end":{"line":228,"column":26}},"loc":{"start":{"line":229,"column":18},"end":{"line":231,"column":24}},"line":229},"14":{"name":"(anonymous_14)","decl":{"start":{"line":240,"column":25},"end":{"line":240,"column":26}},"loc":{"start":{"line":240,"column":31},"end":{"line":240,"column":49}},"line":240}},"branchMap":{"0":{"loc":{"start":{"line":32,"column":6},"end":{"line":34,"column":7}},"type":"if","locations":[{"start":{"line":32,"column":6},"end":{"line":34,"column":7}},{"start":{},"end":{}}],"line":32},"1":{"loc":{"start":{"line":32,"column":10},"end":{"line":32,"column":43}},"type":"binary-expr","locations":[{"start":{"line":32,"column":10},"end":{"line":32,"column":26}},{"start":{"line":32,"column":30},"end":{"line":32,"column":43}}],"line":32},"2":{"loc":{"start":{"line":47,"column":6},"end":{"line":55,"column":7}},"type":"if","locations":[{"start":{"line":47,"column":6},"end":{"line":55,"column":7}},{"start":{"line":53,"column":13},"end":{"line":55,"column":7}}],"line":47},"3":{"loc":{"start":{"line":70,"column":6},"end":{"line":78,"column":7}},"type":"if","locations":[{"start":{"line":70,"column":6},"end":{"line":78,"column":7}},{"start":{"line":76,"column":13},"end":{"line":78,"column":7}}],"line":70},"4":{"loc":{"start":{"line":108,"column":47},"end":{"line":108,"column":96}},"type":"cond-expr","locations":[{"start":{"line":108,"column":66},"end":{"line":108,"column":80}},{"start":{"line":108,"column":83},"end":{"line":108,"column":96}}],"line":108},"5":{"loc":{"start":{"line":111,"column":13},"end":{"line":111,"column":45}},"type":"cond-expr","locations":[{"start":{"line":111,"column":32},"end":{"line":111,"column":37}},{"start":{"line":111,"column":40},"end":{"line":111,"column":45}}],"line":111},"6":{"loc":{"start":{"line":120,"column":13},"end":{"line":120,"column":38}},"type":"binary-expr","locations":[{"start":{"line":120,"column":13},"end":{"line":120,"column":33}},{"start":{"line":120,"column":37},"end":{"line":120,"column":38}}],"line":120},"7":{"loc":{"start":{"line":126,"column":13},"end":{"line":126,"column":37}},"type":"cond-expr","locations":[{"start":{"line":126,"column":32},"end":{"line":126,"column":33}},{"start":{"line":126,"column":36},"end":{"line":126,"column":37}}],"line":126},"8":{"loc":{"start":{"line":144,"column":20},"end":{"line":144,"column":47}},"type":"binary-expr","locations":[{"start":{"line":144,"column":20},"end":{"line":144,"column":27}},{"start":{"line":144,"column":31},"end":{"line":144,"column":47}}],"line":144},"9":{"loc":{"start":{"line":147,"column":11},"end":{"line":147,"column":43}},"type":"cond-expr","locations":[{"start":{"line":147,"column":21},"end":{"line":147,"column":29}},{"start":{"line":147,"column":32},"end":{"line":147,"column":43}}],"line":147},"10":{"loc":{"start":{"line":152,"column":20},"end":{"line":152,"column":48}},"type":"binary-expr","locations":[{"start":{"line":152,"column":20},"end":{"line":152,"column":27}},{"start":{"line":152,"column":31},"end":{"line":152,"column":48}}],"line":152},"11":{"loc":{"start":{"line":155,"column":11},"end":{"line":155,"column":41}},"type":"cond-expr","locations":[{"start":{"line":155,"column":21},"end":{"line":155,"column":29}},{"start":{"line":155,"column":32},"end":{"line":155,"column":41}}],"line":155},"12":{"loc":{"start":{"line":167,"column":7},"end":{"line":177,"column":7}},"type":"binary-expr","locations":[{"start":{"line":167,"column":7},"end":{"line":167,"column":14}},{"start":{"line":168,"column":8},"end":{"line":176,"column":14}}],"line":167},"13":{"loc":{"start":{"line":170,"column":12},"end":{"line":172,"column":40}},"type":"cond-expr","locations":[{"start":{"line":171,"column":16},"end":{"line":171,"column":44}},{"start":{"line":172,"column":16},"end":{"line":172,"column":40}}],"line":170},"14":{"loc":{"start":{"line":213,"column":7},"end":{"line":248,"column":7}},"type":"binary-expr","locations":[{"start":{"line":213,"column":7},"end":{"line":213,"column":15}},{"start":{"line":214,"column":8},"end":{"line":247,"column":14}}],"line":213},"15":{"loc":{"start":{"line":227,"column":15},"end":{"line":235,"column":15}},"type":"cond-expr","locations":[{"start":{"line":228,"column":16},"end":{"line":232,"column":18}},{"start":{"line":234,"column":16},"end":{"line":234,"column":59}}],"line":227}},"s":{"0":0,"1":0,"2":0,"3":0,"4":0,"5":0,"6":0,"7":0,"8":0,"9":0,"10":0,"11":0,"12":0,"13":0,"14":0,"15":0,"16":0,"17":0,"18":0,"19":0,"20":0,"21":0,"22":0,"23":0,"24":0,"25":0,"26":0,"27":0,"28":0,"29":0,"30":0,"31":0,"32":0,"33":0,"34":0,"35":0,"36":0,"37":0,"38":0,"39":0,"40":0,"41":0,"42":0,"43":0,"44":0,"45":0,"46":0,"47":0,"48":0,"49":0,"50":0,"51":0,"52":0,"53":0,"54":0},"f":{"0":0,"1":0,"2":0,"3":0,"4":0,"5":0,"6":0,"7":0,"8":0,"9":0,"10":0,"11":0,"12":0,"13":0,"14":0},"b":{"0":[0,0],"1":[0,0],"2":[0,0],"3":[0,0],"4":[0,0],"5":[0,0],"6":[0,0],"7":[0,0],"8":[0,0],"9":[0,0],"10":[0,0],"11":[0,0],"12":[0,0],"13":[0,0],"14":[0,0],"15":[0,0]}}
,"/root/zhitoujianli/frontend/src/components/Contact.tsx": {"path":"/root/zhitoujianli/frontend/src/components/Contact.tsx","statementMap":{"0":{"start":{"line":3,"column":16},"end":{"line":189,"column":1}},"1":{"start":{"line":4,"column":34},"end":{"line":8,"column":4}},"2":{"start":{"line":10,"column":23},"end":{"line":14,"column":3}},"3":{"start":{"line":11,"column":4},"end":{"line":11,"column":23}},"4":{"start":{"line":13,"column":4},"end":{"line":13,"column":45}},"5":{"start":{"line":16,"column":23},"end":{"line":23,"column":3}},"6":{"start":{"line":19,"column":4},"end":{"line":22,"column":7}},"7":{"start":{"line":25,"column":2},"end":{"line":188,"column":4}}},"fnMap":{"0":{"name":"(anonymous_0)","decl":{"start":{"line":3,"column":16},"end":{"line":3,"column":17}},"loc":{"start":{"line":3,"column":22},"end":{"line":189,"column":1}},"line":3},"1":{"name":"(anonymous_1)","decl":{"start":{"line":10,"column":23},"end":{"line":10,"column":24}},"loc":{"start":{"line":10,"column":47},"end":{"line":14,"column":3}},"line":10},"2":{"name":"(anonymous_2)","decl":{"start":{"line":16,"column":23},"end":{"line":16,"column":24}},"loc":{"start":{"line":18,"column":7},"end":{"line":23,"column":3}},"line":18}},"branchMap":{},"s":{"0":0,"1":0,"2":0,"3":0,"4":0,"5":0,"6":0,"7":0},"f":{"0":0,"1":0,"2":0},"b":{}}
,"/root/zhitoujianli/frontend/src/components/Demo.tsx": {"path":"/root/zhitoujianli/frontend/src/components/Demo.tsx","statementMap":{"0":{"start":{"line":3,"column":13},"end":{"line":117,"column":1}},"1":{"start":{"line":4,"column":16},"end":{"line":65,"column":3}},"2":{"start":{"line":67,"column":2},"end":{"line":116,"column":4}},"3":{"start":{"line":81,"column":12},"end":{"line":111,"column":18}}},"fnMap":{"0":{"name":"(anonymous_0)","decl":{"start":{"line":3,"column":13},"end":{"line":3,"column":14}},"loc":{"start":{"line":3,"column":19},"end":{"line":117,"column":1}},"line":3},"1":{"name":"(anonymous_1)","decl":{"start":{"line":80,"column":21},"end":{"line":80,"column":22}},"loc":{"start":{"line":81,"column":12},"end":{"line":111,"column":18}},"line":81}},"branchMap":{"0":{"loc":{"start":{"line":94,"column":15},"end":{"line":110,"column":15}},"type":"binary-expr","locations":[{"start":{"line":94,"column":15},"end":{"line":94,"column":39}},{"start":{"line":95,"column":16},"end":{"line":109,"column":22}}],"line":94}},"s":{"0":0,"1":0,"2":0,"3":0},"f":{"0":0,"1":0},"b":{"0":[0,0]}}
,"/root/zhitoujianli/frontend/src/components/Features.tsx": {"path":"/root/zhitoujianli/frontend/src/components/Features.tsx","statementMap":{"0":{"start":{"line":3,"column":17},"end":{"line":93,"column":1}},"1":{"start":{"line":4,"column":19},"end":{"line":62,"column":3}},"2":{"start":{"line":64,"column":2},"end":{"line":92,"column":4}},"3":{"start":{"line":78,"column":12},"end":{"line":87,"column":18}}},"fnMap":{"0":{"name":"(anonymous_0)","decl":{"start":{"line":3,"column":17},"end":{"line":3,"column":18}},"loc":{"start":{"line":3,"column":23},"end":{"line":93,"column":1}},"line":3},"1":{"name":"(anonymous_1)","decl":{"start":{"line":77,"column":24},"end":{"line":77,"column":25}},"loc":{"start":{"line":78,"column":12},"end":{"line":87,"column":18}},"line":78}},"branchMap":{},"s":{"0":0,"1":0,"2":0,"3":0},"f":{"0":0,"1":0},"b":{}}
,"/root/zhitoujianli/frontend/src/components/Footer.tsx": {"path":"/root/zhitoujianli/frontend/src/components/Footer.tsx","statementMap":{"0":{"start":{"line":3,"column":15},"end":{"line":112,"column":1}},"1":{"start":{"line":4,"column":2},"end":{"line":111,"column":4}}},"fnMap":{"0":{"name":"(anonymous_0)","decl":{"start":{"line":3,"column":15},"end":{"line":3,"column":16}},"loc":{"start":{"line":3,"column":21},"end":{"line":112,"column":1}},"line":3}},"branchMap":{},"s":{"0":0,"1":0},"f":{"0":0},"b":{}}
,"/root/zhitoujianli/frontend/src/components/HeroSection.tsx": {"path":"/root/zhitoujianli/frontend/src/components/HeroSection.tsx","statementMap":{"0":{"start":{"line":1,"column":20},"end":{"line":55,"column":1}},"1":{"start":{"line":2,"column":2},"end":{"line":54,"column":4}}},"fnMap":{"0":{"name":"(anonymous_0)","decl":{"start":{"line":1,"column":20},"end":{"line":1,"column":21}},"loc":{"start":{"line":1,"column":26},"end":{"line":55,"column":1}},"line":1}},"branchMap":{},"s":{"0":0,"1":0},"f":{"0":0},"b":{}}
,"/root/zhitoujianli/frontend/src/components/Login.tsx": {"path":"/root/zhitoujianli/frontend/src/components/Login.tsx","statementMap":{"0":{"start":{"line":22,"column":24},"end":{"line":433,"column":1}},"1":{"start":{"line":23,"column":19},"end":{"line":23,"column":32}},"2":{"start":{"line":24,"column":26},"end":{"line":24,"column":54}},"3":{"start":{"line":27,"column":28},"end":{"line":27,"column":40}},"4":{"start":{"line":28,"column":34},"end":{"line":28,"column":46}},"5":{"start":{"line":31,"column":28},"end":{"line":31,"column":40}},"6":{"start":{"line":32,"column":26},"end":{"line":32,"column":38}},"7":{"start":{"line":33,"column":36},"end":{"line":33,"column":47}},"8":{"start":{"line":36,"column":32},"end":{"line":36,"column":47}},"9":{"start":{"line":37,"column":28},"end":{"line":37,"column":40}},"10":{"start":{"line":38,"column":32},"end":{"line":38,"column":44}},"11":{"start":{"line":39,"column":38},"end":{"line":39,"column":53}},"12":{"start":{"line":42,"column":2},"end":{"line":47,"column":18}},"13":{"start":{"line":43,"column":4},"end":{"line":46,"column":5}},"14":{"start":{"line":44,"column":20},"end":{"line":44,"column":71}},"15":{"start":{"line":44,"column":37},"end":{"line":44,"column":64}},"16":{"start":{"line":45,"column":6},"end":{"line":45,"column":39}},"17":{"start":{"line":45,"column":19},"end":{"line":45,"column":38}},"18":{"start":{"line":53,"column":27},"end":{"line":109,"column":3}},"19":{"start":{"line":54,"column":4},"end":{"line":54,"column":23}},"20":{"start":{"line":55,"column":4},"end":{"line":55,"column":17}},"21":{"start":{"line":56,"column":4},"end":{"line":56,"column":21}},"22":{"start":{"line":58,"column":4},"end":{"line":108,"column":5}},"23":{"start":{"line":59,"column":6},"end":{"line":59,"column":36}},"24":{"start":{"line":60,"column":6},"end":{"line":60,"column":70}},"25":{"start":{"line":64,"column":6},"end":{"line":70,"column":7}},"26":{"start":{"line":66,"column":8},"end":{"line":66,"column":68}},"27":{"start":{"line":69,"column":8},"end":{"line":69,"column":65}},"28":{"start":{"line":72,"column":6},"end":{"line":72,"column":40}},"29":{"start":{"line":74,"column":6},"end":{"line":101,"column":7}},"30":{"start":{"line":75,"column":8},"end":{"line":75,"column":35}},"31":{"start":{"line":76,"column":8},"end":{"line":76,"column":41}},"32":{"start":{"line":77,"column":8},"end":{"line":77,"column":58}},"33":{"start":{"line":78,"column":8},"end":{"line":78,"column":54}},"34":{"start":{"line":79,"column":8},"end":{"line":79,"column":57}},"35":{"start":{"line":80,"column":8},"end":{"line":80,"column":36}},"36":{"start":{"line":81,"column":8},"end":{"line":81,"column":36}},"37":{"start":{"line":84,"column":8},"end":{"line":92,"column":9}},"38":{"start":{"line":85,"column":27},"end":{"line":85,"column":68}},"39":{"start":{"line":87,"column":10},"end":{"line":87,"column":117}},"40":{"start":{"line":88,"column":10},"end":{"line":91,"column":12}},"41":{"start":{"line":94,"column":8},"end":{"line":97,"column":17}},"42":{"start":{"line":96,"column":10},"end":{"line":96,"column":39}},"43":{"start":{"line":99,"column":8},"end":{"line":99,"column":47}},"44":{"start":{"line":100,"column":8},"end":{"line":100,"column":52}},"45":{"start":{"line":103,"column":6},"end":{"line":103,"column":36}},"46":{"start":{"line":104,"column":6},"end":{"line":104,"column":49}},"47":{"start":{"line":105,"column":6},"end":{"line":105,"column":60}},"48":{"start":{"line":107,"column":6},"end":{"line":107,"column":24}},"49":{"start":{"line":114,"column":25},"end":{"line":137,"column":3}},"50":{"start":{"line":115,"column":4},"end":{"line":118,"column":5}},"51":{"start":{"line":116,"column":6},"end":{"line":116,"column":28}},"52":{"start":{"line":117,"column":6},"end":{"line":117,"column":13}},"53":{"start":{"line":120,"column":4},"end":{"line":120,"column":17}},"54":{"start":{"line":121,"column":4},"end":{"line":121,"column":21}},"55":{"start":{"line":123,"column":4},"end":{"line":136,"column":5}},"56":{"start":{"line":124,"column":21},"end":{"line":124,"column":59}},"57":{"start":{"line":126,"column":6},"end":{"line":131,"column":7}},"58":{"start":{"line":127,"column":8},"end":{"line":127,"column":35}},"59":{"start":{"line":128,"column":8},"end":{"line":128,"column":25}},"60":{"start":{"line":130,"column":8},"end":{"line":130,"column":43}},"61":{"start":{"line":133,"column":6},"end":{"line":133,"column":60}},"62":{"start":{"line":135,"column":6},"end":{"line":135,"column":24}},"63":{"start":{"line":142,"column":27},"end":{"line":179,"column":3}},"64":{"start":{"line":143,"column":4},"end":{"line":143,"column":23}},"65":{"start":{"line":144,"column":4},"end":{"line":144,"column":17}},"66":{"start":{"line":145,"column":4},"end":{"line":145,"column":21}},"67":{"start":{"line":147,"column":4},"end":{"line":178,"column":5}},"68":{"start":{"line":148,"column":21},"end":{"line":148,"column":64}},"69":{"start":{"line":150,"column":6},"end":{"line":173,"column":7}},"70":{"start":{"line":151,"column":8},"end":{"line":151,"column":35}},"71":{"start":{"line":152,"column":8},"end":{"line":152,"column":42}},"72":{"start":{"line":153,"column":8},"end":{"line":153,"column":58}},"73":{"start":{"line":154,"column":8},"end":{"line":154,"column":54}},"74":{"start":{"line":155,"column":8},"end":{"line":155,"column":36}},"75":{"start":{"line":158,"column":8},"end":{"line":165,"column":9}},"76":{"start":{"line":160,"column":10},"end":{"line":160,"column":115}},"77":{"start":{"line":161,"column":10},"end":{"line":164,"column":12}},"78":{"start":{"line":167,"column":8},"end":{"line":170,"column":17}},"79":{"start":{"line":169,"column":10},"end":{"line":169,"column":39}},"80":{"start":{"line":172,"column":8},"end":{"line":172,"column":50}},"81":{"start":{"line":175,"column":6},"end":{"line":175,"column":60}},"82":{"start":{"line":177,"column":6},"end":{"line":177,"column":24}},"83":{"start":{"line":181,"column":2},"end":{"line":432,"column":4}},"84":{"start":{"line":200,"column":29},"end":{"line":200,"column":49}},"85":{"start":{"line":210,"column":29},"end":{"line":210,"column":48}},"86":{"start":{"line":224,"column":29},"end":{"line":224,"column":45}},"87":{"start":{"line":234,"column":29},"end":{"line":234,"column":45}},"88":{"start":{"line":269,"column":33},"end":{"line":269,"column":57}},"89":{"start":{"line":287,"column":33},"end":{"line":287,"column":60}},"90":{"start":{"line":318,"column":33},"end":{"line":318,"column":57}},"91":{"start":{"line":338,"column":35},"end":{"line":338,"column":58}},"92":{"start":{"line":384,"column":16},"end":{"line":384,"column":50}},"93":{"start":{"line":397,"column":16},"end":{"line":397,"column":51}}},"fnMap":{"0":{"name":"(anonymous_0)","decl":{"start":{"line":22,"column":24},"end":{"line":22,"column":25}},"loc":{"start":{"line":22,"column":30},"end":{"line":433,"column":1}},"line":22},"1":{"name":"(anonymous_1)","decl":{"start":{"line":42,"column":12},"end":{"line":42,"column":13}},"loc":{"start":{"line":42,"column":18},"end":{"line":47,"column":3}},"line":42},"2":{"name":"(anonymous_2)","decl":{"start":{"line":44,"column":31},"end":{"line":44,"column":32}},"loc":{"start":{"line":44,"column":37},"end":{"line":44,"column":64}},"line":44},"3":{"name":"(anonymous_3)","decl":{"start":{"line":45,"column":13},"end":{"line":45,"column":14}},"loc":{"start":{"line":45,"column":19},"end":{"line":45,"column":38}},"line":45},"4":{"name":"(anonymous_4)","decl":{"start":{"line":53,"column":27},"end":{"line":53,"column":28}},"loc":{"start":{"line":53,"column":57},"end":{"line":109,"column":3}},"line":53},"5":{"name":"(anonymous_5)","decl":{"start":{"line":94,"column":19},"end":{"line":94,"column":20}},"loc":{"start":{"line":94,"column":25},"end":{"line":97,"column":9}},"line":94},"6":{"name":"(anonymous_6)","decl":{"start":{"line":114,"column":25},"end":{"line":114,"column":26}},"loc":{"start":{"line":114,"column":37},"end":{"line":137,"column":3}},"line":114},"7":{"name":"(anonymous_7)","decl":{"start":{"line":142,"column":27},"end":{"line":142,"column":28}},"loc":{"start":{"line":142,"column":57},"end":{"line":179,"column":3}},"line":142},"8":{"name":"(anonymous_8)","decl":{"start":{"line":167,"column":19},"end":{"line":167,"column":20}},"loc":{"start":{"line":167,"column":25},"end":{"line":170,"column":9}},"line":167},"9":{"name":"(anonymous_9)","decl":{"start":{"line":200,"column":23},"end":{"line":200,"column":24}},"loc":{"start":{"line":200,"column":29},"end":{"line":200,"column":49}},"line":200},"10":{"name":"(anonymous_10)","decl":{"start":{"line":210,"column":23},"end":{"line":210,"column":24}},"loc":{"start":{"line":210,"column":29},"end":{"line":210,"column":48}},"line":210},"11":{"name":"(anonymous_11)","decl":{"start":{"line":224,"column":23},"end":{"line":224,"column":24}},"loc":{"start":{"line":224,"column":29},"end":{"line":224,"column":45}},"line":224},"12":{"name":"(anonymous_12)","decl":{"start":{"line":234,"column":23},"end":{"line":234,"column":24}},"loc":{"start":{"line":234,"column":29},"end":{"line":234,"column":45}},"line":234},"13":{"name":"(anonymous_13)","decl":{"start":{"line":269,"column":28},"end":{"line":269,"column":29}},"loc":{"start":{"line":269,"column":33},"end":{"line":269,"column":57}},"line":269},"14":{"name":"(anonymous_14)","decl":{"start":{"line":287,"column":28},"end":{"line":287,"column":29}},"loc":{"start":{"line":287,"column":33},"end":{"line":287,"column":60}},"line":287},"15":{"name":"(anonymous_15)","decl":{"start":{"line":318,"column":28},"end":{"line":318,"column":29}},"loc":{"start":{"line":318,"column":33},"end":{"line":318,"column":57}},"line":318},"16":{"name":"(anonymous_16)","decl":{"start":{"line":338,"column":30},"end":{"line":338,"column":31}},"loc":{"start":{"line":338,"column":35},"end":{"line":338,"column":58}},"line":338},"17":{"name":"(anonymous_17)","decl":{"start":{"line":383,"column":23},"end":{"line":383,"column":24}},"loc":{"start":{"line":383,"column":29},"end":{"line":385,"column":15}},"line":383},"18":{"name":"(anonymous_18)","decl":{"start":{"line":396,"column":23},"end":{"line":396,"column":24}},"loc":{"start":{"line":396,"column":29},"end":{"line":398,"column":15}},"line":396}},"branchMap":{"0":{"loc":{"start":{"line":43,"column":4},"end":{"line":46,"column":5}},"type":"if","locations":[{"start":{"line":43,"column":4},"end":{"line":46,"column":5}},{"start":{},"end":{}}],"line":43},"1":{"loc":{"start":{"line":60,"column":32},"end":{"line":60,"column":68}},"type":"cond-expr","locations":[{"start":{"line":60,"column":45},"end":{"line":60,"column":58}},{"start":{"line":60,"column":61},"end":{"line":60,"column":68}}],"line":60},"2":{"loc":{"start":{"line":64,"column":6},"end":{"line":70,"column":7}},"type":"if","locations":[{"start":{"line":64,"column":6},"end":{"line":70,"column":7}},{"start":{"line":67,"column":13},"end":{"line":70,"column":7}}],"line":64},"3":{"loc":{"start":{"line":74,"column":6},"end":{"line":101,"column":7}},"type":"if","locations":[{"start":{"line":74,"column":6},"end":{"line":101,"column":7}},{"start":{"line":98,"column":13},"end":{"line":101,"column":7}}],"line":74},"4":{"loc":{"start":{"line":84,"column":8},"end":{"line":92,"column":9}},"type":"if","locations":[{"start":{"line":84,"column":8},"end":{"line":92,"column":9}},{"start":{},"end":{}}],"line":84},"5":{"loc":{"start":{"line":85,"column":27},"end":{"line":85,"column":68}},"type":"cond-expr","locations":[{"start":{"line":85,"column":40},"end":{"line":85,"column":54}},{"start":{"line":85,"column":57},"end":{"line":85,"column":68}}],"line":85},"6":{"loc":{"start":{"line":100,"column":17},"end":{"line":100,"column":50}},"type":"binary-expr","locations":[{"start":{"line":100,"column":17},"end":{"line":100,"column":31}},{"start":{"line":100,"column":35},"end":{"line":100,"column":50}}],"line":100},"7":{"loc":{"start":{"line":105,"column":15},"end":{"line":105,"column":58}},"type":"binary-expr","locations":[{"start":{"line":105,"column":15},"end":{"line":105,"column":42}},{"start":{"line":105,"column":46},"end":{"line":105,"column":58}}],"line":105},"8":{"loc":{"start":{"line":115,"column":4},"end":{"line":118,"column":5}},"type":"if","locations":[{"start":{"line":115,"column":4},"end":{"line":118,"column":5}},{"start":{},"end":{}}],"line":115},"9":{"loc":{"start":{"line":115,"column":8},"end":{"line":115,"column":46}},"type":"binary-expr","locations":[{"start":{"line":115,"column":8},"end":{"line":115,"column":14}},{"start":{"line":115,"column":18},"end":{"line":115,"column":46}}],"line":115},"10":{"loc":{"start":{"line":126,"column":6},"end":{"line":131,"column":7}},"type":"if","locations":[{"start":{"line":126,"column":6},"end":{"line":131,"column":7}},{"start":{"line":129,"column":13},"end":{"line":131,"column":7}}],"line":126},"11":{"loc":{"start":{"line":130,"column":17},"end":{"line":130,"column":41}},"type":"binary-expr","locations":[{"start":{"line":130,"column":17},"end":{"line":130,"column":31}},{"start":{"line":130,"column":35},"end":{"line":130,"column":41}}],"line":130},"12":{"loc":{"start":{"line":133,"column":15},"end":{"line":133,"column":58}},"type":"binary-expr","locations":[{"start":{"line":133,"column":15},"end":{"line":133,"column":42}},{"start":{"line":133,"column":46},"end":{"line":133,"column":58}}],"line":133},"13":{"loc":{"start":{"line":150,"column":6},"end":{"line":173,"column":7}},"type":"if","locations":[{"start":{"line":150,"column":6},"end":{"line":173,"column":7}},{"start":{"line":171,"column":13},"end":{"line":173,"column":7}}],"line":150},"14":{"loc":{"start":{"line":158,"column":8},"end":{"line":165,"column":9}},"type":"if","locations":[{"start":{"line":158,"column":8},"end":{"line":165,"column":9}},{"start":{},"end":{}}],"line":158},"15":{"loc":{"start":{"line":172,"column":17},"end":{"line":172,"column":48}},"type":"binary-expr","locations":[{"start":{"line":172,"column":17},"end":{"line":172,"column":31}},{"start":{"line":172,"column":35},"end":{"line":172,"column":48}}],"line":172},"16":{"loc":{"start":{"line":175,"column":15},"end":{"line":175,"column":58}},"type":"binary-expr","locations":[{"start":{"line":175,"column":15},"end":{"line":175,"column":42}},{"start":{"line":175,"column":46},"end":{"line":175,"column":58}}],"line":175},"17":{"loc":{"start":{"line":196,"column":16},"end":{"line":198,"column":35}},"type":"cond-expr","locations":[{"start":{"line":197,"column":20},"end":{"line":197,"column":80}},{"start":{"line":198,"column":20},"end":{"line":198,"column":35}}],"line":196},"18":{"loc":{"start":{"line":206,"column":16},"end":{"line":208,"column":35}},"type":"cond-expr","locations":[{"start":{"line":207,"column":20},"end":{"line":207,"column":80}},{"start":{"line":208,"column":20},"end":{"line":208,"column":35}}],"line":206},"19":{"loc":{"start":{"line":220,"column":16},"end":{"line":222,"column":35}},"type":"cond-expr","locations":[{"start":{"line":221,"column":20},"end":{"line":221,"column":80}},{"start":{"line":222,"column":20},"end":{"line":222,"column":35}}],"line":220},"20":{"loc":{"start":{"line":230,"column":16},"end":{"line":232,"column":35}},"type":"cond-expr","locations":[{"start":{"line":231,"column":20},"end":{"line":231,"column":80}},{"start":{"line":232,"column":20},"end":{"line":232,"column":35}}],"line":230},"21":{"loc":{"start":{"line":241,"column":11},"end":{"line":245,"column":11}},"type":"binary-expr","locations":[{"start":{"line":241,"column":11},"end":{"line":241,"column":16}},{"start":{"line":242,"column":12},"end":{"line":244,"column":18}}],"line":241},"22":{"loc":{"start":{"line":248,"column":11},"end":{"line":252,"column":11}},"type":"binary-expr","locations":[{"start":{"line":248,"column":11},"end":{"line":248,"column":18}},{"start":{"line":249,"column":12},"end":{"line":251,"column":18}}],"line":248},"23":{"loc":{"start":{"line":255,"column":11},"end":{"line":301,"column":11}},"type":"binary-expr","locations":[{"start":{"line":255,"column":11},"end":{"line":255,"column":27}},{"start":{"line":256,"column":12},"end":{"line":300,"column":19}}],"line":255},"24":{"loc":{"start":{"line":298,"column":17},"end":{"line":298,"column":42}},"type":"cond-expr","locations":[{"start":{"line":298,"column":27},"end":{"line":298,"column":35}},{"start":{"line":298,"column":38},"end":{"line":298,"column":42}}],"line":298},"25":{"loc":{"start":{"line":304,"column":11},"end":{"line":362,"column":11}},"type":"binary-expr","locations":[{"start":{"line":304,"column":11},"end":{"line":304,"column":27}},{"start":{"line":305,"column":12},"end":{"line":361,"column":19}}],"line":304},"26":{"loc":{"start":{"line":346,"column":30},"end":{"line":346,"column":54}},"type":"binary-expr","locations":[{"start":{"line":346,"column":30},"end":{"line":346,"column":43}},{"start":{"line":346,"column":47},"end":{"line":346,"column":54}}],"line":346},"27":{"loc":{"start":{"line":349,"column":21},"end":{"line":349,"column":62}},"type":"cond-expr","locations":[{"start":{"line":349,"column":37},"end":{"line":349,"column":52}},{"start":{"line":349,"column":55},"end":{"line":349,"column":62}}],"line":349},"28":{"loc":{"start":{"line":359,"column":17},"end":{"line":359,"column":42}},"type":"cond-expr","locations":[{"start":{"line":359,"column":27},"end":{"line":359,"column":35}},{"start":{"line":359,"column":38},"end":{"line":359,"column":42}}],"line":359}},"s":{"0":0,"1":0,"2":0,"3":0,"4":0,"5":0,"6":0,"7":0,"8":0,"9":0,"10":0,"11":0,"12":0,"13":0,"14":0,"15":0,"16":0,"17":0,"18":0,"19":0,"20":0,"21":0,"22":0,"23":0,"24":0,"25":0,"26":0,"27":0,"28":0,"29":0,"30":0,"31":0,"32":0,"33":0,"34":0,"35":0,"36":0,"37":0,"38":0,"39":0,"40":0,"41":0,"42":0,"43":0,"44":0,"45":0,"46":0,"47":0,"48":0,"49":0,"50":0,"51":0,"52":0,"53":0,"54":0,"55":0,"56":0,"57":0,"58":0,"59":0,"60":0,"61":0,"62":0,"63":0,"64":0,"65":0,"66":0,"67":0,"68":0,"69":0,"70":0,"71":0,"72":0,"73":0,"74":0,"75":0,"76":0,"77":0,"78":0,"79":0,"80":0,"81":0,"82":0,"83":0,"84":0,"85":0,"86":0,"87":0,"88":0,"89":0,"90":0,"91":0,"92":0,"93":0},"f":{"0":0,"1":0,"2":0,"3":0,"4":0,"5":0,"6":0,"7":0,"8":0,"9":0,"10":0,"11":0,"12":0,"13":0,"14":0,"15":0,"16":0,"17":0,"18":0},"b":{"0":[0,0],"1":[0,0],"2":[0,0],"3":[0,0],"4":[0,0],"5":[0,0],"6":[0,0],"7":[0,0],"8":[0,0],"9":[0,0],"10":[0,0],"11":[0,0],"12":[0,0],"13":[0,0],"14":[0,0],"15":[0,0],"16":[0,0],"17":[0,0],"18":[0,0],"19":[0,0],"20":[0,0],"21":[0,0],"22":[0,0],"23":[0,0],"24":[0,0],"25":[0,0],"26":[0,0],"27":[0,0],"28":[0,0]}}
,"/root/zhitoujianli/frontend/src/components/Navigation.tsx": {"path":"/root/zhitoujianli/frontend/src/components/Navigation.tsx","statementMap":{"0":{"start":{"line":5,"column":19},"end":{"line":263,"column":1}},"1":{"start":{"line":6,"column":19},"end":{"line":6,"column":32}},"2":{"start":{"line":7,"column":38},"end":{"line":7,"column":53}},"3":{"start":{"line":8,"column":38},"end":{"line":8,"column":53}},"4":{"start":{"line":9,"column":26},"end":{"line":9,"column":45}},"5":{"start":{"line":11,"column":2},"end":{"line":31,"column":26}},"6":{"start":{"line":13,"column":28},"end":{"line":20,"column":5}},"7":{"start":{"line":14,"column":23},"end":{"line":14,"column":52}},"8":{"start":{"line":15,"column":6},"end":{"line":15,"column":30}},"9":{"start":{"line":16,"column":6},"end":{"line":19,"column":7}},"10":{"start":{"line":17,"column":25},"end":{"line":17,"column":52}},"11":{"start":{"line":18,"column":8},"end":{"line":18,"column":26}},"12":{"start":{"line":22,"column":4},"end":{"line":22,"column":22}},"13":{"start":{"line":25,"column":32},"end":{"line":27,"column":5}},"14":{"start":{"line":26,"column":6},"end":{"line":26,"column":24}},"15":{"start":{"line":29,"column":4},"end":{"line":29,"column":60}},"16":{"start":{"line":30,"column":4},"end":{"line":30,"column":76}},"17":{"start":{"line":30,"column":17},"end":{"line":30,"column":75}},"18":{"start":{"line":33,"column":23},"end":{"line":38,"column":3}},"19":{"start":{"line":34,"column":4},"end":{"line":34,"column":25}},"20":{"start":{"line":35,"column":4},"end":{"line":35,"column":25}},"21":{"start":{"line":36,"column":4},"end":{"line":36,"column":18}},"22":{"start":{"line":48,"column":2},"end":{"line":262,"column":4}},"23":{"start":{"line":167,"column":29},"end":{"line":167,"column":55}}},"fnMap":{"0":{"name":"(anonymous_0)","decl":{"start":{"line":5,"column":19},"end":{"line":5,"column":20}},"loc":{"start":{"line":5,"column":25},"end":{"line":263,"column":1}},"line":5},"1":{"name":"(anonymous_1)","decl":{"start":{"line":11,"column":12},"end":{"line":11,"column":13}},"loc":{"start":{"line":11,"column":18},"end":{"line":31,"column":3}},"line":11},"2":{"name":"(anonymous_2)","decl":{"start":{"line":13,"column":28},"end":{"line":13,"column":29}},"loc":{"start":{"line":13,"column":34},"end":{"line":20,"column":5}},"line":13},"3":{"name":"(anonymous_3)","decl":{"start":{"line":25,"column":32},"end":{"line":25,"column":33}},"loc":{"start":{"line":25,"column":38},"end":{"line":27,"column":5}},"line":25},"4":{"name":"(anonymous_4)","decl":{"start":{"line":30,"column":11},"end":{"line":30,"column":12}},"loc":{"start":{"line":30,"column":17},"end":{"line":30,"column":75}},"line":30},"5":{"name":"(anonymous_5)","decl":{"start":{"line":33,"column":23},"end":{"line":33,"column":24}},"loc":{"start":{"line":33,"column":29},"end":{"line":38,"column":3}},"line":33},"6":{"name":"(anonymous_6)","decl":{"start":{"line":167,"column":23},"end":{"line":167,"column":24}},"loc":{"start":{"line":167,"column":29},"end":{"line":167,"column":55}},"line":167}},"branchMap":{"0":{"loc":{"start":{"line":16,"column":6},"end":{"line":19,"column":7}},"type":"if","locations":[{"start":{"line":16,"column":6},"end":{"line":19,"column":7}},{"start":{},"end":{}}],"line":16},"1":{"loc":{"start":{"line":134,"column":13},"end":{"line":161,"column":13}},"type":"cond-expr","locations":[{"start":{"line":135,"column":14},"end":{"line":145,"column":17}},{"start":{"line":147,"column":14},"end":{"line":160,"column":17}}],"line":134},"2":{"loc":{"start":{"line":137,"column":22},"end":{"line":137,"column":59}},"type":"binary-expr","locations":[{"start":{"line":137,"column":22},"end":{"line":137,"column":36}},{"start":{"line":137,"column":40},"end":{"line":137,"column":51}},{"start":{"line":137,"column":55},"end":{"line":137,"column":59}}],"line":137},"3":{"loc":{"start":{"line":188,"column":9},"end":{"line":259,"column":9}},"type":"binary-expr","locations":[{"start":{"line":188,"column":9},"end":{"line":188,"column":19}},{"start":{"line":189,"column":10},"end":{"line":258,"column":16}}],"line":188},"4":{"loc":{"start":{"line":229,"column":15},"end":{"line":256,"column":15}},"type":"cond-expr","locations":[{"start":{"line":230,"column":16},"end":{"line":240,"column":19}},{"start":{"line":242,"column":16},"end":{"line":255,"column":19}}],"line":229},"5":{"loc":{"start":{"line":232,"column":24},"end":{"line":232,"column":61}},"type":"binary-expr","locations":[{"start":{"line":232,"column":24},"end":{"line":232,"column":38}},{"start":{"line":232,"column":42},"end":{"line":232,"column":53}},{"start":{"line":232,"column":57},"end":{"line":232,"column":61}}],"line":232}},"s":{"0":0,"1":0,"2":0,"3":0,"4":0,"5":0,"6":0,"7":0,"8":0,"9":0,"10":0,"11":0,"12":0,"13":0,"14":0,"15":0,"16":0,"17":0,"18":0,"19":0,"20":0,"21":0,"22":0,"23":0},"f":{"0":0,"1":0,"2":0,"3":0,"4":0,"5":0,"6":0},"b":{"0":[0,0],"1":[0,0],"2":[0,0,0],"3":[0,0],"4":[0,0],"5":[0,0,0]}}
,"/root/zhitoujianli/frontend/src/components/Pricing.tsx": {"path":"/root/zhitoujianli/frontend/src/components/Pricing.tsx","statementMap":{"0":{"start":{"line":3,"column":16},"end":{"line":134,"column":1}},"1":{"start":{"line":4,"column":16},"end":{"line":43,"column":3}},"2":{"start":{"line":45,"column":2},"end":{"line":133,"column":4}},"3":{"start":{"line":59,"column":12},"end":{"line":128,"column":18}},"4":{"start":{"line":92,"column":20},"end":{"line":107,"column":25}}},"fnMap":{"0":{"name":"(anonymous_0)","decl":{"start":{"line":3,"column":16},"end":{"line":3,"column":17}},"loc":{"start":{"line":3,"column":22},"end":{"line":134,"column":1}},"line":3},"1":{"name":"(anonymous_1)","decl":{"start":{"line":58,"column":21},"end":{"line":58,"column":22}},"loc":{"start":{"line":59,"column":12},"end":{"line":128,"column":18}},"line":59},"2":{"name":"(anonymous_2)","decl":{"start":{"line":91,"column":37},"end":{"line":91,"column":38}},"loc":{"start":{"line":92,"column":20},"end":{"line":107,"column":25}},"line":92}},"branchMap":{"0":{"loc":{"start":{"line":62,"column":16},"end":{"line":64,"column":46}},"type":"cond-expr","locations":[{"start":{"line":63,"column":20},"end":{"line":63,"column":52}},{"start":{"line":64,"column":20},"end":{"line":64,"column":46}}],"line":62},"1":{"loc":{"start":{"line":67,"column":15},"end":{"line":73,"column":15}},"type":"binary-expr","locations":[{"start":{"line":67,"column":15},"end":{"line":67,"column":27}},{"start":{"line":68,"column":16},"end":{"line":72,"column":22}}],"line":67},"2":{"loc":{"start":{"line":85,"column":19},"end":{"line":87,"column":19}},"type":"binary-expr","locations":[{"start":{"line":85,"column":19},"end":{"line":85,"column":30}},{"start":{"line":86,"column":20},"end":{"line":86,"column":72}}],"line":85},"3":{"loc":{"start":{"line":113,"column":20},"end":{"line":117,"column":36}},"type":"cond-expr","locations":[{"start":{"line":114,"column":24},"end":{"line":114,"column":34}},{"start":{"line":115,"column":24},"end":{"line":117,"column":36}}],"line":113},"4":{"loc":{"start":{"line":115,"column":24},"end":{"line":117,"column":36}},"type":"cond-expr","locations":[{"start":{"line":116,"column":26},"end":{"line":116,"column":36}},{"start":{"line":117,"column":26},"end":{"line":117,"column":36}}],"line":115},"5":{"loc":{"start":{"line":120,"column":20},"end":{"line":122,"column":108}},"type":"cond-expr","locations":[{"start":{"line":121,"column":24},"end":{"line":121,"column":99}},{"start":{"line":122,"column":24},"end":{"line":122,"column":108}}],"line":120}},"s":{"0":0,"1":0,"2":0,"3":0,"4":0},"f":{"0":0,"1":0,"2":0},"b":{"0":[0,0],"1":[0,0],"2":[0,0],"3":[0,0],"4":[0,0],"5":[0,0]}}
,"/root/zhitoujianli/frontend/src/components/PrivateRoute.tsx": {"path":"/root/zhitoujianli/frontend/src/components/PrivateRoute.tsx","statementMap":{"0":{"start":{"line":27,"column":50},"end":{"line":38,"column":1}},"1":{"start":{"line":28,"column":26},"end":{"line":28,"column":55}},"2":{"start":{"line":30,"column":2},"end":{"line":34,"column":3}},"3":{"start":{"line":33,"column":4},"end":{"line":33,"column":44}},"4":{"start":{"line":37,"column":2},"end":{"line":37,"column":25}}},"fnMap":{"0":{"name":"(anonymous_0)","decl":{"start":{"line":27,"column":50},"end":{"line":27,"column":51}},"loc":{"start":{"line":27,"column":68},"end":{"line":38,"column":1}},"line":27}},"branchMap":{"0":{"loc":{"start":{"line":30,"column":2},"end":{"line":34,"column":3}},"type":"if","locations":[{"start":{"line":30,"column":2},"end":{"line":34,"column":3}},{"start":{},"end":{}}],"line":30}},"s":{"0":0,"1":0,"2":0,"3":0,"4":0},"f":{"0":0},"b":{"0":[0,0]}}
,"/root/zhitoujianli/frontend/src/components/Register.tsx": {"path":"/root/zhitoujianli/frontend/src/components/Register.tsx","statementMap":{"0":{"start":{"line":15,"column":27},"end":{"line":483,"column":1}},"1":{"start":{"line":16,"column":26},"end":{"line":16,"column":57}},"2":{"start":{"line":18,"column":28},"end":{"line":18,"column":40}},"3":{"start":{"line":19,"column":28},"end":{"line":19,"column":40}},"4":{"start":{"line":20,"column":34},"end":{"line":20,"column":46}},"5":{"start":{"line":21,"column":48},"end":{"line":21,"column":60}},"6":{"start":{"line":22,"column":34},"end":{"line":22,"column":46}},"7":{"start":{"line":24,"column":32},"end":{"line":24,"column":47}},"8":{"start":{"line":25,"column":28},"end":{"line":25,"column":40}},"9":{"start":{"line":26,"column":32},"end":{"line":26,"column":44}},"10":{"start":{"line":29,"column":50},"end":{"line":29,"column":62}},"11":{"start":{"line":30,"column":44},"end":{"line":30,"column":55}},"12":{"start":{"line":31,"column":34},"end":{"line":31,"column":49}},"13":{"start":{"line":32,"column":44},"end":{"line":32,"column":59}},"14":{"start":{"line":35,"column":2},"end":{"line":40,"column":22}},"15":{"start":{"line":36,"column":4},"end":{"line":39,"column":5}},"16":{"start":{"line":37,"column":20},"end":{"line":37,"column":79}},"17":{"start":{"line":37,"column":37},"end":{"line":37,"column":72}},"18":{"start":{"line":38,"column":6},"end":{"line":38,"column":39}},"19":{"start":{"line":38,"column":19},"end":{"line":38,"column":38}},"20":{"start":{"line":45,"column":37},"end":{"line":133,"column":3}},"21":{"start":{"line":46,"column":4},"end":{"line":132,"column":5}},"22":{"start":{"line":47,"column":6},"end":{"line":50,"column":7}},"23":{"start":{"line":48,"column":8},"end":{"line":48,"column":29}},"24":{"start":{"line":49,"column":8},"end":{"line":49,"column":15}},"25":{"start":{"line":52,"column":6},"end":{"line":55,"column":7}},"26":{"start":{"line":53,"column":8},"end":{"line":53,"column":28}},"27":{"start":{"line":54,"column":8},"end":{"line":54,"column":15}},"28":{"start":{"line":57,"column":6},"end":{"line":88,"column":7}},"29":{"start":{"line":58,"column":8},"end":{"line":58,"column":25}},"30":{"start":{"line":59,"column":8},"end":{"line":59,"column":21}},"31":{"start":{"line":61,"column":25},"end":{"line":70,"column":9}},"32":{"start":{"line":72,"column":23},"end":{"line":72,"column":44}},"33":{"start":{"line":74,"column":8},"end":{"line":82,"column":9}},"34":{"start":{"line":75,"column":10},"end":{"line":75,"column":34}},"35":{"start":{"line":76,"column":10},"end":{"line":76,"column":28}},"36":{"start":{"line":77,"column":10},"end":{"line":77,"column":31}},"37":{"start":{"line":78,"column":10},"end":{"line":78,"column":34}},"38":{"start":{"line":79,"column":10},"end":{"line":79,"column":43}},"39":{"start":{"line":81,"column":10},"end":{"line":81,"column":48}},"40":{"start":{"line":84,"column":8},"end":{"line":84,"column":39}},"41":{"start":{"line":85,"column":8},"end":{"line":85,"column":31}},"42":{"start":{"line":87,"column":8},"end":{"line":87,"column":26}},"43":{"start":{"line":91,"column":6},"end":{"line":94,"column":7}},"44":{"start":{"line":92,"column":8},"end":{"line":92,"column":28}},"45":{"start":{"line":93,"column":8},"end":{"line":93,"column":15}},"46":{"start":{"line":96,"column":6},"end":{"line":99,"column":7}},"47":{"start":{"line":97,"column":8},"end":{"line":97,"column":29}},"48":{"start":{"line":98,"column":8},"end":{"line":98,"column":15}},"49":{"start":{"line":101,"column":6},"end":{"line":131,"column":7}},"50":{"start":{"line":102,"column":8},"end":{"line":102,"column":25}},"51":{"start":{"line":103,"column":8},"end":{"line":103,"column":21}},"52":{"start":{"line":105,"column":25},"end":{"line":114,"column":9}},"53":{"start":{"line":116,"column":23},"end":{"line":116,"column":44}},"54":{"start":{"line":118,"column":8},"end":{"line":125,"column":9}},"55":{"start":{"line":119,"column":10},"end":{"line":119,"column":34}},"56":{"start":{"line":120,"column":10},"end":{"line":120,"column":28}},"57":{"start":{"line":121,"column":10},"end":{"line":121,"column":31}},"58":{"start":{"line":122,"column":10},"end":{"line":122,"column":43}},"59":{"start":{"line":124,"column":10},"end":{"line":124,"column":48}},"60":{"start":{"line":127,"column":8},"end":{"line":127,"column":39}},"61":{"start":{"line":128,"column":8},"end":{"line":128,"column":31}},"62":{"start":{"line":130,"column":8},"end":{"line":130,"column":26}},"63":{"start":{"line":138,"column":32},"end":{"line":162,"column":3}},"64":{"start":{"line":139,"column":4},"end":{"line":142,"column":5}},"65":{"start":{"line":140,"column":6},"end":{"line":140,"column":29}},"66":{"start":{"line":141,"column":6},"end":{"line":141,"column":13}},"67":{"start":{"line":144,"column":4},"end":{"line":161,"column":5}},"68":{"start":{"line":145,"column":6},"end":{"line":145,"column":23}},"69":{"start":{"line":146,"column":6},"end":{"line":146,"column":19}},"70":{"start":{"line":148,"column":21},"end":{"line":148,"column":79}},"71":{"start":{"line":150,"column":6},"end":{"line":155,"column":7}},"72":{"start":{"line":151,"column":8},"end":{"line":151,"column":31}},"73":{"start":{"line":152,"column":8},"end":{"line":152,"column":29}},"74":{"start":{"line":154,"column":8},"end":{"line":154,"column":46}},"75":{"start":{"line":157,"column":6},"end":{"line":157,"column":39}},"76":{"start":{"line":158,"column":6},"end":{"line":158,"column":29}},"77":{"start":{"line":160,"column":6},"end":{"line":160,"column":24}},"78":{"start":{"line":167,"column":25},"end":{"line":226,"column":3}},"79":{"start":{"line":168,"column":4},"end":{"line":168,"column":23}},"80":{"start":{"line":169,"column":4},"end":{"line":169,"column":17}},"81":{"start":{"line":170,"column":4},"end":{"line":170,"column":19}},"82":{"start":{"line":173,"column":4},"end":{"line":176,"column":5}},"83":{"start":{"line":174,"column":6},"end":{"line":174,"column":29}},"84":{"start":{"line":175,"column":6},"end":{"line":175,"column":13}},"85":{"start":{"line":178,"column":4},"end":{"line":181,"column":5}},"86":{"start":{"line":179,"column":6},"end":{"line":179,"column":27}},"87":{"start":{"line":180,"column":6},"end":{"line":180,"column":13}},"88":{"start":{"line":183,"column":4},"end":{"line":186,"column":5}},"89":{"start":{"line":184,"column":6},"end":{"line":184,"column":25}},"90":{"start":{"line":185,"column":6},"end":{"line":185,"column":13}},"91":{"start":{"line":188,"column":4},"end":{"line":191,"column":5}},"92":{"start":{"line":189,"column":6},"end":{"line":189,"column":26}},"93":{"start":{"line":190,"column":6},"end":{"line":190,"column":13}},"94":{"start":{"line":193,"column":4},"end":{"line":196,"column":5}},"95":{"start":{"line":194,"column":6},"end":{"line":194,"column":28}},"96":{"start":{"line":195,"column":6},"end":{"line":195,"column":13}},"97":{"start":{"line":198,"column":4},"end":{"line":198,"column":21}},"98":{"start":{"line":200,"column":4},"end":{"line":225,"column":5}},"99":{"start":{"line":202,"column":6},"end":{"line":208,"column":7}},"100":{"start":{"line":203,"column":8},"end":{"line":203,"column":71}},"101":{"start":{"line":206,"column":8},"end":{"line":206,"column":40}},"102":{"start":{"line":207,"column":8},"end":{"line":207,"column":15}},"103":{"start":{"line":210,"column":6},"end":{"line":219,"column":7}},"104":{"start":{"line":211,"column":8},"end":{"line":211,"column":40}},"105":{"start":{"line":214,"column":8},"end":{"line":216,"column":17}},"106":{"start":{"line":215,"column":10},"end":{"line":215,"column":42}},"107":{"start":{"line":218,"column":8},"end":{"line":218,"column":43}},"108":{"start":{"line":221,"column":23},"end":{"line":221,"column":66}},"109":{"start":{"line":222,"column":6},"end":{"line":222,"column":25}},"110":{"start":{"line":224,"column":6},"end":{"line":224,"column":24}},"111":{"start":{"line":228,"column":2},"end":{"line":482,"column":4}},"112":{"start":{"line":250,"column":31},"end":{"line":250,"column":47}},"113":{"start":{"line":261,"column":31},"end":{"line":261,"column":47}},"114":{"start":{"line":300,"column":31},"end":{"line":300,"column":58}},"115":{"start":{"line":321,"column":35},"end":{"line":321,"column":59}},"116":{"start":{"line":349,"column":35},"end":{"line":349,"column":59}},"117":{"start":{"line":381,"column":35},"end":{"line":381,"column":70}},"118":{"start":{"line":422,"column":31},"end":{"line":422,"column":58}},"119":{"start":{"line":441,"column":31},"end":{"line":441,"column":65}}},"fnMap":{"0":{"name":"(anonymous_0)","decl":{"start":{"line":15,"column":27},"end":{"line":15,"column":28}},"loc":{"start":{"line":15,"column":33},"end":{"line":483,"column":1}},"line":15},"1":{"name":"(anonymous_1)","decl":{"start":{"line":35,"column":12},"end":{"line":35,"column":13}},"loc":{"start":{"line":35,"column":18},"end":{"line":40,"column":3}},"line":35},"2":{"name":"(anonymous_2)","decl":{"start":{"line":37,"column":31},"end":{"line":37,"column":32}},"loc":{"start":{"line":37,"column":37},"end":{"line":37,"column":72}},"line":37},"3":{"name":"(anonymous_3)","decl":{"start":{"line":38,"column":13},"end":{"line":38,"column":14}},"loc":{"start":{"line":38,"column":19},"end":{"line":38,"column":38}},"line":38},"4":{"name":"(anonymous_4)","decl":{"start":{"line":45,"column":37},"end":{"line":45,"column":38}},"loc":{"start":{"line":45,"column":49},"end":{"line":133,"column":3}},"line":45},"5":{"name":"(anonymous_5)","decl":{"start":{"line":138,"column":32},"end":{"line":138,"column":33}},"loc":{"start":{"line":138,"column":44},"end":{"line":162,"column":3}},"line":138},"6":{"name":"(anonymous_6)","decl":{"start":{"line":167,"column":25},"end":{"line":167,"column":26}},"loc":{"start":{"line":167,"column":55},"end":{"line":226,"column":3}},"line":167},"7":{"name":"(anonymous_7)","decl":{"start":{"line":214,"column":19},"end":{"line":214,"column":20}},"loc":{"start":{"line":214,"column":25},"end":{"line":216,"column":9}},"line":214},"8":{"name":"(anonymous_8)","decl":{"start":{"line":250,"column":25},"end":{"line":250,"column":26}},"loc":{"start":{"line":250,"column":31},"end":{"line":250,"column":47}},"line":250},"9":{"name":"(anonymous_9)","decl":{"start":{"line":261,"column":25},"end":{"line":261,"column":26}},"loc":{"start":{"line":261,"column":31},"end":{"line":261,"column":47}},"line":261},"10":{"name":"(anonymous_10)","decl":{"start":{"line":300,"column":26},"end":{"line":300,"column":27}},"loc":{"start":{"line":300,"column":31},"end":{"line":300,"column":58}},"line":300},"11":{"name":"(anonymous_11)","decl":{"start":{"line":321,"column":30},"end":{"line":321,"column":31}},"loc":{"start":{"line":321,"column":35},"end":{"line":321,"column":59}},"line":321},"12":{"name":"(anonymous_12)","decl":{"start":{"line":349,"column":30},"end":{"line":349,"column":31}},"loc":{"start":{"line":349,"column":35},"end":{"line":349,"column":59}},"line":349},"13":{"name":"(anonymous_13)","decl":{"start":{"line":381,"column":30},"end":{"line":381,"column":31}},"loc":{"start":{"line":381,"column":35},"end":{"line":381,"column":70}},"line":381},"14":{"name":"(anonymous_14)","decl":{"start":{"line":422,"column":26},"end":{"line":422,"column":27}},"loc":{"start":{"line":422,"column":31},"end":{"line":422,"column":58}},"line":422},"15":{"name":"(anonymous_15)","decl":{"start":{"line":441,"column":26},"end":{"line":441,"column":27}},"loc":{"start":{"line":441,"column":31},"end":{"line":441,"column":65}},"line":441}},"branchMap":{"0":{"loc":{"start":{"line":36,"column":4},"end":{"line":39,"column":5}},"type":"if","locations":[{"start":{"line":36,"column":4},"end":{"line":39,"column":5}},{"start":{},"end":{}}],"line":36},"1":{"loc":{"start":{"line":46,"column":4},"end":{"line":132,"column":5}},"type":"if","locations":[{"start":{"line":46,"column":4},"end":{"line":132,"column":5}},{"start":{"line":89,"column":11},"end":{"line":132,"column":5}}],"line":46},"2":{"loc":{"start":{"line":47,"column":6},"end":{"line":50,"column":7}},"type":"if","locations":[{"start":{"line":47,"column":6},"end":{"line":50,"column":7}},{"start":{},"end":{}}],"line":47},"3":{"loc":{"start":{"line":52,"column":6},"end":{"line":55,"column":7}},"type":"if","locations":[{"start":{"line":52,"column":6},"end":{"line":55,"column":7}},{"start":{},"end":{}}],"line":52},"4":{"loc":{"start":{"line":62,"column":13},"end":{"line":62,"column":78}},"type":"binary-expr","locations":[{"start":{"line":62,"column":13},"end":{"line":62,"column":42}},{"start":{"line":62,"column":46},"end":{"line":62,"column":78}}],"line":62},"5":{"loc":{"start":{"line":74,"column":8},"end":{"line":82,"column":9}},"type":"if","locations":[{"start":{"line":74,"column":8},"end":{"line":82,"column":9}},{"start":{"line":80,"column":15},"end":{"line":82,"column":9}}],"line":74},"6":{"loc":{"start":{"line":81,"column":19},"end":{"line":81,"column":46}},"type":"binary-expr","locations":[{"start":{"line":81,"column":19},"end":{"line":81,"column":33}},{"start":{"line":81,"column":37},"end":{"line":81,"column":46}}],"line":81},"7":{"loc":{"start":{"line":91,"column":6},"end":{"line":94,"column":7}},"type":"if","locations":[{"start":{"line":91,"column":6},"end":{"line":94,"column":7}},{"start":{},"end":{}}],"line":91},"8":{"loc":{"start":{"line":96,"column":6},"end":{"line":99,"column":7}},"type":"if","locations":[{"start":{"line":96,"column":6},"end":{"line":99,"column":7}},{"start":{},"end":{}}],"line":96},"9":{"loc":{"start":{"line":106,"column":13},"end":{"line":106,"column":78}},"type":"binary-expr","locations":[{"start":{"line":106,"column":13},"end":{"line":106,"column":42}},{"start":{"line":106,"column":46},"end":{"line":106,"column":78}}],"line":106},"10":{"loc":{"start":{"line":118,"column":8},"end":{"line":125,"column":9}},"type":"if","locations":[{"start":{"line":118,"column":8},"end":{"line":125,"column":9}},{"start":{"line":123,"column":15},"end":{"line":125,"column":9}}],"line":118},"11":{"loc":{"start":{"line":124,"column":19},"end":{"line":124,"column":46}},"type":"binary-expr","locations":[{"start":{"line":124,"column":19},"end":{"line":124,"column":33}},{"start":{"line":124,"column":37},"end":{"line":124,"column":46}}],"line":124},"12":{"loc":{"start":{"line":139,"column":4},"end":{"line":142,"column":5}},"type":"if","locations":[{"start":{"line":139,"column":4},"end":{"line":142,"column":5}},{"start":{},"end":{}}],"line":139},"13":{"loc":{"start":{"line":139,"column":8},"end":{"line":139,"column":35}},"type":"binary-expr","locations":[{"start":{"line":139,"column":8},"end":{"line":139,"column":14}},{"start":{"line":139,"column":18},"end":{"line":139,"column":35}}],"line":139},"14":{"loc":{"start":{"line":150,"column":6},"end":{"line":155,"column":7}},"type":"if","locations":[{"start":{"line":150,"column":6},"end":{"line":155,"column":7}},{"start":{"line":153,"column":13},"end":{"line":155,"column":7}}],"line":150},"15":{"loc":{"start":{"line":154,"column":17},"end":{"line":154,"column":44}},"type":"binary-expr","locations":[{"start":{"line":154,"column":17},"end":{"line":154,"column":31}},{"start":{"line":154,"column":35},"end":{"line":154,"column":44}}],"line":154},"16":{"loc":{"start":{"line":173,"column":4},"end":{"line":176,"column":5}},"type":"if","locations":[{"start":{"line":173,"column":4},"end":{"line":176,"column":5}},{"start":{},"end":{}}],"line":173},"17":{"loc":{"start":{"line":178,"column":4},"end":{"line":181,"column":5}},"type":"if","locations":[{"start":{"line":178,"column":4},"end":{"line":181,"column":5}},{"start":{},"end":{}}],"line":178},"18":{"loc":{"start":{"line":183,"column":4},"end":{"line":186,"column":5}},"type":"if","locations":[{"start":{"line":183,"column":4},"end":{"line":186,"column":5}},{"start":{},"end":{}}],"line":183},"19":{"loc":{"start":{"line":188,"column":4},"end":{"line":191,"column":5}},"type":"if","locations":[{"start":{"line":188,"column":4},"end":{"line":191,"column":5}},{"start":{},"end":{}}],"line":188},"20":{"loc":{"start":{"line":193,"column":4},"end":{"line":196,"column":5}},"type":"if","locations":[{"start":{"line":193,"column":4},"end":{"line":196,"column":5}},{"start":{},"end":{}}],"line":193},"21":{"loc":{"start":{"line":202,"column":6},"end":{"line":208,"column":7}},"type":"if","locations":[{"start":{"line":202,"column":6},"end":{"line":208,"column":7}},{"start":{"line":204,"column":13},"end":{"line":208,"column":7}}],"line":202},"22":{"loc":{"start":{"line":210,"column":6},"end":{"line":219,"column":7}},"type":"if","locations":[{"start":{"line":210,"column":6},"end":{"line":219,"column":7}},{"start":{"line":217,"column":13},"end":{"line":219,"column":7}}],"line":210},"23":{"loc":{"start":{"line":218,"column":17},"end":{"line":218,"column":41}},"type":"binary-expr","locations":[{"start":{"line":218,"column":17},"end":{"line":218,"column":31}},{"start":{"line":218,"column":35},"end":{"line":218,"column":41}}],"line":218},"24":{"loc":{"start":{"line":221,"column":23},"end":{"line":221,"column":66}},"type":"binary-expr","locations":[{"start":{"line":221,"column":23},"end":{"line":221,"column":50}},{"start":{"line":221,"column":54},"end":{"line":221,"column":66}}],"line":221},"25":{"loc":{"start":{"line":252,"column":18},"end":{"line":254,"column":57}},"type":"cond-expr","locations":[{"start":{"line":253,"column":22},"end":{"line":253,"column":58}},{"start":{"line":254,"column":22},"end":{"line":254,"column":57}}],"line":252},"26":{"loc":{"start":{"line":263,"column":18},"end":{"line":265,"column":57}},"type":"cond-expr","locations":[{"start":{"line":264,"column":22},"end":{"line":264,"column":58}},{"start":{"line":265,"column":22},"end":{"line":265,"column":57}}],"line":263},"27":{"loc":{"start":{"line":274,"column":11},"end":{"line":278,"column":11}},"type":"binary-expr","locations":[{"start":{"line":274,"column":11},"end":{"line":274,"column":16}},{"start":{"line":275,"column":12},"end":{"line":277,"column":18}}],"line":274},"28":{"loc":{"start":{"line":281,"column":11},"end":{"line":285,"column":11}},"type":"binary-expr","locations":[{"start":{"line":281,"column":11},"end":{"line":281,"column":18}},{"start":{"line":282,"column":12},"end":{"line":284,"column":18}}],"line":281},"29":{"loc":{"start":{"line":307,"column":13},"end":{"line":364,"column":13}},"type":"cond-expr","locations":[{"start":{"line":308,"column":14},"end":{"line":334,"column":20}},{"start":{"line":336,"column":14},"end":{"line":363,"column":20}}],"line":307},"30":{"loc":{"start":{"line":328,"column":30},"end":{"line":328,"column":58}},"type":"binary-expr","locations":[{"start":{"line":328,"column":30},"end":{"line":328,"column":37}},{"start":{"line":328,"column":41},"end":{"line":328,"column":58}}],"line":328},"31":{"loc":{"start":{"line":331,"column":21},"end":{"line":331,"column":70}},"type":"cond-expr","locations":[{"start":{"line":331,"column":41},"end":{"line":331,"column":60}},{"start":{"line":331,"column":63},"end":{"line":331,"column":70}}],"line":331},"32":{"loc":{"start":{"line":357,"column":30},"end":{"line":357,"column":58}},"type":"binary-expr","locations":[{"start":{"line":357,"column":30},"end":{"line":357,"column":37}},{"start":{"line":357,"column":41},"end":{"line":357,"column":58}}],"line":357},"33":{"loc":{"start":{"line":360,"column":21},"end":{"line":360,"column":70}},"type":"cond-expr","locations":[{"start":{"line":360,"column":41},"end":{"line":360,"column":60}},{"start":{"line":360,"column":63},"end":{"line":360,"column":70}}],"line":360},"34":{"loc":{"start":{"line":366,"column":13},"end":{"line":408,"column":13}},"type":"binary-expr","locations":[{"start":{"line":366,"column":13},"end":{"line":366,"column":21}},{"start":{"line":367,"column":14},"end":{"line":407,"column":20}}],"line":366},"35":{"loc":{"start":{"line":372,"column":19},"end":{"line":372,"column":49}},"type":"cond-expr","locations":[{"start":{"line":372,"column":38},"end":{"line":372,"column":42}},{"start":{"line":372,"column":45},"end":{"line":372,"column":49}}],"line":372},"36":{"loc":{"start":{"line":385,"column":30},"end":{"line":385,"column":70}},"type":"cond-expr","locations":[{"start":{"line":385,"column":49},"end":{"line":385,"column":62}},{"start":{"line":385,"column":65},"end":{"line":385,"column":70}}],"line":385},"37":{"loc":{"start":{"line":387,"column":19},"end":{"line":396,"column":19}},"type":"binary-expr","locations":[{"start":{"line":387,"column":19},"end":{"line":387,"column":35}},{"start":{"line":388,"column":20},"end":{"line":395,"column":29}}],"line":387},"38":{"loc":{"start":{"line":391,"column":32},"end":{"line":391,"column":77}},"type":"binary-expr","locations":[{"start":{"line":391,"column":32},"end":{"line":391,"column":49}},{"start":{"line":391,"column":53},"end":{"line":391,"column":60}},{"start":{"line":391,"column":64},"end":{"line":391,"column":77}}],"line":391},"39":{"loc":{"start":{"line":394,"column":23},"end":{"line":394,"column":51}},"type":"cond-expr","locations":[{"start":{"line":394,"column":39},"end":{"line":394,"column":44}},{"start":{"line":394,"column":47},"end":{"line":394,"column":51}}],"line":394},"40":{"loc":{"start":{"line":399,"column":27},"end":{"line":399,"column":59}},"type":"cond-expr","locations":[{"start":{"line":399,"column":46},"end":{"line":399,"column":51}},{"start":{"line":399,"column":54},"end":{"line":399,"column":59}}],"line":399},"41":{"loc":{"start":{"line":402,"column":17},"end":{"line":406,"column":17}},"type":"binary-expr","locations":[{"start":{"line":402,"column":17},"end":{"line":402,"column":33}},{"start":{"line":402,"column":37},"end":{"line":402,"column":50}},{"start":{"line":403,"column":18},"end":{"line":405,"column":22}}],"line":402},"42":{"loc":{"start":{"line":453,"column":15},"end":{"line":453,"column":40}},"type":"cond-expr","locations":[{"start":{"line":453,"column":25},"end":{"line":453,"column":33}},{"start":{"line":453,"column":36},"end":{"line":453,"column":40}}],"line":453}},"s":{"0":0,"1":0,"2":0,"3":0,"4":0,"5":0,"6":0,"7":0,"8":0,"9":0,"10":0,"11":0,"12":0,"13":0,"14":0,"15":0,"16":0,"17":0,"18":0,"19":0,"20":0,"21":0,"22":0,"23":0,"24":0,"25":0,"26":0,"27":0,"28":0,"29":0,"30":0,"31":0,"32":0,"33":0,"34":0,"35":0,"36":0,"37":0,"38":0,"39":0,"40":0,"41":0,"42":0,"43":0,"44":0,"45":0,"46":0,"47":0,"48":0,"49":0,"50":0,"51":0,"52":0,"53":0,"54":0,"55":0,"56":0,"57":0,"58":0,"59":0,"60":0,"61":0,"62":0,"63":0,"64":0,"65":0,"66":0,"67":0,"68":0,"69":0,"70":0,"71":0,"72":0,"73":0,"74":0,"75":0,"76":0,"77":0,"78":0,"79":0,"80":0,"81":0,"82":0,"83":0,"84":0,"85":0,"86":0,"87":0,"88":0,"89":0,"90":0,"91":0,"92":0,"93":0,"94":0,"95":0,"96":0,"97":0,"98":0,"99":0,"100":0,"101":0,"102":0,"103":0,"104":0,"105":0,"106":0,"107":0,"108":0,"109":0,"110":0,"111":0,"112":0,"113":0,"114":0,"115":0,"116":0,"117":0,"118":0,"119":0},"f":{"0":0,"1":0,"2":0,"3":0,"4":0,"5":0,"6":0,"7":0,"8":0,"9":0,"10":0,"11":0,"12":0,"13":0,"14":0,"15":0},"b":{"0":[0,0],"1":[0,0],"2":[0,0],"3":[0,0],"4":[0,0],"5":[0,0],"6":[0,0],"7":[0,0],"8":[0,0],"9":[0,0],"10":[0,0],"11":[0,0],"12":[0,0],"13":[0,0],"14":[0,0],"15":[0,0],"16":[0,0],"17":[0,0],"18":[0,0],"19":[0,0],"20":[0,0],"21":[0,0],"22":[0,0],"23":[0,0],"24":[0,0],"25":[0,0],"26":[0,0],"27":[0,0],"28":[0,0],"29":[0,0],"30":[0,0],"31":[0,0],"32":[0,0],"33":[0,0],"34":[0,0],"35":[0,0],"36":[0,0],"37":[0,0],"38":[0,0,0],"39":[0,0],"40":[0,0],"41":[0,0,0],"42":[0,0]}}
,"/root/zhitoujianli/frontend/src/components/ResumeDelivery.tsx": {"path":"/root/zhitoujianli/frontend/src/components/ResumeDelivery.tsx","statementMap":{"0":{"start":{"line":19,"column":33},"end":{"line":795,"column":1}},"1":{"start":{"line":20,"column":26},"end":{"line":20,"column":45}},"2":{"start":{"line":21,"column":36},"end":{"line":21,"column":57}},"3":{"start":{"line":22,"column":44},"end":{"line":24,"column":3}},"4":{"start":{"line":25,"column":36},"end":{"line":25,"column":51}},"5":{"start":{"line":26,"column":44},"end":{"line":26,"column":56}},"6":{"start":{"line":27,"column":23},"end":{"line":27,"column":53}},"7":{"start":{"line":29,"column":2},"end":{"line":41,"column":9}},"8":{"start":{"line":31,"column":4},"end":{"line":34,"column":5}},"9":{"start":{"line":32,"column":6},"end":{"line":32,"column":38}},"10":{"start":{"line":33,"column":6},"end":{"line":33,"column":13}},"11":{"start":{"line":36,"column":21},"end":{"line":36,"column":48}},"12":{"start":{"line":37,"column":4},"end":{"line":37,"column":22}},"13":{"start":{"line":40,"column":4},"end":{"line":40,"column":25}},"14":{"start":{"line":44,"column":29},"end":{"line":53,"column":3}},"15":{"start":{"line":45,"column":4},"end":{"line":52,"column":5}},"16":{"start":{"line":46,"column":21},"end":{"line":46,"column":53}},"17":{"start":{"line":47,"column":6},"end":{"line":49,"column":7}},"18":{"start":{"line":48,"column":8},"end":{"line":48,"column":38}},"19":{"start":{"line":51,"column":6},"end":{"line":51,"column":38}},"20":{"start":{"line":56,"column":27},"end":{"line":96,"column":3}},"21":{"start":{"line":59,"column":17},"end":{"line":59,"column":40}},"22":{"start":{"line":60,"column":4},"end":{"line":60,"column":22}},"23":{"start":{"line":60,"column":15},"end":{"line":60,"column":22}},"24":{"start":{"line":63,"column":4},"end":{"line":66,"column":5}},"25":{"start":{"line":64,"column":6},"end":{"line":64,"column":44}},"26":{"start":{"line":65,"column":6},"end":{"line":65,"column":13}},"27":{"start":{"line":69,"column":21},"end":{"line":69,"column":44}},"28":{"start":{"line":70,"column":4},"end":{"line":78,"column":5}},"29":{"start":{"line":76,"column":6},"end":{"line":76,"column":57}},"30":{"start":{"line":77,"column":6},"end":{"line":77,"column":13}},"31":{"start":{"line":80,"column":4},"end":{"line":80,"column":23}},"32":{"start":{"line":81,"column":4},"end":{"line":81,"column":39}},"33":{"start":{"line":83,"column":4},"end":{"line":95,"column":5}},"34":{"start":{"line":84,"column":21},"end":{"line":84,"column":59}},"35":{"start":{"line":85,"column":6},"end":{"line":90,"column":7}},"36":{"start":{"line":86,"column":8},"end":{"line":86,"column":38}},"37":{"start":{"line":87,"column":8},"end":{"line":87,"column":39}},"38":{"start":{"line":89,"column":8},"end":{"line":89,"column":53}},"39":{"start":{"line":92,"column":6},"end":{"line":92,"column":50}},"40":{"start":{"line":94,"column":6},"end":{"line":94,"column":26}},"41":{"start":{"line":98,"column":23},"end":{"line":100,"column":3}},"42":{"start":{"line":99,"column":4},"end":{"line":99,"column":25}},"43":{"start":{"line":102,"column":2},"end":{"line":111,"column":3}},"44":{"start":{"line":103,"column":4},"end":{"line":110,"column":6}},"45":{"start":{"line":113,"column":2},"end":{"line":794,"column":4}},"46":{"start":{"line":178,"column":14},"end":{"line":189,"column":23}},"47":{"start":{"line":180,"column":31},"end":{"line":180,"column":51}},"48":{"start":{"line":221,"column":35},"end":{"line":221,"column":57}},"49":{"start":{"line":227,"column":35},"end":{"line":227,"column":55}},"50":{"start":{"line":349,"column":40},"end":{"line":349,"column":69}},"51":{"start":{"line":350,"column":26},"end":{"line":357,"column":27}},"52":{"start":{"line":351,"column":28},"end":{"line":354,"column":30}},"53":{"start":{"line":356,"column":28},"end":{"line":356,"column":80}},"54":{"start":{"line":365,"column":40},"end":{"line":365,"column":69}},"55":{"start":{"line":366,"column":26},"end":{"line":376,"column":27}},"56":{"start":{"line":367,"column":28},"end":{"line":370,"column":30}},"57":{"start":{"line":372,"column":28},"end":{"line":375,"column":30}},"58":{"start":{"line":384,"column":26},"end":{"line":387,"column":27}},"59":{"start":{"line":427,"column":24},"end":{"line":427,"column":75}},"60":{"start":{"line":442,"column":24},"end":{"line":445,"column":25}},"61":{"start":{"line":460,"column":24},"end":{"line":463,"column":25}},"62":{"start":{"line":540,"column":24},"end":{"line":540,"column":75}},"63":{"start":{"line":595,"column":37},"end":{"line":595,"column":57}},"64":{"start":{"line":611,"column":24},"end":{"line":611,"column":75}},"65":{"start":{"line":619,"column":24},"end":{"line":622,"column":25}},"66":{"start":{"line":630,"column":24},"end":{"line":633,"column":25}},"67":{"start":{"line":764,"column":39},"end":{"line":764,"column":61}},"68":{"start":{"line":779,"column":26},"end":{"line":779,"column":77}}},"fnMap":{"0":{"name":"(anonymous_0)","decl":{"start":{"line":19,"column":33},"end":{"line":19,"column":34}},"loc":{"start":{"line":19,"column":39},"end":{"line":795,"column":1}},"line":19},"1":{"name":"(anonymous_1)","decl":{"start":{"line":29,"column":12},"end":{"line":29,"column":13}},"loc":{"start":{"line":29,"column":18},"end":{"line":41,"column":3}},"line":29},"2":{"name":"(anonymous_2)","decl":{"start":{"line":44,"column":29},"end":{"line":44,"column":30}},"loc":{"start":{"line":44,"column":41},"end":{"line":53,"column":3}},"line":44},"3":{"name":"(anonymous_3)","decl":{"start":{"line":56,"column":27},"end":{"line":56,"column":28}},"loc":{"start":{"line":58,"column":7},"end":{"line":96,"column":3}},"line":58},"4":{"name":"(anonymous_4)","decl":{"start":{"line":98,"column":23},"end":{"line":98,"column":24}},"loc":{"start":{"line":98,"column":29},"end":{"line":100,"column":3}},"line":98},"5":{"name":"(anonymous_5)","decl":{"start":{"line":177,"column":18},"end":{"line":177,"column":19}},"loc":{"start":{"line":178,"column":14},"end":{"line":189,"column":23}},"line":178},"6":{"name":"(anonymous_6)","decl":{"start":{"line":180,"column":25},"end":{"line":180,"column":26}},"loc":{"start":{"line":180,"column":31},"end":{"line":180,"column":51}},"line":180},"7":{"name":"(anonymous_7)","decl":{"start":{"line":221,"column":29},"end":{"line":221,"column":30}},"loc":{"start":{"line":221,"column":35},"end":{"line":221,"column":57}},"line":221},"8":{"name":"(anonymous_8)","decl":{"start":{"line":227,"column":29},"end":{"line":227,"column":30}},"loc":{"start":{"line":227,"column":35},"end":{"line":227,"column":55}},"line":227},"9":{"name":"(anonymous_9)","decl":{"start":{"line":348,"column":33},"end":{"line":348,"column":34}},"loc":{"start":{"line":348,"column":39},"end":{"line":358,"column":25}},"line":348},"10":{"name":"(anonymous_10)","decl":{"start":{"line":364,"column":33},"end":{"line":364,"column":34}},"loc":{"start":{"line":364,"column":39},"end":{"line":377,"column":25}},"line":364},"11":{"name":"(anonymous_11)","decl":{"start":{"line":383,"column":33},"end":{"line":383,"column":34}},"loc":{"start":{"line":384,"column":26},"end":{"line":387,"column":27}},"line":384},"12":{"name":"(anonymous_12)","decl":{"start":{"line":426,"column":31},"end":{"line":426,"column":32}},"loc":{"start":{"line":427,"column":24},"end":{"line":427,"column":75}},"line":427},"13":{"name":"(anonymous_13)","decl":{"start":{"line":441,"column":31},"end":{"line":441,"column":32}},"loc":{"start":{"line":442,"column":24},"end":{"line":445,"column":25}},"line":442},"14":{"name":"(anonymous_14)","decl":{"start":{"line":459,"column":31},"end":{"line":459,"column":32}},"loc":{"start":{"line":460,"column":24},"end":{"line":463,"column":25}},"line":460},"15":{"name":"(anonymous_15)","decl":{"start":{"line":539,"column":31},"end":{"line":539,"column":32}},"loc":{"start":{"line":540,"column":24},"end":{"line":540,"column":75}},"line":540},"16":{"name":"(anonymous_16)","decl":{"start":{"line":595,"column":31},"end":{"line":595,"column":32}},"loc":{"start":{"line":595,"column":37},"end":{"line":595,"column":57}},"line":595},"17":{"name":"(anonymous_17)","decl":{"start":{"line":610,"column":31},"end":{"line":610,"column":32}},"loc":{"start":{"line":611,"column":24},"end":{"line":611,"column":75}},"line":611},"18":{"name":"(anonymous_18)","decl":{"start":{"line":618,"column":31},"end":{"line":618,"column":32}},"loc":{"start":{"line":619,"column":24},"end":{"line":622,"column":25}},"line":619},"19":{"name":"(anonymous_19)","decl":{"start":{"line":629,"column":31},"end":{"line":629,"column":32}},"loc":{"start":{"line":630,"column":24},"end":{"line":633,"column":25}},"line":630},"20":{"name":"(anonymous_20)","decl":{"start":{"line":764,"column":33},"end":{"line":764,"column":34}},"loc":{"start":{"line":764,"column":39},"end":{"line":764,"column":61}},"line":764},"21":{"name":"(anonymous_21)","decl":{"start":{"line":778,"column":33},"end":{"line":778,"column":34}},"loc":{"start":{"line":779,"column":26},"end":{"line":779,"column":77}},"line":779}},"branchMap":{"0":{"loc":{"start":{"line":31,"column":4},"end":{"line":34,"column":5}},"type":"if","locations":[{"start":{"line":31,"column":4},"end":{"line":34,"column":5}},{"start":{},"end":{}}],"line":31},"1":{"loc":{"start":{"line":47,"column":6},"end":{"line":49,"column":7}},"type":"if","locations":[{"start":{"line":47,"column":6},"end":{"line":49,"column":7}},{"start":{},"en
[...]
n":24},"end":{"line":198,"column":60}},"52":{"start":{"line":199,"column":6},"end":{"line":213,"column":7}},"53":{"start":{"line":200,"column":41},"end":{"line":208,"column":9}},"54":{"start":{"line":211,"column":8},"end":{"line":211,"column":74}},"55":{"start":{"line":212,"column":8},"end":{"line":212,"column":27}},"56":{"start":{"line":215,"column":6},"end":{"line":215,"column":18}},"57":{"start":{"line":217,"column":6},"end":{"line":217,"column":42}},"58":{"start":{"line":218,"column":6},"end":{"line":218,"column":18}},"59":{"start":{"line":227,"column":4},"end":{"line":260,"column":5}},"60":{"start":{"line":228,"column":6},"end":{"line":228,"column":39}},"61":{"start":{"line":231,"column":6},"end":{"line":231,"column":35}},"62":{"start":{"line":234,"column":6},"end":{"line":234,"column":47}},"63":{"start":{"line":235,"column":6},"end":{"line":235,"column":46}},"64":{"start":{"line":236,"column":6},"end":{"line":236,"column":39}},"65":{"start":{"line":237,"column":6},"end":{"line":237,"column":38}},"66":{"start":{"line":240,"column":6},"end":{"line":241,"column":71}},"67":{"start":{"line":242,"column":6},"end":{"line":243,"column":68}},"68":{"start":{"line":245,"column":6},"end":{"line":245,"column":35}},"69":{"start":{"line":248,"column":6},"end":{"line":248,"column":38}},"70":{"start":{"line":250,"column":6},"end":{"line":250,"column":45}},"71":{"start":{"line":253,"column":6},"end":{"line":253,"column":47}},"72":{"start":{"line":254,"column":6},"end":{"line":254,"column":46}},"73":{"start":{"line":255,"column":6},"end":{"line":255,"column":39}},"74":{"start":{"line":256,"column":6},"end":{"line":256,"column":38}},"75":{"start":{"line":259,"column":6},"end":{"line":259,"column":38}},"76":{"start":{"line":268,"column":18},"end":{"line":268,"column":55}},"77":{"start":{"line":269,"column":17},"end":{"line":269,"column":53}},"78":{"start":{"line":270,"column":4},"end":{"line":270,"column":29}},"79":{"start":{"line":277,"column":4},"end":{"line":277,"column":49}},"80":{"start":{"line":285,"column":4},"end":{"line":301,"column":5}},"81":{"start":{"line":286,"column":6},"end":{"line":286,"column":41}},"82":{"start":{"line":289,"column":23},"end":{"line":289,"column":62}},"83":{"start":{"line":291,"column":6},"end":{"line":295,"column":7}},"84":{"start":{"line":292,"column":8},"end":{"line":292,"column":56}},"85":{"start":{"line":293,"column":8},"end":{"line":293,"column":39}},"86":{"start":{"line":294,"column":8},"end":{"line":294,"column":24}},"87":{"start":{"line":297,"column":6},"end":{"line":297,"column":18}},"88":{"start":{"line":299,"column":6},"end":{"line":299,"column":47}},"89":{"start":{"line":300,"column":6},"end":{"line":300,"column":18}},"90":{"start":{"line":308,"column":4},"end":{"line":315,"column":5}},"91":{"start":{"line":310,"column":19},"end":{"line":310,"column":55}},"92":{"start":{"line":311,"column":6},"end":{"line":311,"column":27}},"93":{"start":{"line":313,"column":6},"end":{"line":313,"column":47}},"94":{"start":{"line":314,"column":6},"end":{"line":314,"column":19}}},"fnMap":{"0":{"name":"(anonymous_0)","decl":{"start":{"line":55,"column":16},"end":{"line":55,"column":17}},"loc":{"start":{"line":58,"column":38},"end":{"line":130,"column":3}},"line":58},"1":{"name":"(anonymous_1)","decl":{"start":{"line":136,"column":19},"end":{"line":136,"column":20}},"loc":{"start":{"line":140,"column":41},"end":{"line":183,"column":3}},"line":140},"2":{"name":"(anonymous_2)","decl":{"start":{"line":189,"column":18},"end":{"line":189,"column":19}},"loc":{"start":{"line":189,"column":59},"end":{"line":220,"column":3}},"line":189},"3":{"name":"(anonymous_3)","decl":{"start":{"line":226,"column":10},"end":{"line":226,"column":11}},"loc":{"start":{"line":226,"column":37},"end":{"line":261,"column":3}},"line":226},"4":{"name":"(anonymous_4)","decl":{"start":{"line":267,"column":19},"end":{"line":267,"column":20}},"loc":{"start":{"line":267,"column":34},"end":{"line":271,"column":3}},"line":267},"5":{"name":"(anonymous_5)","decl":{"start":{"line":276,"column":12},"end":{"line":276,"column":13}},"loc":{"start":{"line":276,"column":33},"end":{"line":278,"column":3}},"line":276},"6":{"name":"(anonymous_6)","decl":{"start":{"line":284,"column":16},"end":{"line":284,"column":17}},"loc":{"start":{"line":284,"column":52},"end":{"line":302,"column":3}},"line":284},"7":{"name":"(anonymous_7)","decl":{"start":{"line":307,"column":15},"end":{"line":307,"column":16}},"loc":{"start":{"line":307,"column":45},"end":{"line":316,"column":3}},"line":307}},"branchMap":{"0":{"loc":{"start":{"line":65,"column":6},"end":{"line":108,"column":7}},"type":"if","locations":[{"start":{"line":65,"column":6},"end":{"line":108,"column":7}},{"start":{"line":102,"column":13},"end":{"line":108,"column":7}}],"line":65},"1":{"loc":{"start":{"line":65,"column":10},"end":{"line":65,"column":25}},"type":"binary-expr","locations":[{"start":{"line":65,"column":10},"end":{"line":65,"column":14}},{"start":{"line":65,"column":18},"end":{"line":65,"column":25}}],"line":65},"2":{"loc":{"start":{"line":88,"column":10},"end":{"line":90,"column":30}},"type":"cond-expr","locations":[{"start":{"line":89,"column":14},"end":{"line":89,"column":25}},{"start":{"line":90,"column":14},"end":{"line":90,"column":30}}],"line":88},"3":{"loc":{"start":{"line":113,"column":6},"end":{"line":123,"column":7}},"type":"if","locations":[{"start":{"line":113,"column":6},"end":{"line":123,"column":7}},{"start":{},"end":{}}],"line":113},"4":{"loc":{"start":{"line":114,"column":8},"end":{"line":122,"column":9}},"type":"if","locations":[{"start":{"line":114,"column":8},"end":{"line":122,"column":9}},{"start":{"line":116,"column":15},"end":{"line":122,"column":9}}],"line":114},"5":{"loc":{"start":{"line":116,"column":15},"end":{"line":122,"column":9}},"type":"if","locations":[{"start":{"line":116,"column":15},"end":{"line":122,"column":9}},{"start":{"line":118,"column":15},"end":{"line":122,"column":9}}],"line":116},"6":{"loc":{"start":{"line":118,"column":15},"end":{"line":122,"column":9}},"type":"if","locations":[{"start":{"line":118,"column":15},"end":{"line":122,"column":9}},{"start":{"line":120,"column":15},"end":{"line":122,"column":9}}],"line":118},"7":{"loc":{"start":{"line":120,"column":15},"end":{"line":122,"column":9}},"type":"if","locations":[{"start":{"line":120,"column":15},"end":{"line":122,"column":9}},{"start":{},"end":{}}],"line":120},"8":{"loc":{"start":{"line":146,"column":18},"end":{"line":146,"column":49}},"type":"binary-expr","locations":[{"start":{"line":146,"column":18},"end":{"line":146,"column":26}},{"start":{"line":146,"column":30},"end":{"line":146,"column":49}}],"line":146},"9":{"loc":{"start":{"line":149,"column":6},"end":{"line":163,"column":7}},"type":"if","locations":[{"start":{"line":149,"column":6},"end":{"line":163,"column":7}},{"start":{"line":157,"column":13},"end":{"line":163,"column":7}}],"line":149},"10":{"loc":{"start":{"line":149,"column":10},"end":{"line":149,"column":25}},"type":"binary-expr","locations":[{"start":{"line":149,"column":10},"end":{"line":149,"column":14}},{"start":{"line":149,"column":18},"end":{"line":149,"column":25}}],"line":149},"11":{"loc":{"start":{"line":168,"column":6},"end":{"line":176,"column":7}},"type":"if","locations":[{"start":{"line":168,"column":6},"end":{"line":176,"column":7}},{"start":{},"end":{}}],"line":168},"12":{"loc":{"start":{"line":169,"column":8},"end":{"line":175,"column":9}},"type":"if","locations":[{"start":{"line":169,"column":8},"end":{"line":175,"column":9}},{"start":{"line":171,"column":15},"end":{"line":175,"column":9}}],"line":169},"13":{"loc":{"start":{"line":171,"column":15},"end":{"line":175,"column":9}},"type":"if","locations":[{"start":{"line":171,"column":15},"end":{"line":175,"column":9}},{"start":{"line":173,"column":15},"end":{"line":175,"column":9}}],"line":171},"14":{"loc":{"start":{"line":173,"column":15},"end":{"line":175,"column":9}},"type":"if","locations":[{"start":{"line":173,"column":15},"end":{"line":175,"column":9}},{"start":{},"end":{}}],"line":173},"15":{"loc":{"start":{"line":193,"column":6},"end":{"line":195,"column":7}},"type":"if","locations":[{"start":{"line":193,"column":6},"end":{"line":195,"column":7}},{"start":{},"end":{}}],"line":193},"16":{"loc":{"start":{"line":199,"column":6},"end":{"line":213,"column":7}},"type":"if","locations":[{"start":{"line":199,"column":6},"end":{"line":213,"column":7}},{"start":{},"end":{}}],"line":199},"17":{"loc":{"start":{"line":199,"column":10},"end":{"line":199,"column":25}},"type":"binary-expr","locations":[{"start":{"line":199,"column":10},"end":{"line":199,"column":14}},{"start":{"line":199,"column":18},"end":{"line":199,"column":25}}],"line":199},"18":{"loc":{"start":{"line":270,"column":14},"end":{"line":270,"column":27}},"type":"binary-expr","locations":[{"start":{"line":270,"column":14},"end":{"line":270,"column":19}},{"start":{"line":270,"column":23},"end":{"line":270,"column":27}}],"line":270},"19":{"loc":{"start":{"line":291,"column":6},"end":{"line":295,"column":7}},"type":"if","locations":[{"start":{"line":291,"column":6},"end":{"line":295,"column":7}},{"start":{},"end":{}}],"line":291}},"s":{"0":0,"1":0,"2":0,"3":0,"4":0,"5":0,"6":0,"7":0,"8":0,"9":0,"10":0,"11":0,"12":0,"13":0,"14":0,"15":0,"16":0,"17":0,"18":0,"19":0,"20":0,"21":0,"22":0,"23":0,"24":0,"25":0,"26":0,"27":0,"28":0,"29":0,"30":0,"31":0,"32":0,"33":0,"34":0,"35":0,"36":0,"37":0,"38":0,"39":0,"40":0,"41":0,"42":0,"43":0,"44":0,"45":0,"46":0,"47":0,"48":0,"49":0,"50":0,"51":0,"52":0,"53":0,"54":0,"55":0,"56":0,"57":0,"58":0,"59":0,"60":0,"61":0,"62":0,"63":0,"64":0,"65":0,"66":0,"67":0,"68":0,"69":0,"70":0,"71":0,"72":0,"73":0,"74":0,"75":0,"76":0,"77":0,"78":0,"79":0,"80":0,"81":0,"82":0,"83":0,"84":0,"85":0,"86":0,"87":0,"88":0,"89":0,"90":0,"91":0,"92":0,"93":0,"94":0},"f":{"0":0,"1":0,"2":0,"3":0,"4":0,"5":0,"6":0,"7":0},"b":{"0":[0,0],"1":[0,0],"2":[0,0],"3":[0,0],"4":[0,0],"5":[0,0],"6":[0,0],"7":[0,0],"8":[0,0],"9":[0,0],"10":[0,0],"11":[0,0],"12":[0,0],"13":[0,0],"14":[0,0],"15":[0,0],"16":[0,0],"17":[0,0],"18":[0,0],"19":[0,0]}}
,"/root/zhitoujianli/frontend/src/services/bossService.ts": {"path":"/root/zhitoujianli/frontend/src/services/bossService.ts","statementMap":{"0":{"start":{"line":31,"column":27},"end":{"line":120,"column":1}},"1":{"start":{"line":36,"column":4},"end":{"line":44,"column":5}},"2":{"start":{"line":37,"column":23},"end":{"line":39,"column":7}},"3":{"start":{"line":40,"column":6},"end":{"line":40,"column":27}},"4":{"start":{"line":42,"column":6},"end":{"line":42,"column":42}},"5":{"start":{"line":43,"column":6},"end":{"line":43,"column":69}},"6":{"start":{"line":51,"column":4},"end":{"line":59,"column":5}},"7":{"start":{"line":52,"column":23},"end":{"line":54,"column":7}},"8":{"start":{"line":55,"column":6},"end":{"line":55,"column":27}},"9":{"start":{"line":57,"column":6},"end":{"line":57,"column":42}},"10":{"start":{"line":58,"column":6},"end":{"line":58,"column":69}},"11":{"start":{"line":66,"column":4},"end":{"line":74,"column":5}},"12":{"start":{"line":67,"column":23},"end":{"line":69,"column":7}},"13":{"start":{"line":70,"column":6},"end":{"line":70,"column":27}},"14":{"start":{"line":72,"column":6},"end":{"line":72,"column":42}},"15":{"start":{"line":73,"column":6},"end":{"line":73,"column":65}},"16":{"start":{"line":81,"column":4},"end":{"line":89,"column":5}},"17":{"start":{"line":82,"column":23},"end":{"line":84,"column":7}},"18":{"start":{"line":85,"column":6},"end":{"line":85,"column":27}},"19":{"start":{"line":87,"column":6},"end":{"line":87,"column":42}},"20":{"start":{"line":88,"column":6},"end":{"line":88,"column":65}},"21":{"start":{"line":96,"column":4},"end":{"line":102,"column":5}},"22":{"start":{"line":97,"column":23},"end":{"line":97,"column":79}},"23":{"start":{"line":98,"column":6},"end":{"line":98,"column":27}},"24":{"start":{"line":100,"column":6},"end":{"line":100,"column":40}},"25":{"start":{"line":101,"column":6},"end":{"line":101,"column":65}},"26":{"start":{"line":109,"column":4},"end":{"line":118,"column":5}},"27":{"start":{"line":110,"column":23},"end":{"line":113,"column":7}},"28":{"start":{"line":114,"column":6},"end":{"line":114,"column":27}},"29":{"start":{"line":116,"column":6},"end":{"line":116,"column":40}},"30":{"start":{"line":117,"column":6},"end":{"line":117,"column":65}}},"fnMap":{"0":{"name":"(anonymous_0)","decl":{"start":{"line":35,"column":17},"end":{"line":35,"column":18}},"loc":{"start":{"line":35,"column":56},"end":{"line":45,"column":3}},"line":35},"1":{"name":"(anonymous_1)","decl":{"start":{"line":50,"column":16},"end":{"line":50,"column":17}},"loc":{"start":{"line":50,"column":55},"end":{"line":60,"column":3}},"line":50},"2":{"name":"(anonymous_2)","decl":{"start":{"line":65,"column":17},"end":{"line":65,"column":18}},"loc":{"start":{"line":65,"column":50},"end":{"line":75,"column":3}},"line":65},"3":{"name":"(anonymous_3)","decl":{"start":{"line":80,"column":15},"end":{"line":80,"column":16}},"loc":{"start":{"line":80,"column":68},"end":{"line":90,"column":3}},"line":80},"4":{"name":"(anonymous_4)","decl":{"start":{"line":95,"column":17},"end":{"line":95,"column":18}},"loc":{"start":{"line":95,"column":43},"end":{"line":103,"column":3}},"line":95},"5":{"name":"(anonymous_5)","decl":{"start":{"line":108,"column":18},"end":{"line":108,"column":19}},"loc":{"start":{"line":108,"column":55},"end":{"line":119,"column":3}},"line":108}},"branchMap":{"0":{"loc":{"start":{"line":43,"column":22},"end":{"line":43,"column":67}},"type":"binary-expr","locations":[{"start":{"line":43,"column":22},"end":{"line":43,"column":51}},{"start":{"line":43,"column":55},"end":{"line":43,"column":67}}],"line":43},"1":{"loc":{"start":{"line":58,"column":22},"end":{"line":58,"column":67}},"type":"binary-expr","locations":[{"start":{"line":58,"column":22},"end":{"line":58,"column":51}},{"start":{"line":58,"column":55},"end":{"line":58,"column":67}}],"line":58},"2":{"loc":{"start":{"line":73,"column":22},"end":{"line":73,"column":63}},"type":"binary-expr","locations":[{"start":{"line":73,"column":22},"end":{"line":73,"column":51}},{"start":{"line":73,"column":55},"end":{"line":73,"column":63}}],"line":73},"3":{"loc":{"start":{"line":80,"column":22},"end":{"line":80,"column":40}},"type":"default-arg","locations":[{"start":{"line":80,"column":38},"end":{"line":80,"column":40}}],"line":80},"4":{"loc":{"start":{"line":88,"column":22},"end":{"line":88,"column":63}},"type":"binary-expr","locations":[{"start":{"line":88,"column":22},"end":{"line":88,"column":51}},{"start":{"line":88,"column":55},"end":{"line":88,"column":63}}],"line":88},"5":{"loc":{"start":{"line":101,"column":22},"end":{"line":101,"column":63}},"type":"binary-expr","locations":[{"start":{"line":101,"column":22},"end":{"line":101,"column":51}},{"start":{"line":101,"column":55},"end":{"line":101,"column":63}}],"line":101},"6":{"loc":{"start":{"line":117,"column":22},"end":{"line":117,"column":63}},"type":"binary-expr","locations":[{"start":{"line":117,"column":22},"end":{"line":117,"column":51}},{"start":{"line":117,"column":55},"end":{"line":117,"column":63}}],"line":117}},"s":{"0":0,"1":0,"2":0,"3":0,"4":0,"5":0,"6":0,"7":0,"8":0,"9":0,"10":0,"11":0,"12":0,"13":0,"14":0,"15":0,"16":0,"17":0,"18":0,"19":0,"20":0,"21":0,"22":0,"23":0,"24":0,"25":0,"26":0,"27":0,"28":0,"29":0,"30":0},"f":{"0":0,"1":0,"2":0,"3":0,"4":0,"5":0},"b":{"0":[0,0],"1":[0,0],"2":[0,0],"3":[0],"4":[0,0],"5":[0,0],"6":[0,0]}}
,"/root/zhitoujianli/frontend/src/services/resumeService.ts": {"path":"/root/zhitoujianli/frontend/src/services/resumeService.ts","statementMap":{"0":{"start":{"line":32,"column":29},"end":{"line":122,"column":1}},"1":{"start":{"line":37,"column":4},"end":{"line":55,"column":5}},"2":{"start":{"line":38,"column":23},"end":{"line":38,"column":37}},"3":{"start":{"line":39,"column":6},"end":{"line":39,"column":36}},"4":{"start":{"line":41,"column":23},"end":{"line":49,"column":7}},"5":{"start":{"line":51,"column":6},"end":{"line":51,"column":27}},"6":{"start":{"line":53,"column":6},"end":{"line":53,"column":38}},"7":{"start":{"line":54,"column":6},"end":{"line":54,"column":65}},"8":{"start":{"line":62,"column":4},"end":{"line":70,"column":5}},"9":{"start":{"line":63,"column":23},"end":{"line":65,"column":7}},"10":{"start":{"line":66,"column":6},"end":{"line":66,"column":27}},"11":{"start":{"line":68,"column":6},"end":{"line":68,"column":38}},"12":{"start":{"line":69,"column":6},"end":{"line":69,"column":65}},"13":{"start":{"line":79,"column":4},"end":{"line":88,"column":5}},"14":{"start":{"line":80,"column":23},"end":{"line":83,"column":7}},"15":{"start":{"line":84,"column":6},"end":{"line":84,"column":27}},"16":{"start":{"line":86,"column":6},"end":{"line":86,"column":38}},"17":{"start":{"line":87,"column":6},"end":{"line":87,"column":65}},"18":{"start":{"line":95,"column":4},"end":{"line":103,"column":5}},"19":{"start":{"line":96,"column":23},"end":{"line":98,"column":7}},"20":{"start":{"line":99,"column":6},"end":{"line":99,"column":27}},"21":{"start":{"line":101,"column":6},"end":{"line":101,"column":38}},"22":{"start":{"line":102,"column":6},"end":{"line":102,"column":65}},"23":{"start":{"line":112,"column":4},"end":{"line":120,"column":5}},"24":{"start":{"line":113,"column":23},"end":{"line":115,"column":8}},"25":{"start":{"line":116,"column":6},"end":{"line":116,"column":27}},"26":{"start":{"line":118,"column":6},"end":{"line":118,"column":40}},"27":{"start":{"line":119,"column":6},"end":{"line":119,"column":67}}},"fnMap":{"0":{"name":"(anonymous_0)","decl":{"start":{"line":36,"column":16},"end":{"line":36,"column":17}},"loc":{"start":{"line":36,"column":69},"end":{"line":56,"column":3}},"line":36},"1":{"name":"(anonymous_1)","decl":{"start":{"line":61,"column":14},"end":{"line":61,"column":15}},"loc":{"start":{"line":61,"column":57},"end":{"line":71,"column":3}},"line":61},"2":{"name":"(anonymous_2)","decl":{"start":{"line":76,"column":14},"end":{"line":76,"column":15}},"loc":{"start":{"line":78,"column":38},"end":{"line":89,"column":3}},"line":78},"3":{"name":"(anonymous_3)","decl":{"start":{"line":94,"column":16},"end":{"line":94,"column":17}},"loc":{"start":{"line":94,"column":59},"end":{"line":104,"column":3}},"line":94},"4":{"name":"(anonymous_4)","decl":{"start":{"line":109,"column":20},"end":{"line":109,"column":21}},"loc":{"start":{"line":111,"column":70},"end":{"line":121,"column":3}},"line":111}},"branchMap":{"0":{"loc":{"start":{"line":54,"column":22},"end":{"line":54,"column":63}},"type":"binary-expr","locations":[{"start":{"line":54,"column":22},"end":{"line":54,"column":51}},{"start":{"line":54,"column":55},"end":{"line":54,"column":63}}],"line":54},"1":{"loc":{"start":{"line":69,"column":22},"end":{"line":69,"column":63}},"type":"binary-expr","locations":[{"start":{"line":69,"column":22},"end":{"line":69,"column":51}},{"start":{"line":69,"column":55},"end":{"line":69,"column":63}}],"line":69},"2":{"loc":{"start":{"line":87,"column":22},"end":{"line":87,"column":63}},"type":"binary-expr","locations":[{"start":{"line":87,"column":22},"end":{"line":87,"column":51}},{"start":{"line":87,"column":55},"end":{"line":87,"column":63}}],"line":87},"3":{"loc":{"start":{"line":102,"column":22},"end":{"line":102,"column":63}},"type":"binary-expr","locations":[{"start":{"line":102,"column":22},"end":{"line":102,"column":51}},{"start":{"line":102,"column":55},"end":{"line":102,"column":63}}],"line":102},"4":{"loc":{"start":{"line":119,"column":22},"end":{"line":119,"column":65}},"type":"binary-expr","locations":[{"start":{"line":119,"column":22},"end":{"line":119,"column":51}},{"start":{"line":119,"column":55},"end":{"line":119,"column":65}}],"line":119}},"s":{"0":0,"1":0,"2":0,"3":0,"4":0,"5":0,"6":0,"7":0,"8":0,"9":0,"10":0,"11":0,"12":0,"13":0,"14":0,"15":0,"16":0,"17":0,"18":0,"19":0,"20":0,"21":0,"22":0,"23":0,"24":0,"25":0,"26":0,"27":0},"f":{"0":0,"1":0,"2":0,"3":0,"4":0},"b":{"0":[0,0],"1":[0,0],"2":[0,0],"3":[0,0],"4":[0,0]}}
}
