{"/root/zhitoujianli/frontend/src/App.tsx": {"path":"/root/zhitoujianli/frontend/src/App.tsx","statementMap":{"0":{"start":{"line":30,"column":27},"end":{"line":45,"column":1}},"1":{"start":{"line":31,"column":2},"end":{"line":44,"column":4}},"2":{"start":{"line":58,"column":2},"end":{"line":108,"column":4}}},"fnMap":{"0":{"name":"(anonymous_0)","decl":{"start":{"line":30,"column":27},"end":{"line":30,"column":28}},"loc":{"start":{"line":30,"column":33},"end":{"line":45,"column":1}},"line":30},"1":{"name":"App","decl":{"start":{"line":57,"column":9},"end":{"line":57,"column":12}},"loc":{"start":{"line":57,"column":15},"end":{"line":109,"column":1}},"line":57}},"branchMap":{},"s":{"0":0,"1":0,"2":0},"f":{"0":0,"1":0},"b":{}}
,"/root/zhitoujianli/frontend/src/index.tsx": {"path":"/root/zhitoujianli/frontend/src/index.tsx","statementMap":{"0":{"start":{"line":7,"column":13},"end":{"line":9,"column":1}},"1":{"start":{"line":10,"column":0},"end":{"line":14,"column":2}},"2":{"start":{"line":19,"column":0},"end":{"line":19,"column":18}}},"fnMap":{},"branchMap":{},"s":{"0":0,"1":0,"2":0},"f":{},"b":{}}
,"/root/zhitoujianli/frontend/src/reportWebVitals.ts": {"path":"/root/zhitoujianli/frontend/src/reportWebVitals.ts","statementMap":{"0":{"start":{"line":3,"column":24},"end":{"line":13,"column":1}},"1":{"start":{"line":4,"column":2},"end":{"line":12,"column":3}},"2":{"start":{"line":5,"column":4},"end":{"line":11,"column":7}},"3":{"start":{"line":6,"column":6},"end":{"line":6,"column":26}},"4":{"start":{"line":7,"column":6},"end":{"line":7,"column":26}},"5":{"start":{"line":8,"column":6},"end":{"line":8,"column":26}},"6":{"start":{"line":9,"column":6},"end":{"line":9,"column":26}},"7":{"start":{"line":10,"column":6},"end":{"line":10,"column":27}}},"fnMap":{"0":{"name":"(anonymous_0)","decl":{"start":{"line":3,"column":24},"end":{"line":3,"column":25}},"loc":{"start":{"line":3,"column":57},"end":{"line":13,"column":1}},"line":3},"1":{"name":"(anonymous_1)","decl":{"start":{"line":5,"column":30},"end":{"line":5,"column":31}},"loc":{"start":{"line":5,"column":79},"end":{"line":11,"column":5}},"line":5}},"branchMap":{"0":{"loc":{"start":{"line":4,"column":2},"end":{"line":12,"column":3}},"type":"if","locations":[{"start":{"line":4,"column":2},"end":{"line":12,"column":3}},{"start":{},"end":{}}],"line":4},"1":{"loc":{"start":{"line":4,"column":6},"end":{"line":4,"column":52}},"type":"binary-expr","locations":[{"start":{"line":4,"column":6},"end":{"line":4,"column":17}},{"start":{"line":4,"column":21},"end":{"line":4,"column":52}}],"line":4}},"s":{"0":0,"1":0,"2":0,"3":0,"4":0,"5":0,"6":0,"7":0},"f":{"0":0,"1":0},"b":{"0":[0,0],"1":[0,0]}}
,"/root/zhitoujianli/frontend/src/setupProxy.js": {"path":"/root/zhitoujianli/frontend/src/setupProxy.js","statementMap":{"0":{"start":{"line":16,"column":34},"end":{"line":16,"column":66}},"1":{"start":{"line":18,"column":0},"end":{"line":66,"column":2}},"2":{"start":{"line":20,"column":2},"end":{"line":65,"column":4}},"3":{"start":{"line":32,"column":8},"end":{"line":32,"column":46}},"4":{"start":{"line":33,"column":8},"end":{"line":35,"column":11}},"5":{"start":{"line":36,"column":8},"end":{"line":42,"column":10}},"6":{"start":{"line":47,"column":10},"end":{"line":47,"column":73}},"7":{"start":{"line":48,"column":8},"end":{"line":54,"column":10}},"8":{"start":{"line":58,"column":8},"end":{"line":58,"column":61}},"9":{"start":{"line":60,"column":8},"end":{"line":61,"column":34}},"10":{"start":{"line":62,"column":8},"end":{"line":62,"column":70}}},"fnMap":{"0":{"name":"(anonymous_0)","decl":{"start":{"line":18,"column":17},"end":{"line":18,"column":18}},"loc":{"start":{"line":18,"column":32},"end":{"line":66,"column":1}},"line":18},"1":{"name":"(anonymous_1)","decl":{"start":{"line":31,"column":15},"end":{"line":31,"column":16}},"loc":{"start":{"line":31,"column":40},"end":{"line":43,"column":7}},"line":31},"2":{"name":"(anonymous_2)","decl":{"start":{"line":45,"column":18},"end":{"line":45,"column":19}},"loc":{"start":{"line":45,"column":43},"end":{"line":55,"column":7}},"line":45},"3":{"name":"(anonymous_3)","decl":{"start":{"line":57,"column":18},"end":{"line":57,"column":19}},"loc":{"start":{"line":57,"column":43},"end":{"line":63,"column":7}},"line":57}},"branchMap":{"0":{"loc":{"start":{"line":24,"column":14},"end":{"line":24,"column":77}},"type":"binary-expr","locations":[{"start":{"line":24,"column":14},"end":{"line":24,"column":47}},{"start":{"line":24,"column":51},"end":{"line":24,"column":77}}],"line":24},"1":{"loc":{"start":{"line":47,"column":10},"end":{"line":47,"column":73}},"type":"binary-expr","locations":[{"start":{"line":47,"column":10},"end":{"line":47,"column":43}},{"start":{"line":47,"column":47},"end":{"line":47,"column":73}}],"line":47}},"s":{"0":0,"1":0,"2":0,"3":0,"4":0,"5":0,"6":0,"7":0,"8":0,"9":0,"10":0},"f":{"0":0,"1":0,"2":0,"3":0},"b":{"0":[0,0],"1":[0,0]}}
,"/root/zhitoujianli/frontend/src/components/ApiTestPage.tsx": {"path":"/root/zhitoujianli/frontend/src/components/ApiTestPage.tsx","statementMap":{"0":{"start":{"line":9,"column":30},"end":{"line":103,"column":1}},"1":{"start":{"line":10,"column":38},"end":{"line":10,"column":64}},"2":{"start":{"line":11,"column":36},"end":{"line":13,"column":3}},"3":{"start":{"line":15,"column":2},"end":{"line":49,"column":9}},"4":{"start":{"line":16,"column":20},"end":{"line":46,"column":5}},"5":{"start":{"line":17,"column":6},"end":{"line":45,"column":7}},"6":{"start":{"line":18,"column":8},"end":{"line":18,"column":39}},"7":{"start":{"line":19,"column":8},"end":{"line":19,"column":65}},"8":{"start":{"line":21,"column":25},"end":{"line":21,"column":75}},"9":{"start":{"line":22,"column":8},"end":{"line":22,"column":49}},"10":{"start":{"line":24,"column":8},"end":{"line":26,"column":10}},"11":{"start":{"line":27,"column":8},"end":{"line":27,"column":32}},"12":{"start":{"line":29,"column":8},"end":{"line":29,"column":43}},"13":{"start":{"line":31,"column":27},"end":{"line":31,"column":41}},"14":{"start":{"line":32,"column":8},"end":{"line":41,"column":9}},"15":{"start":{"line":33,"column":10},"end":{"line":33,"column":60}},"16":{"start":{"line":34,"column":10},"end":{"line":34,"column":97}},"17":{"start":{"line":35,"column":10},"end":{"line":35,"column":58}},"18":{"start":{"line":36,"column":15},"end":{"line":41,"column":9}},"19":{"start":{"line":37,"column":10},"end":{"line":37,"column":53}},"20":{"start":{"line":38,"column":10},"end":{"line":38,"column":58}},"21":{"start":{"line":40,"column":10},"end":{"line":40,"column":53}},"22":{"start":{"line":43,"column":8},"end":{"line":43,"column":36}},"23":{"start":{"line":44,"column":8},"end":{"line":44,"column":30}},"24":{"start":{"line":48,"column":4},"end":{"line":48,"column":14}},"25":{"start":{"line":51,"column":2},"end":{"line":102,"column":4}}},"fnMap":{"0":{"name":"(anonymous_0)","decl":{"start":{"line":9,"column":30},"end":{"line":9,"column":31}},"loc":{"start":{"line":9,"column":36},"end":{"line":103,"column":1}},"line":9},"1":{"name":"(anonymous_1)","decl":{"start":{"line":15,"column":12},"end":{"line":15,"column":13}},"loc":{"start":{"line":15,"column":18},"end":{"line":49,"column":3}},"line":15},"2":{"name":"(anonymous_2)","decl":{"start":{"line":16,"column":20},"end":{"line":16,"column":21}},"loc":{"start":{"line":16,"column":32},"end":{"line":46,"column":5}},"line":16}},"branchMap":{"0":{"loc":{"start":{"line":32,"column":8},"end":{"line":41,"column":9}},"type":"if","locations":[{"start":{"line":32,"column":8},"end":{"line":41,"column":9}},{"start":{"line":36,"column":15},"end":{"line":41,"column":9}}],"line":32},"1":{"loc":{"start":{"line":34,"column":35},"end":{"line":34,"column":92}},"type":"binary-expr","locations":[{"start":{"line":34,"column":35},"end":{"line":34,"column":63}},{"start":{"line":34,"column":67},"end":{"line":34,"column":92}}],"line":34},"2":{"loc":{"start":{"line":36,"column":15},"end":{"line":41,"column":9}},"type":"if","locations":[{"start":{"line":36,"column":15},"end":{"line":41,"column":9}},{"start":{"line":39,"column":15},"end":{"line":41,"column":9}}],"line":36},"3":{"loc":{"start":{"line":61,"column":14},"end":{"line":65,"column":53}},"type":"cond-expr","locations":[{"start":{"line":62,"column":18},"end":{"line":62,"column":57}},{"start":{"line":63,"column":18},"end":{"line":65,"column":53}}],"line":61},"4":{"loc":{"start":{"line":63,"column":18},"end":{"line":65,"column":53}},"type":"cond-expr","locations":[{"start":{"line":64,"column":20},"end":{"line":64,"column":57}},{"start":{"line":65,"column":20},"end":{"line":65,"column":53}}],"line":63}},"s":{"0":0,"1":0,"2":0,"3":0,"4":0,"5":0,"6":0,"7":0,"8":0,"9":0,"10":0,"11":0,"12":0,"13":0,"14":0,"15":0,"16":0,"17":0,"18":0,"19":0,"20":0,"21":0,"22":0,"23":0,"24":0,"25":0},"f":{"0":0,"1":0,"2":0},"b":{"0":[0,0],"1":[0,0],"2":[0,0],"3":[0,0],"4":[0,0]}}
,"/root/zhitoujianli/frontend/src/components/AutoDelivery.tsx": {"path":"/root/zhitoujianli/frontend/src/components/AutoDelivery.tsx","statementMap":{"0":{"start":{"line":3,"column":21},"end":{"line":336,"column":1}},"1":{"start":{"line":4,"column":52},"end":{"line":4,"column":74}},"2":{"start":{"line":5,"column":50},"end":{"line":11,"column":4}},"3":{"start":{"line":13,"column":20},"end":{"line":42,"column":3}},"4":{"start":{"line":44,"column":31},"end":{"line":50,"column":3}},"5":{"start":{"line":45,"column":4},"end":{"line":49,"column":6}},"6":{"start":{"line":46,"column":6},"end":{"line":48,"column":31}},"7":{"start":{"line":47,"column":28},"end":{"line":47,"column":45}},"8":{"start":{"line":52,"column":30},"end":{"line":60,"column":3}},"9":{"start":{"line":53,"column":4},"end":{"line":56,"column":5}},"10":{"start":{"line":54,"column":6},"end":{"line":54,"column":27}},"11":{"start":{"line":55,"column":6},"end":{"line":55,"column":13}},"12":{"start":{"line":59,"column":4},"end":{"line":59,"column":51}},"13":{"start":{"line":62,"column":2},"end":{"line":335,"column":4}},"14":{"start":{"line":81,"column":18},"end":{"line":132,"column":24}},"15":{"start":{"line":88,"column":35},"end":{"line":88,"column":68}},"16":{"start":{"line":101,"column":28},"end":{"line":106,"column":35}},"17":{"start":{"line":149,"column":22},"end":{"line":152,"column":25}},"18":{"start":{"line":149,"column":51},"end":{"line":152,"column":23}},"19":{"start":{"line":167,"column":22},"end":{"line":170,"column":25}},"20":{"start":{"line":167,"column":51},"end":{"line":170,"column":23}},"21":{"start":{"line":187,"column":22},"end":{"line":190,"column":25}},"22":{"start":{"line":187,"column":51},"end":{"line":190,"column":23}}},"fnMap":{"0":{"name":"(anonymous_0)","decl":{"start":{"line":3,"column":21},"end":{"line":3,"column":22}},"loc":{"start":{"line":3,"column":27},"end":{"line":336,"column":1}},"line":3},"1":{"name":"(anonymous_1)","decl":{"start":{"line":44,"column":31},"end":{"line":44,"column":32}},"loc":{"start":{"line":44,"column":55},"end":{"line":50,"column":3}},"line":44},"2":{"name":"(anonymous_2)","decl":{"start":{"line":45,"column":25},"end":{"line":45,"column":26}},"loc":{"start":{"line":46,"column":6},"end":{"line":48,"column":31}},"line":46},"3":{"name":"(anonymous_3)","decl":{"start":{"line":47,"column":22},"end":{"line":47,"column":23}},"loc":{"start":{"line":47,"column":28},"end":{"line":47,"column":45}},"line":47},"4":{"name":"(anonymous_4)","decl":{"start":{"line":52,"column":30},"end":{"line":52,"column":31}},"loc":{"start":{"line":52,"column":36},"end":{"line":60,"column":3}},"line":52},"5":{"name":"(anonymous_5)","decl":{"start":{"line":80,"column":31},"end":{"line":80,"column":32}},"loc":{"start":{"line":81,"column":18},"end":{"line":132,"column":24}},"line":81},"6":{"name":"(anonymous_6)","decl":{"start":{"line":88,"column":29},"end":{"line":88,"column":30}},"loc":{"start":{"line":88,"column":35},"end":{"line":88,"column":68}},"line":88},"7":{"name":"(anonymous_7)","decl":{"start":{"line":100,"column":49},"end":{"line":100,"column":50}},"loc":{"start":{"line":101,"column":28},"end":{"line":106,"column":35}},"line":101},"8":{"name":"(anonymous_8)","decl":{"start":{"line":148,"column":30},"end":{"line":148,"column":31}},"loc":{"start":{"line":149,"column":22},"end":{"line":152,"column":25}},"line":149},"9":{"name":"(anonymous_9)","decl":{"start":{"line":149,"column":42},"end":{"line":149,"column":43}},"loc":{"start":{"line":149,"column":51},"end":{"line":152,"column":23}},"line":149},"10":{"name":"(anonymous_10)","decl":{"start":{"line":166,"column":30},"end":{"line":166,"column":31}},"loc":{"start":{"line":167,"column":22},"end":{"line":170,"column":25}},"line":167},"11":{"name":"(anonymous_11)","decl":{"start":{"line":167,"column":42},"end":{"line":167,"column":43}},"loc":{"start":{"line":167,"column":51},"end":{"line":170,"column":23}},"line":167},"12":{"name":"(anonymous_12)","decl":{"start":{"line":186,"column":30},"end":{"line":186,"column":31}},"loc":{"start":{"line":187,"column":22},"end":{"line":190,"column":25}},"line":187},"13":{"name":"(anonymous_13)","decl":{"start":{"line":187,"column":42},"end":{"line":187,"column":43}},"loc":{"start":{"line":187,"column":51},"end":{"line":190,"column":23}},"line":187}},"branchMap":{"0":{"loc":{"start":{"line":46,"column":6},"end":{"line":48,"column":31}},"type":"cond-expr","locations":[{"start":{"line":47,"column":10},"end":{"line":47,"column":46}},{"start":{"line":48,"column":10},"end":{"line":48,"column":31}}],"line":46},"1":{"loc":{"start":{"line":53,"column":4},"end":{"line":56,"column":5}},"type":"if","locations":[{"start":{"line":53,"column":4},"end":{"line":56,"column":5}},{"start":{},"end":{}}],"line":53},"2":{"loc":{"start":{"line":84,"column":22},"end":{"line":86,"column":65}},"type":"cond-expr","locations":[{"start":{"line":85,"column":26},"end":{"line":85,"column":58}},{"start":{"line":86,"column":26},"end":{"line":86,"column":65}}],"line":84},"3":{"loc":{"start":{"line":112,"column":26},"end":{"line":114,"column":47}},"type":"cond-expr","locations":[{"start":{"line":113,"column":30},"end":{"line":113,"column":63}},{"start":{"line":114,"column":30},"end":{"line":114,"column":47}}],"line":112},"4":{"loc":{"start":{"line":117,"column":25},"end":{"line":129,"column":25}},"type":"binary-expr","locations":[{"start":{"line":117,"column":25},"end":{"line":117,"column":64}},{"start":{"line":118,"column":26},"end":{"line":128,"column":32}}],"line":117}},"s":{"0":0,"1":0,"2":0,"3":0,"4":0,"5":0,"6":0,"7":0,"8":0,"9":0,"10":0,"11":0,"12":0,"13":0,"14":0,"15":0,"16":0,"17":0,"18":0,"19":0,"20":0,"21":0,"22":0},"f":{"0":0,"1":0,"2":0,"3":0,"4":0,"5":0,"6":0,"7":0,"8":0,"9":0,"10":0,"11":0,"12":0,"13":0},"b":{"0":[0,0],"1":[0,0],"2":[0,0],"3":[0,0],"4":[0,0]}}
,"/root/zhitoujianli/frontend/src/components/BlogSection.tsx": {"path":"/root/zhitoujianli/frontend/src/components/BlogSection.tsx","statementMap":{"0":{"start":{"line":1,"column":20},"end":{"line":154,"column":1}},"1":{"start":{"line":2,"column":2},"end":{"line":153,"column":4}}},"fnMap":{"0":{"name":"(anonymous_0)","decl":{"start":{"line":1,"column":20},"end":{"line":1,"column":21}},"loc":{"start":{"line":1,"column":26},"end":{"line":154,"column":1}},"line":1}},"branchMap":{},"s":{"0":0,"1":0},"f":{"0":0},"b":{}}
,"/root/zhitoujianli/frontend/src/components/BossDelivery.tsx": {"path":"/root/zhitoujianli/frontend/src/components/BossDelivery.tsx","statementMap":{"0":{"start":{"line":11,"column":31},"end":{"line":259,"column":1}},"1":{"start":{"line":12,"column":30},"end":{"line":12,"column":72}},"2":{"start":{"line":13,"column":32},"end":{"line":13,"column":47}},"3":{"start":{"line":14,"column":32},"end":{"line":14,"column":44}},"4":{"start":{"line":15,"column":26},"end":{"line":15,"column":48}},"5":{"start":{"line":16,"column":34},"end":{"line":16,"column":49}},"6":{"start":{"line":19,"column":22},"end":{"line":26,"column":3}},"7":{"start":{"line":20,"column":4},"end":{"line":25,"column":5}},"8":{"start":{"line":21,"column":25},"end":{"line":21,"column":58}},"9":{"start":{"line":22,"column":6},"end":{"line":22,"column":28}},"10":{"start":{"line":24,"column":6},"end":{"line":24,"column":38}},"11":{"start":{"line":29,"column":20},"end":{"line":38,"column":3}},"12":{"start":{"line":30,"column":4},"end":{"line":37,"column":5}},"13":{"start":{"line":31,"column":23},"end":{"line":31,"column":57}},"14":{"start":{"line":32,"column":6},"end":{"line":34,"column":7}},"15":{"start":{"line":33,"column":8},"end":{"line":33,"column":31}},"16":{"start":{"line":36,"column":6},"end":{"line":36,"column":38}},"17":{"start":{"line":41,"column":22},"end":{"line":61,"column":3}},"18":{"start":{"line":42,"column":4},"end":{"line":42,"column":21}},"19":{"start":{"line":43,"column":4},"end":{"line":43,"column":19}},"20":{"start":{"line":45,"column":4},"end":{"line":60,"column":5}},"21":{"start":{"line":46,"column":21},"end":{"line":46,"column":54}},"22":{"start":{"line":47,"column":6},"end":{"line":55,"column":7}},"23":{"start":{"line":48,"column":8},"end":{"line":48,"column":47}},"24":{"start":{"line":50,"column":8},"end":{"line":52,"column":17}},"25":{"start":{"line":51,"column":10},"end":{"line":51,"column":24}},"26":{"start":{"line":54,"column":8},"end":{"line":54,"column":46}},"27":{"start":{"line":57,"column":6},"end":{"line":57,"column":43}},"28":{"start":{"line":59,"column":6},"end":{"line":59,"column":24}},"29":{"start":{"line":64,"column":21},"end":{"line":84,"column":3}},"30":{"start":{"line":65,"column":4},"end":{"line":65,"column":21}},"31":{"start":{"line":66,"column":4},"end":{"line":66,"column":19}},"32":{"start":{"line":68,"column":4},"end":{"line":83,"column":5}},"33":{"start":{"line":69,"column":21},"end":{"line":69,"column":53}},"34":{"start":{"line":70,"column":6},"end":{"line":78,"column":7}},"35":{"start":{"line":71,"column":8},"end":{"line":71,"column":34}},"36":{"start":{"line":73,"column":8},"end":{"line":75,"column":17}},"37":{"start":{"line":74,"column":10},"end":{"line":74,"column":24}},"38":{"start":{"line":77,"column":8},"end":{"line":77,"column":46}},"39":{"start":{"line":80,"column":6},"end":{"line":80,"column":43}},"40":{"start":{"line":82,"column":6},"end":{"line":82,"column":24}},"41":{"start":{"line":87,"column":25},"end":{"line":90,"column":3}},"42":{"start":{"line":88,"column":4},"end":{"line":88,"column":22}},"43":{"start":{"line":89,"column":4},"end":{"line":89,"column":22}},"44":{"start":{"line":93,"column":2},"end":{"line":98,"column":9}},"45":{"start":{"line":94,"column":4},"end":{"line":94,"column":18}},"46":{"start":{"line":96,"column":21},"end":{"line":96,"column":52}},"47":{"start":{"line":97,"column":4},"end":{"line":97,"column":41}},"48":{"start":{"line":97,"column":17},"end":{"line":97,"column":40}},"49":{"start":{"line":100,"column":2},"end":{"line":258,"column":4}},"50":{"start":{"line":197,"column":14},"end":{"line":200,"column":15}},"51":{"start":{"line":208,"column":14},"end":{"line":211,"column":15}},"52":{"start":{"line":227,"column":31},"end":{"line":227,"column":49}},"53":{"start":{"line":237,"column":18},"end":{"line":239,"column":24}},"54":{"start":{"line":248,"column":31},"end":{"line":248,"column":49}}},"fnMap":{"0":{"name":"(anonymous_0)","decl":{"start":{"line":11,"column":31},"end":{"line":11,"column":32}},"loc":{"start":{"line":11,"column":37},"end":{"line":259,"column":1}},"line":11},"1":{"name":"(anonymous_1)","decl":{"start":{"line":19,"column":22},"end":{"line":19,"column":23}},"loc":{"start":{"line":19,"column":34},"end":{"line":26,"column":3}},"line":19},"2":{"name":"(anonymous_2)","decl":{"start":{"line":29,"column":20},"end":{"line":29,"column":21}},"loc":{"start":{"line":29,"column":32},"end":{"line":38,"column":3}},"line":29},"3":{"name":"(anonymous_3)","decl":{"start":{"line":41,"column":22},"end":{"line":41,"column":23}},"loc":{"start":{"line":41,"column":34},"end":{"line":61,"column":3}},"line":41},"4":{"name":"(anonymous_4)","decl":{"start":{"line":50,"column":19},"end":{"line":50,"column":20}},"loc":{"start":{"line":50,"column":25},"end":{"line":52,"column":9}},"line":50},"5":{"name":"(anonymous_5)","decl":{"start":{"line":64,"column":21},"end":{"line":64,"column":22}},"loc":{"start":{"line":64,"column":33},"end":{"line":84,"column":3}},"line":64},"6":{"name":"(anonymous_6)","decl":{"start":{"line":73,"column":19},"end":{"line":73,"column":20}},"loc":{"start":{"line":73,"column":25},"end":{"line":75,"column":9}},"line":73},"7":{"name":"(anonymous_7)","decl":{"start":{"line":87,"column":25},"end":{"line":87,"column":26}},"loc":{"start":{"line":87,"column":37},"end":{"line":90,"column":3}},"line":87},"8":{"name":"(anonymous_8)","decl":{"start":{"line":93,"column":12},"end":{"line":93,"column":13}},"loc":{"start":{"line":93,"column":18},"end":{"line":98,"column":3}},"line":93},"9":{"name":"(anonymous_9)","decl":{"start":{"line":97,"column":11},"end":{"line":97,"column":12}},"loc":{"start":{"line":97,"column":17},"end":{"line":97,"column":40}},"line":97},"10":{"name":"(anonymous_10)","decl":{"start":{"line":196,"column":21},"end":{"line":196,"column":22}},"loc":{"start":{"line":197,"column":14},"end":{"line":200,"column":15}},"line":197},"11":{"name":"(anonymous_11)","decl":{"start":{"line":207,"column":21},"end":{"line":207,"column":22}},"loc":{"start":{"line":208,"column":14},"end":{"line":211,"column":15}},"line":208},"12":{"name":"(anonymous_12)","decl":{"start":{"line":227,"column":25},"end":{"line":227,"column":26}},"loc":{"start":{"line":227,"column":31},"end":{"line":227,"column":49}},"line":227},"13":{"name":"(anonymous_13)","decl":{"start":{"line":236,"column":25},"end":{"line":236,"column":26}},"loc":{"start":{"line":237,"column":18},"end":{"line":239,"column":24}},"line":237},"14":{"name":"(anonymous_14)","decl":{"start":{"line":248,"column":25},"end":{"line":248,"column":26}},"loc":{"start":{"line":248,"column":31},"end":{"line":248,"column":49}},"line":248}},"branchMap":{"0":{"loc":{"start":{"line":32,"column":6},"end":{"line":34,"column":7}},"type":"if","locations":[{"start":{"line":32,"column":6},"end":{"line":34,"column":7}},{"start":{},"end":{}}],"line":32},"1":{"loc":{"start":{"line":32,"column":10},"end":{"line":32,"column":43}},"type":"binary-expr","locations":[{"start":{"line":32,"column":10},"end":{"line":32,"column":26}},{"start":{"line":32,"column":30},"end":{"line":32,"column":43}}],"line":32},"2":{"loc":{"start":{"line":47,"column":6},"end":{"line":55,"column":7}},"type":"if","locations":[{"start":{"line":47,"column":6},"end":{"line":55,"column":7}},{"start":{"line":53,"column":13},"end":{"line":55,"column":7}}],"line":47},"3":{"loc":{"start":{"line":70,"column":6},"end":{"line":78,"column":7}},"type":"if","locations":[{"start":{"line":70,"column":6},"end":{"line":78,"column":7}},{"start":{"line":76,"column":13},"end":{"line":78,"column":7}}],"line":70},"4":{"loc":{"start":{"line":108,"column":47},"end":{"line":108,"column":96}},"type":"cond-expr","locations":[{"start":{"line":108,"column":66},"end":{"line":108,"column":80}},{"start":{"line":108,"column":83},"end":{"line":108,"column":96}}],"line":108},"5":{"loc":{"start":{"line":111,"column":13},"end":{"line":111,"column":45}},"type":"cond-expr","locations":[{"start":{"line":111,"column":32},"end":{"line":111,"column":37}},{"start":{"line":111,"column":40},"end":{"line":111,"column":45}}],"line":111},"6":{"loc":{"start":{"line":120,"column":13},"end":{"line":120,"column":38}},"type":"binary-expr","locations":[{"start":{"line":120,"column":13},"end":{"line":120,"column":33}},{"start":{"line":120,"column":37},"end":{"line":120,"column":38}}],"line":120},"7":{"loc":{"start":{"line":126,"column":13},"end":{"line":126,"column":37}},"type":"cond-expr","locations":[{"start":{"line":126,"column":32},"end":{"line":126,"column":33}},{"start":{"line":126,"column":36},"end":{"line":126,"column":37}}],"line":126},"8":{"loc":{"start":{"line":144,"column":20},"end":{"line":144,"column":47}},"type":"binary-expr","locations":[{"start":{"line":144,"column":20},"end":{"line":144,"column":27}},{"start":{"line":144,"column":31},"end":{"line":144,"column":47}}],"line":144},"9":{"loc":{"start":{"line":147,"column":11},"end":{"line":147,"column":43}},"type":"cond-expr","locations":[{"start":{"line":147,"column":21},"end":{"line":147,"column":29}},{"start":{"line":147,"column":32},"end":{"line":147,"column":43}}],"line":147},"10":{"loc":{"start":{"line":152,"column":20},"end":{"line":152,"column":48}},"type":"binary-expr","locations":[{"start":{"line":152,"column":20},"end":{"line":152,"column":27}},{"start":{"line":152,"column":31},"end":{"line":152,"column":48}}],"line":152},"11":{"loc":{"start":{"line":155,"column":11},"end":{"line":155,"column":41}},"type":"cond-expr","locations":[{"start":{"line":155,"column":21},"end":{"line":155,"column":29}},{"start":{"line":155,"column":32},"end":{"line":155,"column":41}}],"line":155},"12":{"loc":{"start":{"line":167,"column":7},"end":{"line":177,"column":7}},"type":"binary-expr","locations":[{"start":{"line":167,"column":7},"end":{"line":167,"column":14}},{"start":{"line":168,"column":8},"end":{"line":176,"column":14}}],"line":167},"13":{"loc":{"start":{"line":170,"column":12},"end":{"line":172,"column":40}},"type":"cond-expr","locations":[{"start":{"line":171,"column":16},"end":{"line":171,"column":44}},{"start":{"line":172,"column":16},"end":{"line":172,"column":40}}],"line":170},"14":{"loc":{"start":{"line":221,"column":7},"end":{"line":256,"column":7}},"type":"binary-expr","locations":[{"start":{"line":221,"column":7},"end":{"line":221,"column":15}},{"start":{"line":222,"column":8},"end":{"line":255,"column":14}}],"line":221},"15":{"loc":{"start":{"line":235,"column":15},"end":{"line":243,"column":15}},"type":"cond-expr","locations":[{"start":{"line":236,"column":16},"end":{"line":240,"column":18}},{"start":{"line":242,"column":16},"end":{"line":242,"column":59}}],"line":235}},"s":{"0":0,"1":0,"2":0,"3":0,"4":0,"5":0,"6":0,"7":0,"8":0,"9":0,"10":0,"11":0,"12":0,"13":0,"14":0,"15":0,"16":0,"17":0,"18":0,"19":0,"20":0,"21":0,"22":0,"23":0,"24":0,"25":0,"26":0,"27":0,"28":0,"29":0,"30":0,"31":0,"32":0,"33":0,"34":0,"35":0,"36":0,"37":0,"38":0,"39":0,"40":0,"41":0,"42":0,"43":0,"44":0,"45":0,"46":0,"47":0,"48":0,"49":0,"50":0,"51":0,"52":0,"53":0,"54":0},"f":{"0":0,"1":0,"2":0,"3":0,"4":0,"5":0,"6":0,"7":0,"8":0,"9":0,"10":0,"11":0,"12":0,"13":0,"14":0},"b":{"0":[0,0],"1":[0,0],"2":[0,0],"3":[0,0],"4":[0,0],"5":[0,0],"6":[0,0],"7":[0,0],"8":[0,0],"9":[0,0],"10":[0,0],"11":[0,0],"12":[0,0],"13":[0,0],"14":[0,0],"15":[0,0]}}
,"/root/zhitoujianli/frontend/src/components/Contact.tsx": {"path":"/root/zhitoujianli/frontend/src/components/Contact.tsx","statementMap":{"0":{"start":{"line":3,"column":16},"end":{"line":191,"column":1}},"1":{"start":{"line":4,"column":34},"end":{"line":8,"column":4}},"2":{"start":{"line":10,"column":23},"end":{"line":14,"column":3}},"3":{"start":{"line":11,"column":4},"end":{"line":11,"column":23}},"4":{"start":{"line":13,"column":4},"end":{"line":13,"column":45}},"5":{"start":{"line":16,"column":23},"end":{"line":23,"column":3}},"6":{"start":{"line":19,"column":4},"end":{"line":22,"column":7}},"7":{"start":{"line":25,"column":2},"end":{"line":190,"column":4}}},"fnMap":{"0":{"name":"(anonymous_0)","decl":{"start":{"line":3,"column":16},"end":{"line":3,"column":17}},"loc":{"start":{"line":3,"column":22},"end":{"line":191,"column":1}},"line":3},"1":{"name":"(anonymous_1)","decl":{"start":{"line":10,"column":23},"end":{"line":10,"column":24}},"loc":{"start":{"line":10,"column":47},"end":{"line":14,"column":3}},"line":10},"2":{"name":"(anonymous_2)","decl":{"start":{"line":16,"column":23},"end":{"line":16,"column":24}},"loc":{"start":{"line":18,"column":7},"end":{"line":23,"column":3}},"line":18}},"branchMap":{},"s":{"0":0,"1":0,"2":0,"3":0,"4":0,"5":0,"6":0,"7":0},"f":{"0":0,"1":0,"2":0},"b":{}}
,"/root/zhitoujianli/frontend/src/components/Demo.tsx": {"path":"/root/zhitoujianli/frontend/src/components/Demo.tsx","statementMap":{"0":{"start":{"line":3,"column":13},"end":{"line":117,"column":1}},"1":{"start":{"line":4,"column":16},"end":{"line":65,"column":3}},"2":{"start":{"line":67,"column":2},"end":{"line":116,"column":4}},"3":{"start":{"line":81,"column":12},"end":{"line":111,"column":18}}},"fnMap":{"0":{"name":"(anonymous_0)","decl":{"start":{"line":3,"column":13},"end":{"line":3,"column":14}},"loc":{"start":{"line":3,"column":19},"end":{"line":117,"column":1}},"line":3},"1":{"name":"(anonymous_1)","decl":{"start":{"line":80,"column":21},"end":{"line":80,"column":22}},"loc":{"start":{"line":81,"column":12},"end":{"line":111,"column":18}},"line":81}},"branchMap":{"0":{"loc":{"start":{"line":94,"column":15},"end":{"line":110,"column":15}},"type":"binary-expr","locations":[{"start":{"line":94,"column":15},"end":{"line":94,"column":39}},{"start":{"line":95,"column":16},"end":{"line":109,"column":22}}],"line":94}},"s":{"0":0,"1":0,"2":0,"3":0},"f":{"0":0,"1":0},"b":{"0":[0,0]}}
,"/root/zhitoujianli/frontend/src/components/DirectResumeEntry.tsx": {"path":"/root/zhitoujianli/frontend/src/components/DirectResumeEntry.tsx","statementMap":{"0":{"start":{"line":13,"column":36},"end":{"line":74,"column":1}},"1":{"start":{"line":14,"column":36},"end":{"line":14,"column":54}},"2":{"start":{"line":16,"column":2},"end":{"line":73,"column":4}},"3":{"start":{"line":49,"column":14},"end":{"line":60,"column":23}},"4":{"start":{"line":51,"column":31},"end":{"line":51,"column":51}}},"fnMap":{"0":{"name":"(anonymous_0)","decl":{"start":{"line":13,"column":36},"end":{"line":13,"column":37}},"loc":{"start":{"line":13,"column":42},"end":{"line":74,"column":1}},"line":13},"1":{"name":"(anonymous_1)","decl":{"start":{"line":48,"column":18},"end":{"line":48,"column":19}},"loc":{"start":{"line":49,"column":14},"end":{"line":60,"column":23}},"line":49},"2":{"name":"(anonymous_2)","decl":{"start":{"line":51,"column":25},"end":{"line":51,"column":26}},"loc":{"start":{"line":51,"column":31},"end":{"line":51,"column":51}},"line":51}},"branchMap":{"0":{"loc":{"start":{"line":53,"column":18},"end":{"line":55,"column":98}},"type":"cond-expr","locations":[{"start":{"line":54,"column":22},"end":{"line":54,"column":57}},{"start":{"line":55,"column":22},"end":{"line":55,"column":98}}],"line":53},"1":{"loc":{"start":{"line":67,"column":11},"end":{"line":67,"column":57}},"type":"binary-expr","locations":[{"start":{"line":67,"column":11},"end":{"line":67,"column":33}},{"start":{"line":67,"column":37},"end":{"line":67,"column":57}}],"line":67},"2":{"loc":{"start":{"line":68,"column":11},"end":{"line":68,"column":55}},"type":"binary-expr","locations":[{"start":{"line":68,"column":11},"end":{"line":68,"column":33}},{"start":{"line":68,"column":37},"end":{"line":68,"column":55}}],"line":68},"3":{"loc":{"start":{"line":69,"column":11},"end":{"line":69,"column":55}},"type":"binary-expr","locations":[{"start":{"line":69,"column":11},"end":{"line":69,"column":35}},{"start":{"line":69,"column":39},"end":{"line":69,"column":55}}],"line":69}},"s":{"0":0,"1":0,"2":0,"3":0,"4":0},"f":{"0":0,"1":0,"2":0},"b":{"0":[0,0],"1":[0,0],"2":[0,0],"3":[0,0]}}
,"/root/zhitoujianli/frontend/src/components/ErrorBoundary.tsx": {"path":"/root/zhitoujianli/frontend/src/components/ErrorBoundary.tsx","statementMap":{"0":{"start":{"line":24,"column":4},"end":{"line":24,"column":17}},"1":{"start":{"line":25,"column":4},"end":{"line":25,"column":37}},"2":{"start":{"line":30,"column":4},"end":{"line":30,"column":37}},"3":{"start":{"line":35,"column":4},"end":{"line":35,"column":59}},"4":{"start":{"line":37,"column":4},"end":{"line":40,"column":7}},"5":{"start":{"line":46,"column":17},"end":{"line":49,"column":3}},"6":{"start":{"line":48,"column":4},"end":{"line":48,"column":29}},"7":{"start":{"line":51,"column":16},"end":{"line":54,"column":3}},"8":{"start":{"line":53,"column":4},"end":{"line":53,"column":79}},"9":{"start":{"line":57,"column":4},"end":{"line":129,"column":5}},"10":{"start":{"line":59,"column":6},"end":{"line":61,"column":7}},"11":{"start":{"line":60,"column":8},"end":{"line":60,"column":35}},"12":{"start":{"line":63,"column":6},"end":{"line":128,"column":8}},"13":{"start":{"line":131,"column":4},"end":{"line":131,"column":31}}},"fnMap":{"0":{"name":"(anonymous_0)","decl":{"start":{"line":23,"column":2},"end":{"line":23,"column":3}},"loc":{"start":{"line":23,"column":28},"end":{"line":26,"column":3}},"line":23},"1":{"name":"(anonymous_1)","decl":{"start":{"line":28,"column":2},"end":{"line":28,"column":3}},"loc":{"start":{"line":28,"column":55},"end":{"line":31,"column":3}},"line":28},"2":{"name":"(anonymous_2)","decl":{"start":{"line":33,"column":2},"end":{"line":33,"column":3}},"loc":{"start":{"line":33,"column":56},"end":{"line":44,"column":3}},"line":33},"3":{"name":"(anonymous_3)","decl":{"start":{"line":46,"column":17},"end":{"line":46,"column":18}},"loc":{"start":{"line":46,"column":23},"end":{"line":49,"column":3}},"line":46},"4":{"name":"(anonymous_4)","decl":{"start":{"line":51,"column":16},"end":{"line":51,"column":17}},"loc":{"start":{"line":51,"column":22},"end":{"line":54,"column":3}},"line":51},"5":{"name":"(anonymous_5)","decl":{"start":{"line":56,"column":2},"end":{"line":56,"column":3}},"loc":{"start":{"line":56,"column":11},"end":{"line":132,"column":3}},"line":56}},"branchMap":{"0":{"loc":{"start":{"line":57,"column":4},"end":{"line":129,"column":5}},"type":"if","locations":[{"start":{"line":57,"column":4},"end":{"line":129,"column":5}},{"start":{},"end":{}}],"line":57},"1":{"loc":{"start":{"line":59,"column":6},"end":{"line":61,"column":7}},"type":"if","locations":[{"start":{"line":59,"column":6},"end":{"line":61,"column":7}},{"start":{},"end":{}}],"line":59},"2":{"loc":{"start":{"line":90,"column":13},"end":{"line":104,"column":13}},"type":"binary-expr","locations":[{"start":{"line":90,"column":13},"end":{"line":90,"column":51}},{"start":{"line":90,"column":55},"end":{"line":90,"column":71}},{"start":{"line":91,"column":14},"end":{"line":103,"column":20}}],"line":90},"3":{"loc":{"start":{"line":98,"column":17},"end":{"line":102,"column":17}},"type":"binary-expr","locations":[{"start":{"line":98,"column":17},"end":{"line":98,"column":39}},{"start":{"line":99,"column":18},"end":{"line":101,"column":24}}],"line":98}},"s":{"0":0,"1":0,"2":0,"3":0,"4":0,"5":0,"6":0,"7":0,"8":0,"9":0,"10":0,"11":0,"12":0,"13":0},"f":{"0":0,"1":0,"2":0,"3":0,"4":0,"5":0},"b":{"0":[0,0],"1":[0,0],"2":[0,0,0],"3":[0,0]}}
,"/root/zhitoujianli/frontend/src/components/Features.tsx": {"path":"/root/zhitoujianli/frontend/src/components/Features.tsx","statementMap":{"0":{"start":{"line":3,"column":17},"end":{"line":93,"column":1}},"1":{"start":{"line":4,"column":19},"end":{"line":62,"column":3}},"2":{"start":{"line":64,"column":2},"end":{"line":92,"column":4}},"3":{"start":{"line":78,"column":12},"end":{"line":87,"column":18}}},"fnMap":{"0":{"name":"(anonymous_0)","decl":{"start":{"line":3,"column":17},"end":{"line":3,"column":18}},"loc":{"start":{"line":3,"column":23},"end":{"line":93,"column":1}},"line":3},"1":{"name":"(anonymous_1)","decl":{"start":{"line":77,"column":24},"end":{"line":77,"column":25}},"loc":{"start":{"line":78,"column":12},"end":{"line":87,"column":18}},"line":78}},"branchMap":{},"s":{"0":0,"1":0,"2":0,"3":0},"f":{"0":0,"1":0},"b":{}}
,"/root/zhitoujianli/frontend/src/components/Footer.tsx": {"path":"/root/zhitoujianli/frontend/src/components/Footer.tsx","statementMap":{"0":{"start":{"line":1,"column":15},"end":{"line":104,"column":1}},"1":{"start":{"line":2,"column":2},"end":{"line":103,"column":4}}},"fnMap":{"0":{"name":"(anonymous_0)","decl":{"start":{"line":1,"column":15},"end":{"line":1,"column":16}},"loc":{"start":{"line":1,"column":21},"end":{"line":104,"column":1}},"line":1}},"branchMap":{},"s":{"0":0,"1":0},"f":{"0":0},"b":{}}
,"/root/zhitoujianli/frontend/src/components/HeroSection.tsx": {"path":"/root/zhitoujianli/frontend/src/components/HeroSection.tsx","statementMap":{"0":{"start":{"line":1,"column":20},"end":{"line":55,"column":1}},"1":{"start":{"line":2,"column":2},"end":{"line":54,"column":4}}},"fnMap":{"0":{"name":"(anonymous_0)","decl":{"start":{"line":1,"column":20},"end":{"line":1,"column":21}},"loc":{"start":{"line":1,"column":26},"end":{"line":55,"column":1}},"line":1}},"branchMap":{},"s":{"0":0,"1":0},"f":{"0":0},"b":{}}
,"/root/zhitoujianli/frontend/src/components/JDMatching.tsx": {"path":"/root/zhitoujianli/frontend/src/components/JDMatching.tsx","statementMap":{"0":{"start":{"line":27,"column":19},"end":{"line":477,"column":1}},"1":{"start":{"line":28,"column":38},"end":{"line":28,"column":50}},"2":{"start":{"line":29,"column":30},"end":{"line":29,"column":42}},"3":{"start":{"line":30,"column":40},"end":{"line":30,"column":55}},"4":{"start":{"line":31,"column":46},"end":{"line":33,"column":3}},"5":{"start":{"line":36,"column":26},"end":{"line":74,"column":3}},"6":{"start":{"line":37,"column":4},"end":{"line":40,"column":5}},"7":{"start":{"line":38,"column":6},"end":{"line":38,"column":29}},"8":{"start":{"line":39,"column":6},"end":{"line":39,"column":13}},"9":{"start":{"line":42,"column":4},"end":{"line":42,"column":25}},"10":{"start":{"line":45,"column":4},"end":{"line":45,"column":60}},"11":{"start":{"line":45,"column":33},"end":{"line":45,"column":58}},"12":{"start":{"line":48,"column":35},"end":{"line":70,"column":5}},"13":{"start":{"line":72,"column":4},"end":{"line":72,"column":30}},"14":{"start":{"line":73,"column":4},"end":{"line":73,"column":26}},"15":{"start":{"line":76,"column":24},"end":{"line":80,"column":3}},"16":{"start":{"line":77,"column":4},"end":{"line":77,"column":58}},"17":{"start":{"line":77,"column":21},"end":{"line":77,"column":58}},"18":{"start":{"line":78,"column":4},"end":{"line":78,"column":60}},"19":{"start":{"line":78,"column":21},"end":{"line":78,"column":60}},"20":{"start":{"line":79,"column":4},"end":{"line":79,"column":37}},"21":{"start":{"line":82,"column":24},"end":{"line":86,"column":3}},"22":{"start":{"line":83,"column":4},"end":{"line":83,"column":35}},"23":{"start":{"line":83,"column":21},"end":{"line":83,"column":35}},"24":{"start":{"line":84,"column":4},"end":{"line":84,"column":35}},"25":{"start":{"line":84,"column":21},"end":{"line":84,"column":35}},"26":{"start":{"line":85,"column":4},"end":{"line":85,"column":18}},"27":{"start":{"line":88,"column":2},"end":{"line":476,"column":4}},"28":{"start":{"line":108,"column":31},"end":{"line":108,"column":60}},"29":{"start":{"line":122,"column":31},"end":{"line":122,"column":56}},"30":{"start":{"line":194,"column":30},"end":{"line":199,"column":37}},"31":{"start":{"line":211,"column":30},"end":{"line":216,"column":37}},"32":{"start":{"line":242,"column":30},"end":{"line":248,"column":35}},"33":{"start":{"line":260,"column":30},"end":{"line":266,"column":35}},"34":{"start":{"line":292,"column":30},"end":{"line":297,"column":37}},"35":{"start":{"line":309,"column":30},"end":{"line":315,"column":35}},"36":{"start":{"line":341,"column":30},"end":{"line":347,"column":35}},"37":{"start":{"line":359,"column":30},"end":{"line":365,"column":35}}},"fnMap":{"0":{"name":"(anonymous_0)","decl":{"start":{"line":27,"column":19},"end":{"line":27,"column":20}},"loc":{"start":{"line":27,"column":25},"end":{"line":477,"column":1}},"line":27},"1":{"name":"(anonymous_1)","decl":{"start":{"line":36,"column":26},"end":{"line":36,"column":27}},"loc":{"start":{"line":36,"column":38},"end":{"line":74,"column":3}},"line":36},"2":{"name":"(anonymous_2)","decl":{"start":{"line":45,"column":22},"end":{"line":45,"column":23}},"loc":{"start":{"line":45,"column":33},"end":{"line":45,"column":58}},"line":45},"3":{"name":"(anonymous_3)","decl":{"start":{"line":76,"column":24},"end":{"line":76,"column":25}},"loc":{"start":{"line":76,"column":43},"end":{"line":80,"column":3}},"line":76},"4":{"name":"(anonymous_4)","decl":{"start":{"line":82,"column":24},"end":{"line":82,"column":25}},"loc":{"start":{"line":82,"column":43},"end":{"line":86,"column":3}},"line":82},"5":{"name":"(anonymous_5)","decl":{"start":{"line":108,"column":26},"end":{"line":108,"column":27}},"loc":{"start":{"line":108,"column":31},"end":{"line":108,"column":60}},"line":108},"6":{"name":"(anonymous_6)","decl":{"start":{"line":122,"column":26},"end":{"line":122,"column":27}},"loc":{"start":{"line":122,"column":31},"end":{"line":122,"column":56}},"line":122},"7":{"name":"(anonymous_7)","decl":{"start":{"line":193,"column":28},"end":{"line":193,"column":29}},"loc":{"start":{"line":194,"column":30},"end":{"line":199,"column":37}},"line":194},"8":{"name":"(anonymous_8)","decl":{"start":{"line":210,"column":28},"end":{"line":210,"column":29}},"loc":{"start":{"line":211,"column":30},"end":{"line":216,"column":37}},"line":211},"9":{"name":"(anonymous_9)","decl":{"start":{"line":241,"column":28},"end":{"line":241,"column":29}},"loc":{"start":{"line":242,"column":30},"end":{"line":248,"column":35}},"line":242},"10":{"name":"(anonymous_10)","decl":{"start":{"line":259,"column":28},"end":{"line":259,"column":29}},"loc":{"start":{"line":260,"column":30},"end":{"line":266,"column":35}},"line":260},"11":{"name":"(anonymous_11)","decl":{"start":{"line":291,"column":28},"end":{"line":291,"column":29}},"loc":{"start":{"line":292,"column":30},"end":{"line":297,"column":37}},"line":292},"12":{"name":"(anonymous_12)","decl":{"start":{"line":308,"column":28},"end":{"line":308,"column":29}},"loc":{"start":{"line":309,"column":30},"end":{"line":315,"column":35}},"line":309},"13":{"name":"(anonymous_13)","decl":{"start":{"line":340,"column":28},"end":{"line":340,"column":29}},"loc":{"start":{"line":341,"column":30},"end":{"line":347,"column":35}},"line":341},"14":{"name":"(anonymous_14)","decl":{"start":{"line":358,"column":28},"end":{"line":358,"column":29}},"loc":{"start":{"line":359,"column":30},"end":{"line":365,"column":35}},"line":359}},"branchMap":{"0":{"loc":{"start":{"line":37,"column":4},"end":{"line":40,"column":5}},"type":"if","locations":[{"start":{"line":37,"column":4},"end":{"line":40,"column":5}},{"start":{},"end":{}}],"line":37},"1":{"loc":{"start":{"line":37,"column":8},"end":{"line":37,"column":44}},"type":"binary-expr","locations":[{"start":{"line":37,"column":8},"end":{"line":37,"column":26}},{"start":{"line":37,"column":30},"end":{"line":37,"column":44}}],"line":37},"2":{"loc":{"start":{"line":77,"column":4},"end":{"line":77,"column":58}},"type":"if","locations":[{"start":{"line":77,"column":4},"end":{"line":77,"column":58}},{"start":{},"end":{}}],"line":77},"3":{"loc":{"start":{"line":78,"column":4},"end":{"line":78,"column":60}},"type":"if","locations":[{"start":{"line":78,"column":4},"end":{"line":78,"column":60}},{"start":{},"end":{}}],"line":78},"4":{"loc":{"start":{"line":83,"column":4},"end":{"line":83,"column":35}},"type":"if","locations":[{"start":{"line":83,"column":4},"end":{"line":83,"column":35}},{"start":{},"end":{}}],"line":83},"5":{"loc":{"start":{"line":84,"column":4},"end":{"line":84,"column":35}},"type":"if","locations":[{"start":{"line":84,"column":4},"end":{"line":84,"column":35}},{"start":{},"end":{}}],"line":84},"6":{"loc":{"start":{"line":137,"column":15},"end":{"line":144,"column":15}},"type":"cond-expr","locations":[{"start":{"line":138,"column":16},"end":{"line":141,"column":22}},{"start":{"line":143,"column":16},"end":{"line":143,"column":24}}],"line":137},"7":{"loc":{"start":{"line":150,"column":13},"end":{"line":399,"column":13}},"type":"cond-expr","locations":[{"start":{"line":151,"column":14},"end":{"line":373,"column":17}},{"start":{"line":376,"column":14},"end":{"line":398,"column":20}}],"line":150}},"s":{"0":0,"1":0,"2":0,"3":0,"4":0,"5":0,"6":0,"7":0,"8":0,"9":0,"10":0,"11":0,"12":0,"13":0,"14":0,"15":0,"16":0,"17":0,"18":0,"19":0,"20":0,"21":0,"22":0,"23":0,"24":0,"25":0,"26":0,"27":0,"28":0,"29":0,"30":0,"31":0,"32":0,"33":0,"34":0,"35":0,"36":0,"37":0},"f":{"0":0,"1":0,"2":0,"3":0,"4":0,"5":0,"6":0,"7":0,"8":0,"9":0,"10":0,"11":0,"12":0,"13":0,"14":0},"b":{"0":[0,0],"1":[0,0],"2":[0,0],"3":[0,0],"4":[0,0],"5":[0,0],"6":[0,0],"7":[0,0]}}
,"/root/zhitoujianli/frontend/src/components/Login.tsx": {"path":"/root/zhitoujianli/frontend/src/components/Login.tsx","statementMap":{"0":{"start":{"line":16,"column":20},"end":{"line":16,"column":47}},"1":{"start":{"line":18,"column":24},"end":{"line":161,"column":1}},"2":{"start":{"line":19,"column":31},"end":{"line":19,"column":40}},"3":{"start":{"line":22,"column":28},"end":{"line":22,"column":40}},"4":{"start":{"line":23,"column":34},"end":{"line":23,"column":46}},"5":{"start":{"line":26,"column":32},"end":{"line":26,"column":47}},"6":{"start":{"line":27,"column":28},"end":{"line":27,"column":40}},"7":{"start":{"line":28,"column":32},"end":{"line":28,"column":44}},"8":{"start":{"line":34,"column":27},"end":{"line":56,"column":3}},"9":{"start":{"line":35,"column":4},"end":{"line":35,"column":23}},"10":{"start":{"line":36,"column":4},"end":{"line":36,"column":17}},"11":{"start":{"line":37,"column":4},"end":{"line":37,"column":21}},"12":{"start":{"line":39,"column":4},"end":{"line":55,"column":5}},"13":{"start":{"line":40,"column":6},"end":{"line":40,"column":44}},"14":{"start":{"line":44,"column":6},"end":{"line":44,"column":39}},"15":{"start":{"line":46,"column":6},"end":{"line":46,"column":33}},"16":{"start":{"line":47,"column":6},"end":{"line":47,"column":33}},"17":{"start":{"line":49,"column":6},"end":{"line":49,"column":37}},"18":{"start":{"line":51,"column":8},"end":{"line":51,"column":66}},"19":{"start":{"line":52,"column":6},"end":{"line":52,"column":29}},"20":{"start":{"line":54,"column":6},"end":{"line":54,"column":24}},"21":{"start":{"line":58,"column":2},"end":{"line":160,"column":4}},"22":{"start":{"line":102,"column":31},"end":{"line":102,"column":55}},"23":{"start":{"line":120,"column":31},"end":{"line":120,"column":58}}},"fnMap":{"0":{"name":"(anonymous_0)","decl":{"start":{"line":18,"column":24},"end":{"line":18,"column":25}},"loc":{"start":{"line":18,"column":30},"end":{"line":161,"column":1}},"line":18},"1":{"name":"(anonymous_1)","decl":{"start":{"line":34,"column":27},"end":{"line":34,"column":28}},"loc":{"start":{"line":34,"column":57},"end":{"line":56,"column":3}},"line":34},"2":{"name":"(anonymous_2)","decl":{"start":{"line":102,"column":26},"end":{"line":102,"column":27}},"loc":{"start":{"line":102,"column":31},"end":{"line":102,"column":55}},"line":102},"3":{"name":"(anonymous_3)","decl":{"start":{"line":120,"column":26},"end":{"line":120,"column":27}},"loc":{"start":{"line":120,"column":31},"end":{"line":120,"column":58}},"line":120}},"branchMap":{"0":{"loc":{"start":{"line":51,"column":8},"end":{"line":51,"column":66}},"type":"binary-expr","locations":[{"start":{"line":51,"column":8},"end":{"line":51,"column":35}},{"start":{"line":51,"column":39},"end":{"line":51,"column":50}},{"start":{"line":51,"column":54},"end":{"line":51,"column":66}}],"line":51},"1":{"loc":{"start":{"line":75,"column":11},"end":{"line":79,"column":11}},"type":"binary-expr","locations":[{"start":{"line":75,"column":11},"end":{"line":75,"column":16}},{"start":{"line":76,"column":12},"end":{"line":78,"column":18}}],"line":75},"2":{"loc":{"start":{"line":82,"column":11},"end":{"line":86,"column":11}},"type":"binary-expr","locations":[{"start":{"line":82,"column":11},"end":{"line":82,"column":18}},{"start":{"line":83,"column":12},"end":{"line":85,"column":18}}],"line":82},"3":{"loc":{"start":{"line":131,"column":15},"end":{"line":131,"column":40}},"type":"cond-expr","locations":[{"start":{"line":131,"column":25},"end":{"line":131,"column":33}},{"start":{"line":131,"column":36},"end":{"line":131,"column":40}}],"line":131}},"s":{"0":0,"1":0,"2":0,"3":0,"4":0,"5":0,"6":0,"7":0,"8":0,"9":0,"10":0,"11":0,"12":0,"13":0,"14":0,"15":0,"16":0,"17":0,"18":0,"19":0,"20":0,"21":0,"22":0,"23":0},"f":{"0":0,"1":0,"2":0,"3":0},"b":{"0":[0,0,0],"1":[0,0],"2":[0,0],"3":[0,0]}}
,"/root/zhitoujianli/frontend/src/components/Navigation.tsx": {"path":"/root/zhitoujianli/frontend/src/components/Navigation.tsx","statementMap":{"0":{"start":{"line":5,"column":19},"end":{"line":306,"column":1}},"1":{"start":{"line":6,"column":19},"end":{"line":6,"column":32}},"2":{"start":{"line":7,"column":38},"end":{"line":7,"column":53}},"3":{"start":{"line":8,"column":38},"end":{"line":8,"column":53}},"4":{"start":{"line":9,"column":26},"end":{"line":9,"column":45}},"5":{"start":{"line":11,"column":2},"end":{"line":33,"column":9}},"6":{"start":{"line":13,"column":28},"end":{"line":20,"column":5}},"7":{"start":{"line":14,"column":23},"end":{"line":14,"column":52}},"8":{"start":{"line":15,"column":6},"end":{"line":15,"column":30}},"9":{"start":{"line":16,"column":6},"end":{"line":19,"column":7}},"10":{"start":{"line":17,"column":25},"end":{"line":17,"column":52}},"11":{"start":{"line":18,"column":8},"end":{"line":18,"column":26}},"12":{"start":{"line":22,"column":4},"end":{"line":22,"column":22}},"13":{"start":{"line":25,"column":32},"end":{"line":27,"column":5}},"14":{"start":{"line":26,"column":6},"end":{"line":26,"column":24}},"15":{"start":{"line":29,"column":4},"end":{"line":29,"column":60}},"16":{"start":{"line":30,"column":4},"end":{"line":32,"column":6}},"17":{"start":{"line":31,"column":6},"end":{"line":31,"column":65}},"18":{"start":{"line":35,"column":23},"end":{"line":40,"column":3}},"19":{"start":{"line":36,"column":4},"end":{"line":36,"column":25}},"20":{"start":{"line":37,"column":4},"end":{"line":37,"column":25}},"21":{"start":{"line":38,"column":4},"end":{"line":38,"column":18}},"22":{"start":{"line":39,"column":4},"end":{"line":39,"column":29}},"23":{"start":{"line":42,"column":21},"end":{"line":44,"column":3}},"24":{"start":{"line":43,"column":4},"end":{"line":43,"column":31}},"25":{"start":{"line":46,"column":19},"end":{"line":48,"column":3}},"26":{"start":{"line":47,"column":4},"end":{"line":47,"column":38}},"27":{"start":{"line":50,"column":2},"end":{"line":305,"column":4}}},"fnMap":{"0":{"name":"(anonymous_0)","decl":{"start":{"line":5,"column":19},"end":{"line":5,"column":20}},"loc":{"start":{"line":5,"column":25},"end":{"line":306,"column":1}},"line":5},"1":{"name":"(anonymous_1)","decl":{"start":{"line":11,"column":12},"end":{"line":11,"column":13}},"loc":{"start":{"line":11,"column":18},"end":{"line":33,"column":3}},"line":11},"2":{"name":"(anonymous_2)","decl":{"start":{"line":13,"column":28},"end":{"line":13,"column":29}},"loc":{"start":{"line":13,"column":34},"end":{"line":20,"column":5}},"line":13},"3":{"name":"(anonymous_3)","decl":{"start":{"line":25,"column":32},"end":{"line":25,"column":33}},"loc":{"start":{"line":25,"column":38},"end":{"line":27,"column":5}},"line":25},"4":{"name":"(anonymous_4)","decl":{"start":{"line":30,"column":11},"end":{"line":30,"column":12}},"loc":{"start":{"line":30,"column":17},"end":{"line":32,"column":5}},"line":30},"5":{"name":"(anonymous_5)","decl":{"start":{"line":35,"column":23},"end":{"line":35,"column":24}},"loc":{"start":{"line":35,"column":29},"end":{"line":40,"column":3}},"line":35},"6":{"name":"(anonymous_6)","decl":{"start":{"line":42,"column":21},"end":{"line":42,"column":22}},"loc":{"start":{"line":42,"column":27},"end":{"line":44,"column":3}},"line":42},"7":{"name":"(anonymous_7)","decl":{"start":{"line":46,"column":19},"end":{"line":46,"column":20}},"loc":{"start":{"line":46,"column":37},"end":{"line":48,"column":3}},"line":46}},"branchMap":{"0":{"loc":{"start":{"line":16,"column":6},"end":{"line":19,"column":7}},"type":"if","locations":[{"start":{"line":16,"column":6},"end":{"line":19,"column":7}},{"start":{},"end":{}}],"line":16},"1":{"loc":{"start":{"line":69,"column":16},"end":{"line":71,"column":72}},"type":"cond-expr","locations":[{"start":{"line":70,"column":20},"end":{"line":70,"column":46}},{"start":{"line":71,"column":20},"end":{"line":71,"column":72}}],"line":69},"2":{"loc":{"start":{"line":79,"column":16},"end":{"line":81,"column":72}},"type":"cond-expr","locations":[{"start":{"line":80,"column":20},"end":{"line":80,"column":46}},{"start":{"line":81,"column":20},"end":{"line":81,"column":72}}],"line":79},"3":{"loc":{"start":{"line":107,"column":16},"end":{"line":109,"column":72}},"type":"cond-expr","locations":[{"start":{"line":108,"column":20},"end":{"line":108,"column":46}},{"start":{"line":109,"column":20},"end":{"line":109,"column":72}}],"line":107},"4":{"loc":{"start":{"line":125,"column":16},"end":{"line":127,"column":72}},"type":"cond-expr","locations":[{"start":{"line":126,"column":20},"end":{"line":126,"column":46}},{"start":{"line":127,"column":20},"end":{"line":127,"column":72}}],"line":125},"5":{"loc":{"start":{"line":136,"column":13},"end":{"line":163,"column":13}},"type":"cond-expr","locations":[{"start":{"line":137,"column":14},"end":{"line":147,"column":20}},{"start":{"line":149,"column":14},"end":{"line":162,"column":20}}],"line":136},"6":{"loc":{"start":{"line":139,"column":22},"end":{"line":139,"column":55}},"type":"binary-expr","locations":[{"start":{"line":139,"column":22},"end":{"line":139,"column":32}},{"start":{"line":139,"column":36},"end":{"line":139,"column":47}},{"start":{"line":139,"column":51},"end":{"line":139,"column":55}}],"line":139},"7":{"loc":{"start":{"line":191,"column":7},"end":{"line":303,"column":7}},"type":"binary-expr","locations":[{"start":{"line":191,"column":7},"end":{"line":191,"column":17}},{"start":{"line":192,"column":8},"end":{"line":302,"column":14}}],"line":191},"8":{"loc":{"start":{"line":197,"column":16},"end":{"line":199,"column":72}},"type":"cond-expr","locations":[{"start":{"line":198,"column":20},"end":{"line":198,"column":46}},{"start":{"line":199,"column":20},"end":{"line":199,"column":72}}],"line":197},"9":{"loc":{"start":{"line":207,"column":16},"end":{"line":209,"column":72}},"type":"cond-expr","locations":[{"start":{"line":208,"column":20},"end":{"line":208,"column":46}},{"start":{"line":209,"column":20},"end":{"line":209,"column":72}}],"line":207},"10":{"loc":{"start":{"line":235,"column":16},"end":{"line":237,"column":72}},"type":"cond-expr","locations":[{"start":{"line":236,"column":20},"end":{"line":236,"column":46}},{"start":{"line":237,"column":20},"end":{"line":237,"column":72}}],"line":235},"11":{"loc":{"start":{"line":253,"column":16},"end":{"line":255,"column":72}},"type":"cond-expr","locations":[{"start":{"line":254,"column":20},"end":{"line":254,"column":46}},{"start":{"line":255,"column":20},"end":{"line":255,"column":72}}],"line":253},"12":{"loc":{"start":{"line":263,"column":15},"end":{"line":299,"column":15}},"type":"cond-expr","locations":[{"start":{"line":264,"column":16},"end":{"line":283,"column":22}},{"start":{"line":285,"column":16},"end":{"line":298,"column":22}}],"line":263},"13":{"loc":{"start":{"line":268,"column":25},"end":{"line":268,"column":79}},"type":"binary-expr","locations":[{"start":{"line":268,"column":25},"end":{"line":268,"column":46}},{"start":{"line":268,"column":50},"end":{"line":268,"column":72}},{"start":{"line":268,"column":76},"end":{"line":268,"column":79}}],"line":268},"14":{"loc":{"start":{"line":274,"column":23},"end":{"line":274,"column":56}},"type":"binary-expr","locations":[{"start":{"line":274,"column":23},"end":{"line":274,"column":33}},{"start":{"line":274,"column":37},"end":{"line":274,"column":48}},{"start":{"line":274,"column":52},"end":{"line":274,"column":56}}],"line":274}},"s":{"0":0,"1":0,"2":0,"3":0,"4":0,"5":0,"6":0,"7":0,"8":0,"9":0,"10":0,"11":0,"12":0,"13":0,"14":0,"15":0,"16":0,"17":0,"18":0,"19":0,"20":0,"21":0,"22":0,"23":0,"24":0,"25":0,"26":0,"27":0},"f":{"0":0,"1":0,"2":0,"3":0,"4":0,"5":0,"6":0,"7":0},"b":{"0":[0,0],"1":[0,0],"2":[0,0],"3":[0,0],"4":[0,0],"5":[0,0],"6":[0,0,0],"7":[0,0],"8":[0,0],"9":[0,0],"10":[0,0],"11":[0,0],"12":[0,0],"13":[0,0,0],"14":[0,0,0]}}
,"/root/zhitoujianli/frontend/src/components/Pricing.tsx": {"path":"/root/zhitoujianli/frontend/src/components/Pricing.tsx","statementMap":{"0":{"start":{"line":7,"column":26},"end":{"line":203,"column":1}},"1":{"start":{"line":8,"column":23},"end":{"line":63,"column":3}},"2":{"start":{"line":65,"column":2},"end":{"line":202,"column":4}},"3":{"start":{"line":81,"column":12},"end":{"line":140,"column":18}},"4":{"start":{"line":115,"column":18},"end":{"line":130,"column":23}}},"fnMap":{"0":{"name":"(anonymous_0)","decl":{"start":{"line":7,"column":26},"end":{"line":7,"column":27}},"loc":{"start":{"line":7,"column":32},"end":{"line":203,"column":1}},"line":7},"1":{"name":"(anonymous_1)","decl":{"start":{"line":80,"column":28},"end":{"line":80,"column":29}},"loc":{"start":{"line":81,"column":12},"end":{"line":140,"column":18}},"line":81},"2":{"name":"(anonymous_2)","decl":{"start":{"line":114,"column":35},"end":{"line":114,"column":36}},"loc":{"start":{"line":115,"column":18},"end":{"line":130,"column":23}},"line":115}},"branchMap":{"0":{"loc":{"start":{"line":84,"column":16},"end":{"line":84,"column":68}},"type":"cond-expr","locations":[{"start":{"line":84,"column":31},"end":{"line":84,"column":63}},{"start":{"line":84,"column":66},"end":{"line":84,"column":68}}],"line":84},"1":{"loc":{"start":{"line":88,"column":15},"end":{"line":94,"column":15}},"type":"binary-expr","locations":[{"start":{"line":88,"column":15},"end":{"line":88,"column":27}},{"start":{"line":89,"column":16},"end":{"line":93,"column":22}}],"line":88}},"s":{"0":0,"1":0,"2":0,"3":0,"4":0},"f":{"0":0,"1":0,"2":0},"b":{"0":[0,0],"1":[0,0]}}
,"/root/zhitoujianli/frontend/src/components/PrivateRoute.tsx": {"path":"/root/zhitoujianli/frontend/src/components/PrivateRoute.tsx","statementMap":{"0":{"start":{"line":30,"column":50},"end":{"line":53,"column":1}},"1":{"start":{"line":31,"column":41},"end":{"line":31,"column":50}},"2":{"start":{"line":32,"column":19},"end":{"line":32,"column":32}},"3":{"start":{"line":35,"column":2},"end":{"line":44,"column":3}},"4":{"start":{"line":36,"column":4},"end":{"line":43,"column":6}},"5":{"start":{"line":47,"column":2},"end":{"line":49,"column":3}},"6":{"start":{"line":48,"column":4},"end":{"line":48,"column":71}},"7":{"start":{"line":52,"column":2},"end":{"line":52,"column":25}}},"fnMap":{"0":{"name":"(anonymous_0)","decl":{"start":{"line":30,"column":50},"end":{"line":30,"column":51}},"loc":{"start":{"line":30,"column":68},"end":{"line":53,"column":1}},"line":30}},"branchMap":{"0":{"loc":{"start":{"line":35,"column":2},"end":{"line":44,"column":3}},"type":"if","locations":[{"start":{"line":35,"column":2},"end":{"line":44,"column":3}},{"start":{},"end":{}}],"line":35},"1":{"loc":{"start":{"line":47,"column":2},"end":{"line":49,"column":3}},"type":"if","locations":[{"start":{"line":47,"column":2},"end":{"line":49,"column":3}},{"start":{},"end":{}}],"line":47}},"s":{"0":0,"1":0,"2":0,"3":0,"4":0,"5":0,"6":0,"7":0},"f":{"0":0},"b":{"0":[0,0],"1":[0,0]}}
,"/root/zhitoujianli/frontend/src/components/Register.tsx": {"path":"/root/zhitoujianli/frontend/src/components/Register.tsx","statementMap":{"0":{"start":{"line":14,"column":27},"end":{"line":411,"column":1}},"1":{"start":{"line":15,"column":28},"end":{"line":15,"column":40}},"2":{"start":{"line":16,"column":34},"end":{"line":16,"column":46}},"3":{"start":{"line":17,"column":48},"end":{"line":17,"column":60}},"4":{"start":{"line":19,"column":32},"end":{"line":19,"column":47}},"5":{"start":{"line":20,"column":28},"end":{"line":20,"column":40}},"6":{"start":{"line":21,"column":32},"end":{"line":21,"column":44}},"7":{"start":{"line":24,"column":50},"end":{"line":24,"column":62}},"8":{"start":{"line":25,"column":44},"end":{"line":25,"column":55}},"9":{"start":{"line":26,"column":34},"end":{"line":26,"column":49}},"10":{"start":{"line":27,"column":44},"end":{"line":27,"column":59}},"11":{"start":{"line":30,"column":2},"end":{"line":35,"column":22}},"12":{"start":{"line":31,"column":4},"end":{"line":34,"column":5}},"13":{"start":{"line":32,"column":20},"end":{"line":32,"column":79}},"14":{"start":{"line":32,"column":37},"end":{"line":32,"column":72}},"15":{"start":{"line":33,"column":6},"end":{"line":33,"column":39}},"16":{"start":{"line":33,"column":19},"end":{"line":33,"column":38}},"17":{"start":{"line":40,"column":37},"end":{"line":122,"column":3}},"18":{"start":{"line":41,"column":4},"end":{"line":44,"column":5}},"19":{"start":{"line":42,"column":6},"end":{"line":42,"column":27}},"20":{"start":{"line":43,"column":6},"end":{"line":43,"column":13}},"21":{"start":{"line":46,"column":4},"end":{"line":49,"column":5}},"22":{"start":{"line":47,"column":6},"end":{"line":47,"column":26}},"23":{"start":{"line":48,"column":6},"end":{"line":48,"column":13}},"24":{"start":{"line":51,"column":4},"end":{"line":121,"column":5}},"25":{"start":{"line":52,"column":6},"end":{"line":52,"column":23}},"26":{"start":{"line":53,"column":6},"end":{"line":53,"column":19}},"27":{"start":{"line":56,"column":21},"end":{"line":56,"column":71}},"28":{"start":{"line":58,"column":6},"end":{"line":58,"column":42}},"29":{"start":{"line":59,"column":6},"end":{"line":64,"column":9}},"30":{"start":{"line":66,"column":23},"end":{"line":74,"column":8}},"31":{"start":{"line":76,"column":6},"end":{"line":80,"column":9}},"32":{"start":{"line":82,"column":6},"end":{"line":88,"column":7}},"33":{"start":{"line":83,"column":26},"end":{"line":83,"column":47}},"34":{"start":{"line":84,"column":8},"end":{"line":84,"column":44}},"35":{"start":{"line":85,"column":8},"end":{"line":87,"column":10}},"36":{"start":{"line":90,"column":21},"end":{"line":90,"column":42}},"37":{"start":{"line":92,"column":6},"end":{"line":101,"column":7}},"38":{"start":{"line":93,"column":8},"end":{"line":93,"column":38}},"39":{"start":{"line":94,"column":8},"end":{"line":94,"column":26}},"40":{"start":{"line":95,"column":8},"end":{"line":95,"column":29}},"41":{"start":{"line":96,"column":8},"end":{"line":96,"column":32}},"42":{"start":{"line":97,"column":8},"end":{"line":97,"column":32}},"43":{"start":{"line":98,"column":8},"end":{"line":98,"column":39}},"44":{"start":{"line":100,"column":8},"end":{"line":100,"column":46}},"45":{"start":{"line":103,"column":6},"end":{"line":103,"column":37}},"46":{"start":{"line":104,"column":6},"end":{"line":104,"column":34}},"47":{"start":{"line":107,"column":6},"end":{"line":118,"column":7}},"48":{"start":{"line":108,"column":8},"end":{"line":108,"column":38}},"49":{"start":{"line":109,"column":13},"end":{"line":118,"column":7}},"50":{"start":{"line":113,"column":8},"end":{"line":113,"column":38}},"51":{"start":{"line":114,"column":13},"end":{"line":118,"column":7}},"52":{"start":{"line":115,"column":8},"end":{"line":115,"column":41}},"53":{"start":{"line":117,"column":8},"end":{"line":117,"column":31}},"54":{"start":{"line":120,"column":6},"end":{"line":120,"column":24}},"55":{"start":{"line":127,"column":32},"end":{"line":177,"column":3}},"56":{"start":{"line":128,"column":4},"end":{"line":131,"column":5}},"57":{"start":{"line":129,"column":6},"end":{"line":129,"column":29}},"58":{"start":{"line":130,"column":6},"end":{"line":130,"column":13}},"59":{"start":{"line":133,"column":4},"end":{"line":176,"column":5}},"60":{"start":{"line":134,"column":6},"end":{"line":134,"column":23}},"61":{"start":{"line":135,"column":6},"end":{"line":135,"column":19}},"62":{"start":{"line":138,"column":6},"end":{"line":138,"column":38}},"63":{"start":{"line":139,"column":6},"end":{"line":139,"column":37}},"64":{"start":{"line":140,"column":6},"end":{"line":140,"column":59}},"65":{"start":{"line":141,"column":6},"end":{"line":141,"column":43}},"66":{"start":{"line":142,"column":6},"end":{"line":142,"column":53}},"67":{"start":{"line":145,"column":24},"end":{"line":145,"column":63}},"68":{"start":{"line":147,"column":23},"end":{"line":154,"column":8}},"69":{"start":{"line":156,"column":21},"end":{"line":156,"column":42}},"70":{"start":{"line":158,"column":6},"end":{"line":163,"column":7}},"71":{"start":{"line":159,"column":8},"end":{"line":159,"column":31}},"72":{"start":{"line":160,"column":8},"end":{"line":160,"column":29}},"73":{"start":{"line":162,"column":8},"end":{"line":162,"column":46}},"74":{"start":{"line":165,"column":6},"end":{"line":165,"column":39}},"75":{"start":{"line":166,"column":6},"end":{"line":166,"column":49}},"76":{"start":{"line":169,"column":6},"end":{"line":173,"column":7}},"77":{"start":{"line":170,"column":8},"end":{"line":170,"column":44}},"78":{"start":{"line":172,"column":8},"end":{"line":172,"column":31}},"79":{"start":{"line":175,"column":6},"end":{"line":175,"column":24}},"80":{"start":{"line":182,"column":25},"end":{"line":234,"column":3}},"81":{"start":{"line":183,"column":4},"end":{"line":183,"column":23}},"82":{"start":{"line":184,"column":4},"end":{"line":184,"column":17}},"83":{"start":{"line":185,"column":4},"end":{"line":185,"column":19}},"84":{"start":{"line":188,"column":4},"end":{"line":191,"column":5}},"85":{"start":{"line":189,"column":6},"end":{"line":189,"column":29}},"86":{"start":{"line":190,"column":6},"end":{"line":190,"column":13}},"87":{"start":{"line":193,"column":4},"end":{"line":196,"column":5}},"88":{"start":{"line":194,"column":6},"end":{"line":194,"column":27}},"89":{"start":{"line":195,"column":6},"end":{"line":195,"column":13}},"90":{"start":{"line":198,"column":4},"end":{"line":201,"column":5}},"91":{"start":{"line":199,"column":6},"end":{"line":199,"column":25}},"92":{"start":{"line":200,"column":6},"end":{"line":200,"column":13}},"93":{"start":{"line":203,"column":4},"end":{"line":206,"column":5}},"94":{"start":{"line":204,"column":6},"end":{"line":204,"column":26}},"95":{"start":{"line":205,"column":6},"end":{"line":205,"column":13}},"96":{"start":{"line":208,"column":4},"end":{"line":211,"column":5}},"97":{"start":{"line":209,"column":6},"end":{"line":209,"column":28}},"98":{"start":{"line":210,"column":6},"end":{"line":210,"column":13}},"99":{"start":{"line":213,"column":4},"end":{"line":213,"column":21}},"100":{"start":{"line":215,"column":4},"end":{"line":233,"column":5}},"101":{"start":{"line":216,"column":21},"end":{"line":216,"column":64}},"102":{"start":{"line":218,"column":6},"end":{"line":227,"column":7}},"103":{"start":{"line":219,"column":8},"end":{"line":219,"column":40}},"104":{"start":{"line":222,"column":8},"end":{"line":224,"column":17}},"105":{"start":{"line":223,"column":10},"end":{"line":223,"column":42}},"106":{"start":{"line":226,"column":8},"end":{"line":226,"column":43}},"107":{"start":{"line":229,"column":23},"end":{"line":229,"column":66}},"108":{"start":{"line":230,"column":6},"end":{"line":230,"column":25}},"109":{"start":{"line":232,"column":6},"end":{"line":232,"column":24}},"110":{"start":{"line":236,"column":2},"end":{"line":410,"column":4}},"111":{"start":{"line":283,"column":33},"end":{"line":283,"column":57}},"112":{"start":{"line":312,"column":35},"end":{"line":312,"column":70}},"113":{"start":{"line":350,"column":31},"end":{"line":350,"column":58}},"114":{"start":{"line":369,"column":31},"end":{"line":369,"column":65}}},"fnMap":{"0":{"name":"(anonymous_0)","decl":{"start":{"line":14,"column":27},"end":{"line":14,"column":28}},"loc":{"start":{"line":14,"column":33},"end":{"line":411,"column":1}},"line":14},"1":{"name":"(anonymous_1)","decl":{"start":{"line":30,"column":12},"end":{"line":30,"column":13}},"loc":{"start":{"line":30,"column":18},"end":{"line":35,"column":3}},"line":30},"2":{"name":"(anonymous_2)","decl":{"start":{"line":32,"column":31},"end":{"line":32,"column":32}},"loc":{"start":{"line":32,"column":37},"end":{"line":32,"column":72}},"line":32},"3":{"name":"(anonymous_3)","decl":{"start":{"line":33,"column":13},"end":{"line":33,"column":14}},"loc":{"start":{"line":33,"column":19},"end":{"line":33,"column":38}},"line":33},"4":{"name":"(anonymous_4)","decl":{"start":{"line":40,"column":37},"end":{"line":40,"column":38}},"loc":{"start":{"line":40,"column":49},"end":{"line":122,"column":3}},"line":40},"5":{"name":"(anonymous_5)","decl":{"start":{"line":127,"column":32},"end":{"line":127,"column":33}},"loc":{"start":{"line":127,"column":44},"end":{"line":177,"column":3}},"line":127},"6":{"name":"(anonymous_6)","decl":{"start":{"line":182,"column":25},"end":{"line":182,"column":26}},"loc":{"start":{"line":182,"column":55},"end":{"line":234,"column":3}},"line":182},"7":{"name":"(anonymous_7)","decl":{"start":{"line":222,"column":19},"end":{"line":222,"column":20}},"loc":{"start":{"line":222,"column":25},"end":{"line":224,"column":9}},"line":222},"8":{"name":"(anonymous_8)","decl":{"start":{"line":283,"column":28},"end":{"line":283,"column":29}},"loc":{"start":{"line":283,"column":33},"end":{"line":283,"column":57}},"line":283},"9":{"name":"(anonymous_9)","decl":{"start":{"line":312,"column":30},"end":{"line":312,"column":31}},"loc":{"start":{"line":312,"column":35},"end":{"line":312,"column":70}},"line":312},"10":{"name":"(anonymous_10)","decl":{"start":{"line":350,"column":26},"end":{"line":350,"column":27}},"loc":{"start":{"line":350,"column":31},"end":{"line":350,"column":58}},"line":350},"11":{"name":"(anonymous_11)","decl":{"start":{"line":369,"column":26},"end":{"line":369,"column":27}},"loc":{"start":{"line":369,"column":31},"end":{"line":369,"column":65}},"line":369}},"branchMap":{"0":{"loc":{"start":{"line":31,"column":4},"end":{"line":34,"column":5}},"type":"if","locations":[{"start":{"line":31,"column":4},"end":{"line":34,"column":5}},{"start":{},"end":{}}],"line":31},"1":{"loc":{"start":{"line":41,"column":4},"end":{"line":44,"column":5}},"type":"if","locations":[{"start":{"line":41,"column":4},"end":{"line":44,"column":5}},{"start":{},"end":{}}],"line":41},"2":{"loc":{"start":{"line":46,"column":4},"end":{"line":49,"column":5}},"type":"if","locations":[{"start":{"line":46,"column":4},"end":{"line":49,"column":5}},{"start":{},"end":{}}],"line":46},"3":{"loc":{"start":{"line":82,"column":6},"end":{"line":88,"column":7}},"type":"if","locations":[{"start":{"line":82,"column":6},"end":{"line":88,"column":7}},{"start":{},"end":{}}],"line":82},"4":{"loc":{"start":{"line":86,"column":38},"end":{"line":86,"column":70}},"type":"binary-expr","locations":[{"start":{"line":86,"column":38},"end":{"line":86,"column":47}},{"start":{"line":86,"column":51},"end":{"line":86,"column":70}}],"line":86},"5":{"loc":{"start":{"line":92,"column":6},"end":{"line":101,"column":7}},"type":"if","locations":[{"start":{"line":92,"column":6},"end":{"line":101,"column":7}},{"start":{"line":99,"column":13},"end":{"line":101,"column":7}}],"line":92},"6":{"loc":{"start":{"line":100,"column":17},"end":{"line":100,"column":44}},"type":"binary-expr","locations":[{"start":{"line":100,"column":17},"end":{"line":100,"column":31}},{"start":{"line":100,"column":35},"end":{"line":100,"column":44}}],"line":100},"7":{"loc":{"start":{"line":107,"column":6},"end":{"line":118,"column":7}},"type":"if","locations":[{"start":{"line":107,"column":6},"end":{"line":118,"column":7}},{"start":{"line":109,"column":13},"end":{"line":118,"column":7}}],"line":107},"8":{"loc":{"start":{"line":107,"column":10},"end":{"line":107,"column":77}},"type":"binary-expr","locations":[{"start":{"line":107,"column":10},"end":{"line":107,"column":34}},{"start":{"line":107,"column":38},"end":{"line":107,"column":77}}],"line":107},"9":{"loc":{"start":{"line":109,"column":13},"end":{"line":118,"column":7}},"type":"if","locations":[{"start":{"line":109,"column":13},"end":{"line":118,"column":7}},{"start":{"line":114,"column":13},"end":{"line":118,"column":7}}],"line":109},"10":{"loc":{"start":{"line":110,"column":8},"end":{"line":111,"column":45}},"type":"binary-expr","locations":[{"start":{"line":110,"column":8},"end":{"line":110,"column":32}},{"start":{"line":111,"column":8},"end":{"line":111,"column":45}}],"line":110},"11":{"loc":{"start":{"line":114,"column":13},"end":{"line":118,"column":7}},"type":"if","locations":[{"start":{"line":114,"column":13},"end":{"line":118,"column":7}},{"start":{"line":116,"column":13},"end":{"line":118,"column":7}}],"line":114},"12":{"loc":{"start":{"line":128,"column":4},"end":{"line":131,"column":5}},"type":"if","locations":[{"start":{"line":128,"column":4},"end":{"line":131,"column":5}},{"start":{},"end":{}}],"line":128},"13":{"loc":{"start":{"line":128,"column":8},"end":{"line":128,"column":35}},"type":"binary-expr","locations":[{"start":{"line":128,"column":8},"end":{"line":128,"column":14}},{"start":{"line":128,"column":18},"end":{"line":128,"column":35}}],"line":128},"14":{"loc":{"start":{"line":158,"column":6},"end":{"line":163,"column":7}},"type":"if","locations":[{"start":{"line":158,"column":6},"end":{"line":163,"column":7}},{"start":{"line":161,"column":13},"end":{"line":163,"column":7}}],"line":158},"15":{"loc":{"start":{"line":162,"column":17},"end":{"line":162,"column":44}},"type":"binary-expr","locations":[{"start":{"line":162,"column":17},"end":{"line":162,"column":31}},{"start":{"line":162,"column":35},"end":{"line":162,"column":44}}],"line":162},"16":{"loc":{"start":{"line":169,"column":6},"end":{"line":173,"column":7}},"type":"if","locations":[{"start":{"line":169,"column":6},"end":{"line":173,"column":7}},{"start":{"line":171,"column":13},"end":{"line":173,"column":7}}],"line":169},"17":{"loc":{"start":{"line":188,"column":4},"end":{"line":191,"column":5}},"type":"if","locations":[{"start":{"line":188,"column":4},"end":{"line":191,"column":5}},{"start":{},"end":{}}],"line":188},"18":{"loc":{"start":{"line":193,"column":4},"end":{"line":196,"column":5}},"type":"if","locations":[{"start":{"line":193,"column":4},"end":{"line":196,"column":5}},{"start":{},"end":{}}],"line":193},"19":{"loc":{"start":{"line":198,"column":4},"end":{"line":201,"column":5}},"type":"if","locations":[{"start":{"line":198,"column":4},"end":{"line":201,"column":5}},{"start":{},"end":{}}],"line":198},"20":{"loc":{"start":{"line":203,"column":4},"end":{"line":206,"column":5}},"type":"if","locations":[{"start":{"line":203,"column":4},"end":{"line":206,"column":5}},{"start":{},"end":{}}],"line":203},"21":{"loc":{"start":{"line":208,"column":4},"end":{"line":211,"column":5}},"type":"if","locations":[{"start":{"line":208,"column":4},"end":{"line":211,"column":5}},{"start":{},"end":{}}],"line":208},"22":{"loc":{"start":{"line":218,"column":6},"end":{"line":227,"column":7}},"type":"if","locations":[{"start":{"line":218,"column":6},"end":{"line":227,"column":7}},{"start":{"line":225,"column":13},"end":{"line":227,"column":7}}],"line":218},"23":{"loc":{"start":{"line":226,"column":17},"end":{"line":226,"column":41}},"type":"binary-expr","locations":[{"start":{"line":226,"column":17},"end":{"line":226,"column":31}},{"start":{"line":226,"column":35},"end":{"line":226,"column":41}}],"line":226},"24":{"loc":{"start":{"line":229,"column":23},"end":{"line":229,"column":66}},"type":"binary-expr","locations":[{"start":{"line":229,"column":23},"end":{"line":229,"column":50}},{"start":{"line":229,"column":54},"end":{"line":229,"column":66}}],"line":229},"25":{"loc":{"start":{"line":254,"column":11},"end":{"line":258,"column":11}},"type":"binary-expr","locations":[{"start":{"line":254,"column":11},"end":{"line":254,"column":16}},{"start":{"line":255,"column":12},"end":{"line":257,"column":18}}],"line":254},"26":{"loc":{"start":{"line":261,"column":11},"end":{"line":265,"column":11}},"type":"binary-expr","locations":[{"start":{"line":261,"column":11},"end":{"line":261,"column":18}},{"start":{"line":262,"column":12},"end":{"line":264,"column":18}}],"line":261},"27":{"loc":{"start":{"line":290,"column":28},"end":{"line":290,"column":56}},"type":"binary-expr","locations":[{"start":{"line":290,"column":28},"end":{"line":290,"column":35}},{"start":{"line":290,"column":39},"end":{"line":290,"column":56}}],"line":290},"28":{"loc":{"start":{"line":293,"column":19},"end":{"line":293,"column":68}},"type":"cond-expr","locations":[{"start":{"line":293,"column":39},"end":{"line":293,"column":58}},{"start":{"line":293,"column":61},"end":{"line":293,"column":68}}],"line":293},"29":{"loc":{"start":{"line":298,"column":13},"end":{"line":336,"column":13}},"type":"binary-expr","locations":[{"start":{"line":298,"column":13},"end":{"line":298,"column":21}},{"start":{"line":299,"column":14},"end":{"line":335,"column":20}}],"line":298},"30":{"loc":{"start":{"line":321,"column":30},"end":{"line":321,"column":75}},"type":"binary-expr","locations":[{"start":{"line":321,"column":30},"end":{"line":321,"column":47}},{"start":{"line":321,"column":51},"end":{"line":321,"column":58}},{"start":{"line":321,"column":62},"end":{"line":321,"column":75}}],"line":321},"31":{"loc":{"start":{"line":324,"column":21},"end":{"line":324,"column":49}},"type":"cond-expr","locations":[{"start":{"line":324,"column":37},"end":{"line":324,"column":42}},{"start":{"line":324,"column":45},"end":{"line":324,"column":49}}],"line":324},"32":{"loc":{"start":{"line":330,"column":17},"end":{"line":334,"column":17}},"type":"binary-expr","locations":[{"start":{"line":330,"column":17},"end":{"line":330,"column":30}},{"start":{"line":331,"column":18},"end":{"line":333,"column":22}}],"line":330},"33":{"loc":{"start":{"line":381,"column":15},"end":{"line":381,"column":40}},"type":"cond-expr","locations":[{"start":{"line":381,"column":25},"end":{"line":381,"column":33}},{"start":{"line":381,"column":36},"end":{"line":381,"column":40}}],"line":381}},"s":{"0":0,"1":0,"2":0,"3":0,"4":0,"5":0,"6":0,"7":0,"8":0,"9":0,"10":0,"11":0,"12":0,"13":0,"14":0,"15":0,"16":0,"17":0,"18":0,"19":0,"20":0,"21":0,"22":0,"23":0,"24":0,"25":0,"26":0,"27":0,"28":0,"29":0,"30":0,"31":0,"32":0,"33":0,"34":0,"35":0,"36":0,"37":0,"38":0,"39":0,"40":0,"41":0,"42":0,"43":0,"44":0,"45":0,"46":0,"47":0,"48":0,"49":0,"50":0,"51":0,"52":0,"53":0,"54":0,"55":0,"56":0,"57":0,"58":0,"59":0,"60":0,"61":0,"62":0,"63":0,"64":0,"65":0,"66":0,"67":0,"68":0,"69":0,"70":0,"71":0,"72":0,"73":0,"74":0,"75":0,"76":0,"77":0,"78":0,"79":0,"80":0,"81":0,"82":0,"83":0,"84":0,"85":0,"86":0,"87":0,"88":0,"89":0,"90":0,"91":0,"92":0,"93":0,"94":0,"95":0,"96":0,"97":0,"98":0,"99":0,"100":0,"101":0,"102":0,"103":0,"104":0,"105":0,"106":0,"107":0,"108":0,"109":0,"110":0,"111":0,"112":0,"113":0,"114":0},"f":{"0":0,"1":0,"2":0,"3":0,"4":0,"5":0,"6":0,"7":0,"8":0,"9":0,"10":0,"11":0},"b":{"0":[0,0],"1":[0,0],"2":[0,0],"3":[0,0],"4":[0,0],"5":[0,0],"6":[0,0],"7":[0,0],"8":[0,0],"9":[0,0],"10":[0,0],"11":[0,0],"12":[0,0],"13":[0,0],"14":[0,0],"15":[0,0],"16":[0,0],"17":[0,0],"18":[0,0],"19":[0,0],"20":[0,0],"21":[0,0],"22":[0,0],"23":[0,0],"24":[0,0],"25":[0,0],"26":[0,0],"27":[0,0],"28":[0,0],"29":[0,0],"30":[0,0,0],"31":[0,0],"32":[0,0],"33":[0,0]}}
[...]
":42,"column":6},"end":{"line":45,"column":7}},"type":"if","locations":[{"start":{"line":42,"column":6},"end":{"line":45,"column":7}},{"start":{},"end":{}}],"line":42},"2":{"loc":{"start":{"line":77,"column":10},"end":{"line":88,"column":11}},"type":"if","locations":[{"start":{"line":77,"column":10},"end":{"line":88,"column":11}},{"start":{},"end":{}}],"line":77},"3":{"loc":{"start":{"line":78,"column":12},"end":{"line":79,"column":31}},"type":"binary-expr","locations":[{"start":{"line":78,"column":12},"end":{"line":78,"column":62}},{"start":{"line":79,"column":12},"end":{"line":79,"column":31}}],"line":78},"4":{"loc":{"start":{"line":113,"column":4},"end":{"line":116,"column":5}},"type":"if","locations":[{"start":{"line":113,"column":4},"end":{"line":116,"column":5}},{"start":{},"end":{}}],"line":113},"5":{"loc":{"start":{"line":125,"column":4},"end":{"line":129,"column":5}},"type":"if","locations":[{"start":{"line":125,"column":4},"end":{"line":129,"column":5}},{"start":{"line":127,"column":11},"end":{"line":129,"column":5}}],"line":125},"6":{"loc":{"start":{"line":136,"column":4},"end":{"line":138,"column":5}},"type":"if","locations":[{"start":{"line":136,"column":4},"end":{"line":138,"column":5}},{"start":{},"end":{}}],"line":136},"7":{"loc":{"start":{"line":147,"column":4},"end":{"line":157,"column":5}},"type":"if","locations":[{"start":{"line":147,"column":4},"end":{"line":157,"column":5}},{"start":{},"end":{}}],"line":147},"8":{"loc":{"start":{"line":149,"column":6},"end":{"line":151,"column":7}},"type":"if","locations":[{"start":{"line":149,"column":6},"end":{"line":151,"column":7}},{"start":{},"end":{}}],"line":149},"9":{"loc":{"start":{"line":154,"column":6},"end":{"line":156,"column":7}},"type":"if","locations":[{"start":{"line":154,"column":6},"end":{"line":156,"column":7}},{"start":{},"end":{}}],"line":154},"10":{"loc":{"start":{"line":180,"column":4},"end":{"line":188,"column":5}},"type":"if","locations":[{"start":{"line":180,"column":4},"end":{"line":188,"column":5}},{"start":{},"end":{}}],"line":180},"11":{"loc":{"start":{"line":195,"column":4},"end":{"line":195,"column":34}},"type":"if","locations":[{"start":{"line":195,"column":4},"end":{"line":195,"column":34}},{"start":{},"end":{}}],"line":195},"12":{"loc":{"start":{"line":196,"column":4},"end":{"line":207,"column":5}},"type":"switch","locations":[{"start":{"line":197,"column":6},"end":{"line":198,"column":28}},{"start":{"line":199,"column":6},"end":{"line":200,"column":22}},{"start":{"line":201,"column":6},"end":{"line":202,"column":25}},{"start":{"line":203,"column":6},"end":{"line":204,"column":24}},{"start":{"line":205,"column":6},"end":{"line":206,"column":24}}],"line":196}},"s":{"0":0,"1":0,"2":0,"3":0,"4":0,"5":0,"6":0,"7":0,"8":0,"9":0,"10":0,"11":0,"12":0,"13":0,"14":0,"15":0,"16":0,"17":0,"18":0,"19":0,"20":0,"21":0,"22":0,"23":0,"24":0,"25":0,"26":0,"27":0,"28":0,"29":0,"30":0,"31":0,"32":0,"33":0,"34":0,"35":0,"36":0,"37":0,"38":0,"39":0,"40":0,"41":0,"42":0,"43":0,"44":0,"45":0,"46":0,"47":0,"48":0,"49":0,"50":0,"51":0,"52":0,"53":0,"54":0,"55":0,"56":0,"57":0,"58":0,"59":0,"60":0,"61":0,"62":0,"63":0,"64":0,"65":0,"66":0,"67":0,"68":0,"69":0,"70":0,"71":0,"72":0,"73":0,"74":0,"75":0,"76":0,"77":0,"78":0,"79":0,"80":0,"81":0,"82":0,"83":0,"84":0,"85":0,"86":0,"87":0,"88":0,"89":0,"90":0,"91":0,"92":0,"93":0,"94":0,"95":0,"96":0,"97":0},"f":{"0":0,"1":0,"2":0,"3":0,"4":0,"5":0,"6":0,"7":0,"8":0,"9":0,"10":0,"11":0,"12":0,"13":0,"14":0,"15":0,"16":0,"17":0,"18":0,"19":0,"20":0,"21":0,"22":0,"23":0,"24":0,"25":0,"26":0,"27":0,"28":0,"29":0,"30":0,"31":0,"32":0,"33":0},"b":{"0":[0,0],"1":[0,0],"2":[0,0],"3":[0,0],"4":[0,0],"5":[0,0],"6":[0,0],"7":[0,0],"8":[0,0],"9":[0,0],"10":[0,0],"11":[0,0],"12":[0,0,0,0,0]}}
,"/root/zhitoujianli/frontend/src/types/api.ts": {"path":"/root/zhitoujianli/frontend/src/types/api.ts","statementMap":{},"fnMap":{},"branchMap":{},"s":{},"f":{},"b":{}}
,"/root/zhitoujianli/frontend/src/utils/apiValidator.ts": {"path":"/root/zhitoujianli/frontend/src/utils/apiValidator.ts","statementMap":{"0":{"start":{"line":19,"column":2},"end":{"line":22,"column":3}},"1":{"start":{"line":20,"column":4},"end":{"line":20,"column":41}},"2":{"start":{"line":21,"column":4},"end":{"line":21,"column":17}},"3":{"start":{"line":25,"column":2},"end":{"line":28,"column":3}},"4":{"start":{"line":26,"column":4},"end":{"line":26,"column":50}},"5":{"start":{"line":27,"column":4},"end":{"line":27,"column":17}},"6":{"start":{"line":30,"column":2},"end":{"line":33,"column":3}},"7":{"start":{"line":31,"column":4},"end":{"line":31,"column":53}},"8":{"start":{"line":32,"column":4},"end":{"line":32,"column":17}},"9":{"start":{"line":35,"column":2},"end":{"line":38,"column":3}},"10":{"start":{"line":36,"column":4},"end":{"line":36,"column":55}},"11":{"start":{"line":37,"column":4},"end":{"line":37,"column":17}},"12":{"start":{"line":41,"column":2},"end":{"line":44,"column":3}},"13":{"start":{"line":42,"column":4},"end":{"line":42,"column":45}},"14":{"start":{"line":43,"column":4},"end":{"line":43,"column":17}},"15":{"start":{"line":47,"column":2},"end":{"line":50,"column":3}},"16":{"start":{"line":48,"column":4},"end":{"line":48,"column":51}},"17":{"start":{"line":49,"column":4},"end":{"line":49,"column":17}},"18":{"start":{"line":52,"column":2},"end":{"line":52,"column":14}},"19":{"start":{"line":61,"column":2},"end":{"line":63,"column":5}},"20":{"start":{"line":62,"column":4},"end":{"line":62,"column":55}},"21":{"start":{"line":72,"column":2},"end":{"line":74,"column":5}},"22":{"start":{"line":73,"column":4},"end":{"line":73,"column":44}},"23":{"start":{"line":85,"column":2},"end":{"line":87,"column":3}},"24":{"start":{"line":86,"column":4},"end":{"line":86,"column":25}},"25":{"start":{"line":88,"column":2},"end":{"line":88,"column":18}},"26":{"start":{"line":99,"column":2},"end":{"line":110,"column":7}},"27":{"start":{"line":101,"column":6},"end":{"line":103,"column":7}},"28":{"start":{"line":102,"column":8},"end":{"line":102,"column":29}},"29":{"start":{"line":104,"column":6},"end":{"line":104,"column":55}},"30":{"start":{"line":105,"column":6},"end":{"line":105,"column":22}},"31":{"start":{"line":108,"column":6},"end":{"line":108,"column":39}},"32":{"start":{"line":109,"column":6},"end":{"line":109,"column":22}},"33":{"start":{"line":121,"column":2},"end":{"line":125,"column":4}},"34":{"start":{"line":132,"column":2},"end":{"line":132,"column":36}},"35":{"start":{"line":139,"column":2},"end":{"line":139,"column":35}},"36":{"start":{"line":146,"column":2},"end":{"line":146,"column":52}},"37":{"start":{"line":153,"column":2},"end":{"line":153,"column":53}}},"fnMap":{"0":{"name":"validateApiResponse","decl":{"start":{"line":14,"column":16},"end":{"line":14,"column":35}},"loc":{"start":{"line":17,"column":30},"end":{"line":53,"column":1}},"line":17},"1":{"name":"validateResumeCheckResponse","decl":{"start":{"line":58,"column":16},"end":{"line":58,"column":43}},"loc":{"start":{"line":60,"column":51},"end":{"line":64,"column":1}},"line":60},"2":{"name":"(anonymous_2)","decl":{"start":{"line":61,"column":39},"end":{"line":61,"column":40}},"loc":{"start":{"line":61,"column":47},"end":{"line":63,"column":3}},"line":61},"3":{"name":"validateResumeInfoResponse","decl":{"start":{"line":69,"column":16},"end":{"line":69,"column":42}},"loc":{"start":{"line":71,"column":32},"end":{"line":75,"column":1}},"line":71},"4":{"name":"(anonymous_4)","decl":{"start":{"line":72,"column":39},"end":{"line":72,"column":40}},"loc":{"start":{"line":72,"column":47},"end":{"line":74,"column":3}},"line":72},"5":{"name":"safeGetApiData","decl":{"start":{"line":80,"column":16},"end":{"line":80,"column":30}},"loc":{"start":{"line":84,"column":5},"end":{"line":89,"column":1}},"line":84},"6":{"name":"createSafeApiCall","decl":{"start":{"line":94,"column":16},"end":{"line":94,"column":33}},"loc":{"start":{"line":98,"column":14},"end":{"line":111,"column":1}},"line":98},"7":{"name":"(anonymous_7)","decl":{"start":{"line":100,"column":10},"end":{"line":100,"column":11}},"loc":{"start":{"line":100,"column":22},"end":{"line":106,"column":5}},"line":100},"8":{"name":"(anonymous_8)","decl":{"start":{"line":107,"column":11},"end":{"line":107,"column":12}},"loc":{"start":{"line":107,"column":20},"end":{"line":110,"column":5}},"line":107},"9":{"name":"hasValidProperty","decl":{"start":{"line":116,"column":16},"end":{"line":116,"column":32}},"loc":{"start":{"line":120,"column":40},"end":{"line":126,"column":1}},"line":120},"10":{"name":"isBoolean","decl":{"start":{"line":131,"column":16},"end":{"line":131,"column":25}},"loc":{"start":{"line":131,"column":56},"end":{"line":133,"column":1}},"line":131},"11":{"name":"isString","decl":{"start":{"line":138,"column":16},"end":{"line":138,"column":24}},"loc":{"start":{"line":138,"column":54},"end":{"line":140,"column":1}},"line":138},"12":{"name":"isNumber","decl":{"start":{"line":145,"column":16},"end":{"line":145,"column":24}},"loc":{"start":{"line":145,"column":54},"end":{"line":147,"column":1}},"line":145},"13":{"name":"isObject","decl":{"start":{"line":152,"column":16},"end":{"line":152,"column":24}},"loc":{"start":{"line":152,"column":54},"end":{"line":154,"column":1}},"line":152}},"branchMap":{"0":{"loc":{"start":{"line":19,"column":2},"end":{"line":22,"column":3}},"type":"if","locations":[{"start":{"line":19,"column":2},"end":{"line":22,"column":3}},{"start":{},"end":{}}],"line":19},"1":{"loc":{"start":{"line":19,"column":6},"end":{"line":19,"column":47}},"type":"binary-expr","locations":[{"start":{"line":19,"column":6},"end":{"line":19,"column":15}},{"start":{"line":19,"column":19},"end":{"line":19,"column":47}}],"line":19},"2":{"loc":{"start":{"line":25,"column":2},"end":{"line":28,"column":3}},"type":"if","locations":[{"start":{"line":25,"column":2},"end":{"line":28,"column":3}},{"start":{},"end":{}}],"line":25},"3":{"loc":{"start":{"line":30,"column":2},"end":{"line":33,"column":3}},"type":"if","locations":[{"start":{"line":30,"column":2},"end":{"line":33,"column":3}},{"start":{},"end":{}}],"line":30},"4":{"loc":{"start":{"line":35,"column":2},"end":{"line":38,"column":3}},"type":"if","locations":[{"start":{"line":35,"column":2},"end":{"line":38,"column":3}},{"start":{},"end":{}}],"line":35},"5":{"loc":{"start":{"line":41,"column":2},"end":{"line":44,"column":3}},"type":"if","locations":[{"start":{"line":41,"column":2},"end":{"line":44,"column":3}},{"start":{},"end":{}}],"line":41},"6":{"loc":{"start":{"line":47,"column":2},"end":{"line":50,"column":3}},"type":"if","locations":[{"start":{"line":47,"column":2},"end":{"line":50,"column":3}},{"start":{},"end":{}}],"line":47},"7":{"loc":{"start":{"line":47,"column":6},"end":{"line":47,"column":60}},"type":"binary-expr","locations":[{"start":{"line":47,"column":6},"end":{"line":47,"column":23}},{"start":{"line":47,"column":27},"end":{"line":47,"column":60}}],"line":47},"8":{"loc":{"start":{"line":62,"column":11},"end":{"line":62,"column":54}},"type":"binary-expr","locations":[{"start":{"line":62,"column":11},"end":{"line":62,"column":15}},{"start":{"line":62,"column":19},"end":{"line":62,"column":54}}],"line":62},"9":{"loc":{"start":{"line":73,"column":11},"end":{"line":73,"column":43}},"type":"binary-expr","locations":[{"start":{"line":73,"column":11},"end":{"line":73,"column":15}},{"start":{"line":73,"column":19},"end":{"line":73,"column":43}}],"line":73},"10":{"loc":{"start":{"line":85,"column":2},"end":{"line":87,"column":3}},"type":"if","locations":[{"start":{"line":85,"column":2},"end":{"line":87,"column":3}},{"start":{},"end":{}}],"line":85},"11":{"loc":{"start":{"line":101,"column":6},"end":{"line":103,"column":7}},"type":"if","locations":[{"start":{"line":101,"column":6},"end":{"line":103,"column":7}},{"start":{},"end":{}}],"line":101},"12":{"loc":{"start":{"line":122,"column":4},"end":{"line":124,"column":28}},"type":"binary-expr","locations":[{"start":{"line":122,"column":4},"end":{"line":122,"column":7}},{"start":{"line":123,"column":4},"end":{"line":123,"column":55}},{"start":{"line":124,"column":4},"end":{"line":124,"column":28}}],"line":122},"13":{"loc":{"start":{"line":146,"column":9},"end":{"line":146,"column":51}},"type":"binary-expr","locations":[{"start":{"line":146,"column":9},"end":{"line":146,"column":34}},{"start":{"line":146,"column":38},"end":{"line":146,"column":51}}],"line":146},"14":{"loc":{"start":{"line":153,"column":9},"end":{"line":153,"column":52}},"type":"binary-expr","locations":[{"start":{"line":153,"column":9},"end":{"line":153,"column":23}},{"start":{"line":153,"column":27},"end":{"line":153,"column":52}}],"line":153}},"s":{"0":16,"1":3,"2":3,"3":13,"4":2,"5":2,"6":11,"7":3,"8":3,"9":8,"10":0,"11":0,"12":8,"13":1,"14":1,"15":7,"16":4,"17":4,"18":3,"19":8,"20":6,"21":0,"22":0,"23":3,"24":1,"25":2,"26":0,"27":0,"28":0,"29":0,"30":0,"31":0,"32":0,"33":0,"34":0,"35":0,"36":0,"37":0},"f":{"0":16,"1":8,"2":6,"3":0,"4":0,"5":3,"6":0,"7":0,"8":0,"9":0,"10":0,"11":0,"12":0,"13":0},"b":{"0":[3,13],"1":[16,13],"2":[2,11],"3":[3,8],"4":[0,8],"5":[1,7],"6":[4,3],"7":[7,6],"8":[6,6],"9":[0,0],"10":[1,2],"11":[0,0],"12":[0,0,0],"13":[0,0],"14":[0,0]},"_coverageSchema":"1a1c01bbd47fc00a2c39e90264f33305004495a9","hash":"c368701d62a4b00c0e7e5c2a79b87205bf6b861a"}
,"/root/zhitoujianli/frontend/src/utils/logger.ts": {"path":"/root/zhitoujianli/frontend/src/utils/logger.ts","statementMap":{"0":{"start":{"line":27,"column":48},"end":{"line":33,"column":1}},"1":{"start":{"line":38,"column":19},"end":{"line":43,"column":1}},"2":{"start":{"line":53,"column":4},"end":{"line":53,"column":67}},"3":{"start":{"line":54,"column":4},"end":{"line":54,"column":38}},"4":{"start":{"line":61,"column":22},"end":{"line":61,"column":46}},"5":{"start":{"line":62,"column":4},"end":{"line":62,"column":64}},"6":{"start":{"line":74,"column":4},"end":{"line":76,"column":5}},"7":{"start":{"line":75,"column":6},"end":{"line":75,"column":13}},"8":{"start":{"line":78,"column":29},"end":{"line":78,"column":67}},"9":{"start":{"line":79,"column":18},"end":{"line":79,"column":66}},"10":{"start":{"line":81,"column":4},"end":{"line":94,"column":5}},"11":{"start":{"line":83,"column":8},"end":{"line":83,"column":75}},"12":{"start":{"line":84,"column":8},"end":{"line":84,"column":14}},"13":{"start":{"line":86,"column":8},"end":{"line":86,"column":74}},"14":{"start":{"line":87,"column":8},"end":{"line":87,"column":14}},"15":{"start":{"line":89,"column":8},"end":{"line":89,"column":74}},"16":{"start":{"line":90,"column":8},"end":{"line":90,"column":14}},"17":{"start":{"line":92,"column":8},"end":{"line":92,"column":75}},"18":{"start":{"line":93,"column":8},"end":{"line":93,"column":14}},"19":{"start":{"line":102,"column":4},"end":{"line":102,"column":56}},"20":{"start":{"line":110,"column":4},"end":{"line":110,"column":54}},"21":{"start":{"line":118,"column":4},"end":{"line":118,"column":54}},"22":{"start":{"line":126,"column":4},"end":{"line":126,"column":56}},"23":{"start":{"line":133,"column":4},"end":{"line":133,"column":41}},"24":{"start":{"line":140,"column":4},"end":{"line":140,"column":23}},"25":{"start":{"line":147,"column":4},"end":{"line":147,"column":27}},"26":{"start":{"line":161,"column":4},"end":{"line":161,"column":62}},"27":{"start":{"line":165,"column":4},"end":{"line":165,"column":61}},"28":{"start":{"line":169,"column":4},"end":{"line":169,"column":61}},"29":{"start":{"line":173,"column":4},"end":{"line":173,"column":62}},"30":{"start":{"line":180,"column":15},"end":{"line":180,"column":27}},"31":{"start":{"line":187,"column":19},"end":{"line":193,"column":1}}},"fnMap":{"0":{"name":"(anonymous_0)","decl":{"start":{"line":52,"column":2},"end":{"line":52,"column":3}},"loc":{"start":{"line":52,"column":16},"end":{"line":55,"column":3}},"line":52},"1":{"name":"(anonymous_1)","decl":{"start":{"line":60,"column":2},"end":{"line":60,"column":3}},"loc":{"start":{"line":60,"column":64},"end":{"line":63,"column":3}},"line":60},"2":{"name":"(anonymous_2)","decl":{"start":{"line":68,"column":2},"end":{"line":68,"column":3}},"loc":{"start":{"line":73,"column":10},"end":{"line":95,"column":3}},"line":73},"3":{"name":"(anonymous_3)","decl":{"start":{"line":101,"column":2},"end":{"line":101,"column":3}},"loc":{"start":{"line":101,"column":47},"end":{"line":103,"column":3}},"line":101},"4":{"name":"(anonymous_4)","decl":{"start":{"line":109,"column":2},"end":{"line":109,"column":3}},"loc":{"start":{"line":109,"column":46},"end":{"line":111,"column":3}},"line":109},"5":{"name":"(anonymous_5)","decl":{"start":{"line":117,"column":2},"end":{"line":117,"column":3}},"loc":{"start":{"line":117,"column":46},"end":{"line":119,"column":3}},"line":117},"6":{"name":"(anonymous_6)","decl":{"start":{"line":125,"column":2},"end":{"line":125,"column":3}},"loc":{"start":{"line":125,"column":47},"end":{"line":127,"column":3}},"line":125},"7":{"name":"(anonymous_7)","decl":{"start":{"line":132,"column":2},"end":{"line":132,"column":3}},"loc":{"start":{"line":132,"column":43},"end":{"line":134,"column":3}},"line":132},"8":{"name":"(anonymous_8)","decl":{"start":{"line":139,"column":2},"end":{"line":139,"column":3}},"loc":{"start":{"line":139,"column":34},"end":{"line":141,"column":3}},"line":139},"9":{"name":"(anonymous_9)","decl":{"start":{"line":146,"column":2},"end":{"line":146,"column":3}},"loc":{"start":{"line":146,"column":37},"end":{"line":148,"column":3}},"line":146},"10":{"name":"(anonymous_10)","decl":{"start":{"line":155,"column":2},"end":{"line":155,"column":3}},"loc":{"start":{"line":158,"column":4},"end":{"line":158,"column":6}},"line":158},"11":{"name":"(anonymous_11)","decl":{"start":{"line":160,"column":2},"end":{"line":160,"column":3}},"loc":{"start":{"line":160,"column":47},"end":{"line":162,"column":3}},"line":160},"12":{"name":"(anonymous_12)","decl":{"start":{"line":164,"column":2},"end":{"line":164,"column":3}},"loc":{"start":{"line":164,"column":46},"end":{"line":166,"column":3}},"line":164},"13":{"name":"(anonymous_13)","decl":{"start":{"line":168,"column":2},"end":{"line":168,"column":3}},"loc":{"start":{"line":168,"column":46},"end":{"line":170,"column":3}},"line":168},"14":{"name":"(anonymous_14)","decl":{"start":{"line":172,"column":2},"end":{"line":172,"column":3}},"loc":{"start":{"line":172,"column":47},"end":{"line":174,"column":3}},"line":172}},"branchMap":{"0":{"loc":{"start":{"line":53,"column":17},"end":{"line":53,"column":66}},"type":"binary-expr","locations":[{"start":{"line":53,"column":17},"end":{"line":53,"column":48}},{"start":{"line":53,"column":52},"end":{"line":53,"column":66}}],"line":53},"1":{"loc":{"start":{"line":74,"column":4},"end":{"line":76,"column":5}},"type":"if","locations":[{"start":{"line":74,"column":4},"end":{"line":76,"column":5}},{"start":{},"end":{}}],"line":74},"2":{"loc":{"start":{"line":74,"column":8},"end":{"line":74,"column":43}},"type":"binary-expr","locations":[{"start":{"line":74,"column":8},"end":{"line":74,"column":21}},{"start":{"line":74,"column":25},"end":{"line":74,"column":43}}],"line":74},"3":{"loc":{"start":{"line":81,"column":4},"end":{"line":94,"column":5}},"type":"switch","locations":[{"start":{"line":82,"column":6},"end":{"line":84,"column":14}},{"start":{"line":85,"column":6},"end":{"line":87,"column":14}},{"start":{"line":88,"column":6},"end":{"line":90,"column":14}},{"start":{"line":91,"column":6},"end":{"line":93,"column":14}}],"line":81}},"s":{"0":2,"1":2,"2":2,"3":2,"4":23760,"5":23760,"6":34680,"7":10920,"8":23760,"9":23760,"10":23760,"11":23372,"12":23370,"13":168,"14":168,"15":113,"16":113,"17":107,"18":107,"19":34229,"20":224,"21":117,"22":110,"23":2008,"24":1178,"25":174,"26":2003,"27":5,"28":2,"29":0,"30":2,"31":2},"f":{"0":2,"1":23760,"2":34680,"3":34229,"4":224,"5":117,"6":110,"7":2008,"8":1178,"9":174,"10":2008,"11":2003,"12":5,"13":2,"14":0},"b":{"0":[2,2],"1":[10920,23760],"2":[34680,34625],"3":[23372,168,113,107]},"_coverageSchema":"1a1c01bbd47fc00a2c39e90264f33305004495a9","hash":"e6e1335b5d089414b6c6ca46d0783de75ebf5a4d"}
}
